2020/07/17 16:11:56.319 [I] [asm_amd64.s:1373]  Admin server Running on :8088
2020/07/17 16:11:56.319 [I] [asm_amd64.s:1373]  http server Running on http://:8080
2020/07/17 16:13:09.547 [I] [asm_amd64.s:1373]  Admin server Running on :8088
2020/07/17 16:13:09.547 [I] [asm_amd64.s:1373]  http server Running on http://:8080
2020/07/17 16:19:08.771 [I] [asm_amd64.s:1373]  Admin server Running on :8088
2020/07/17 16:19:08.771 [I] [asm_amd64.s:1373]  http server Running on http://:8080
2020/07/17 16:19:16.809 [I] [asm_amd64.s:1373]  http server Running on http://:8080
2020/07/17 16:19:16.809 [I] [asm_amd64.s:1373]  Admin server Running on :8088
2020/07/17 16:20:47.373 [I] [asm_amd64.s:1373]  http server Running on http://:8080
2020/07/17 16:20:47.374 [I] [asm_amd64.s:1373]  Admin server Running on :8088
2020/07/17 16:20:49.275 [I] [asm_amd64.s:1373]  http server Running on http://:8080
2020/07/17 16:20:49.275 [I] [asm_amd64.s:1373]  Admin server Running on :8088
2020/07/17 16:21:00.152 [A] [core.go:7]  cache run ...
2020/07/17 16:21:00.219 [I] [asm_amd64.s:1373]  http server Running on http://:8080
2020/07/17 16:21:00.219 [I] [asm_amd64.s:1373]  Admin server Running on :8088
2020/07/17 16:21:24.787 [A] [core.go:7]  cache run ...
2020/07/17 16:21:24.860 [I] [asm_amd64.s:1373]  Admin server Running on :8088
2020/07/17 16:21:24.860 [I] [asm_amd64.s:1373]  http server Running on http://:8080
2020/07/17 16:21:46.655 [A] [core.go:7]  cache run ...
2020/07/17 16:21:46.723 [I] [asm_amd64.s:1373]  Admin server Running on :8088
2020/07/17 16:21:46.723 [I] [asm_amd64.s:1373]  http server Running on http://:8080
2020/07/17 16:21:54.609 [A] [core.go:7]  cache run ...
2020/07/17 16:21:54.685 [I] [asm_amd64.s:1373]  http server Running on http://:8080
2020/07/17 16:21:54.685 [I] [asm_amd64.s:1373]  Admin server Running on :8088
2020/07/17 16:21:57.861 [A] [core.go:7]  cache run ...
2020/07/17 16:22:01.988 [A] [core.go:7]  cache run ...
2020/07/17 16:22:46.560 [A] [core.go:7]  cache run ...
2020/07/17 16:23:01.459 [A] [core.go:7]  cache run ...
2020/07/17 16:23:01.528 [I] [asm_amd64.s:1373]  http server Running on http://:8080
2020/07/17 16:23:01.528 [I] [asm_amd64.s:1373]  Admin server Running on :8088
2020/07/17 16:23:13.861 [A] [core.go:7]  cache run ...
2020/07/17 16:23:13.937 [I] [asm_amd64.s:1373]  Admin server Running on :8088
2020/07/17 16:23:13.937 [I] [asm_amd64.s:1373]  http server Running on http://:8080
2020/07/17 16:59:42.595 [I] [asm_amd64.s:1373]  http server Running on http://:8080
2020/07/17 16:59:42.595 [I] [asm_amd64.s:1373]  Admin server Running on :8088
2020/07/17 16:59:46.810 [I] [asm_amd64.s:1373]  http server Running on http://:8080
2020/07/17 16:59:46.810 [I] [asm_amd64.s:1373]  Admin server Running on :8088
2020/07/17 18:07:12.282 [I] [asm_amd64.s:1373]  http server Running on http://:8080
2020/07/17 18:07:12.282 [I] [asm_amd64.s:1373]  Admin server Running on :8088
2020/07/17 18:07:14.439 [C] [panic.go:969]  the request url is  /
2020/07/17 18:07:14.439 [C] [panic.go:969]  Handler crashed with error &{{{0 0} 0 0 0 0} 0xc0002a8120 sql: database is closed 0 0xc000300000 false 0 {0xc0002ca280} 0xc0000f0160 {{0 0} {{map[gorm:order_by_primary_key:0xc000484018] false}} map[] 0} 0xc00005c5b0 <nil> 0xc0000967a0 false <nil>}
2020/07/17 18:07:14.439 [C] [panic.go:969]  E:/Go/src/runtime/panic.go:969
2020/07/17 18:07:14.439 [C] [panic.go:969]  E:/go_www/src/world/controllers/default.go:15
2020/07/17 18:07:14.439 [C] [panic.go:969]  E:/go_www/pkg/mod/github.com/astaxie/beego@v1.12.2/router.go:871
2020/07/17 18:07:14.439 [C] [panic.go:969]  E:/Go/src/net/http/server.go:2836
2020/07/17 18:07:14.439 [C] [panic.go:969]  E:/Go/src/net/http/server.go:1924
2020/07/17 18:07:14.439 [C] [panic.go:969]  E:/Go/src/runtime/asm_amd64.s:1373
2020/07/17 18:09:14.901 [I] [asm_amd64.s:1373]  http server Running on http://:8080
2020/07/17 18:09:14.901 [I] [asm_amd64.s:1373]  Admin server Running on :8088
2020/07/17 18:09:27.215 [I] [asm_amd64.s:1373]  http server Running on http://:8080
2020/07/17 18:09:27.215 [I] [asm_amd64.s:1373]  Admin server Running on :8088
2020/07/17 18:09:46.526 [C] [panic.go:969]  the request url is  /
2020/07/17 18:09:46.526 [C] [panic.go:969]  Handler crashed with error &{{{0 0} 0 0 0 0} 0xc000500180 <nil> 1 0xc000244480 false 0 {0xc0002d4690} 0xc000376160 {{0 0} {{map[gorm:order_by_primary_key:0xc0004ba4b0] false}} map[] 0} 0xc00030b790 <nil> 0xc000114900 false <nil>}
2020/07/17 18:09:46.526 [C] [panic.go:969]  E:/Go/src/runtime/panic.go:969
2020/07/17 18:09:46.526 [C] [panic.go:969]  E:/go_www/src/world/controllers/default.go:16
2020/07/17 18:09:46.526 [C] [panic.go:969]  E:/go_www/pkg/mod/github.com/astaxie/beego@v1.12.2/router.go:871
2020/07/17 18:09:46.526 [C] [panic.go:969]  E:/Go/src/net/http/server.go:2836
2020/07/17 18:09:46.526 [C] [panic.go:969]  E:/Go/src/net/http/server.go:1924
2020/07/17 18:09:46.526 [C] [panic.go:969]  E:/Go/src/runtime/asm_amd64.s:1373
2020/07/17 18:12:20.706 [I] [asm_amd64.s:1373]  http server Running on http://:8080
2020/07/17 18:12:20.706 [I] [asm_amd64.s:1373]  Admin server Running on :8088
2020/07/17 18:12:28.998 [I] [asm_amd64.s:1373]  Admin server Running on :8088
2020/07/17 18:12:28.998 [I] [asm_amd64.s:1373]  http server Running on http://:8080
2020/07/17 18:12:32.098 [C] [panic.go:969]  the request url is  /
2020/07/17 18:12:32.098 [C] [panic.go:969]  Handler crashed with error {1 admin e10adc3949ba59abbe56e057f20f883e 13839958207 127.0.0.1 1593324826 1562057575}
2020/07/17 18:12:32.098 [C] [panic.go:969]  E:/Go/src/runtime/panic.go:969
2020/07/17 18:12:32.098 [C] [panic.go:969]  E:/go_www/src/world/controllers/default.go:17
2020/07/17 18:12:32.098 [C] [panic.go:969]  E:/go_www/pkg/mod/github.com/astaxie/beego@v1.12.2/router.go:871
2020/07/17 18:12:32.098 [C] [panic.go:969]  E:/Go/src/net/http/server.go:2836
2020/07/17 18:12:32.098 [C] [panic.go:969]  E:/Go/src/net/http/server.go:1924
2020/07/17 18:12:32.098 [C] [panic.go:969]  E:/Go/src/runtime/asm_amd64.s:1373
2020/07/29 10:33:17.943 [I] [asm_amd64.s:1373]  Admin server Running on :8088
2020/07/29 10:33:17.943 [I] [asm_amd64.s:1373]  http server Running on http://:8080
2020/07/29 10:33:39.499 [C] [panic.go:969]  the request url is  /
2020/07/29 10:33:39.499 [C] [panic.go:969]  Handler crashed with error {1 admin e10adc3949ba59abbe56e057f20f883e 13839958207 127.0.0.1 1593324826 1562057575}
2020/07/29 10:33:39.499 [C] [panic.go:969]  E:/Go/src/runtime/panic.go:969
2020/07/29 10:33:39.499 [C] [panic.go:969]  E:/go_www/src/world/controllers/default.go:17
2020/07/29 10:33:39.499 [C] [panic.go:969]  E:/go_www/pkg/mod/github.com/astaxie/beego@v1.12.2/router.go:871
2020/07/29 10:33:39.499 [C] [panic.go:969]  E:/Go/src/net/http/server.go:2836
2020/07/29 10:33:39.500 [C] [panic.go:969]  E:/Go/src/net/http/server.go:1924
2020/07/29 10:33:39.500 [C] [panic.go:969]  E:/Go/src/runtime/asm_amd64.s:1373
2020/07/29 10:33:41.371 [C] [panic.go:969]  the request url is  /
2020/07/29 10:33:41.371 [C] [panic.go:969]  Handler crashed with error {0     0 0}
2020/07/29 10:33:41.371 [C] [panic.go:969]  E:/Go/src/runtime/panic.go:969
2020/07/29 10:33:41.371 [C] [panic.go:969]  E:/go_www/src/world/controllers/default.go:17
2020/07/29 10:33:41.371 [C] [panic.go:969]  E:/go_www/pkg/mod/github.com/astaxie/beego@v1.12.2/router.go:871
2020/07/29 10:33:41.371 [C] [panic.go:969]  E:/Go/src/net/http/server.go:2836
2020/07/29 10:33:41.371 [C] [panic.go:969]  E:/Go/src/net/http/server.go:1924
2020/07/29 10:33:41.371 [C] [panic.go:969]  E:/Go/src/runtime/asm_amd64.s:1373
2020/07/29 10:34:54.434 [I] [asm_amd64.s:1373]  Admin server Running on :8088
2020/07/29 10:34:54.434 [I] [asm_amd64.s:1373]  http server Running on http://:8080
2020/07/29 10:35:04.811 [C] [panic.go:969]  the request url is  /
2020/07/29 10:35:04.811 [C] [panic.go:969]  Handler crashed with error {1 admin e10adc3949ba59abbe56e057f20f883e 13839958207 127.0.0.1 1593324826 1562057575}
2020/07/29 10:35:04.811 [C] [panic.go:969]  E:/Go/src/runtime/panic.go:969
2020/07/29 10:35:04.811 [C] [panic.go:969]  E:/go_www/src/world/controllers/default.go:17
2020/07/29 10:35:04.811 [C] [panic.go:969]  E:/go_www/pkg/mod/github.com/astaxie/beego@v1.12.2/router.go:871
2020/07/29 10:35:04.811 [C] [panic.go:969]  E:/Go/src/net/http/server.go:2836
2020/07/29 10:35:04.811 [C] [panic.go:969]  E:/Go/src/net/http/server.go:1924
2020/07/29 10:35:04.811 [C] [panic.go:969]  E:/Go/src/runtime/asm_amd64.s:1373
2020/07/29 10:35:43.287 [I] [asm_amd64.s:1373]  Admin server Running on :8088
2020/07/29 10:35:43.287 [I] [asm_amd64.s:1373]  http server Running on http://:8080
2020/07/29 10:35:45.628 [C] [panic.go:969]  the request url is  /
2020/07/29 10:35:45.628 [C] [panic.go:969]  Handler crashed with error {1 admin e10adc3949ba59abbe56e057f20f883e 13839958207 127.0.0.1 1593324826 1562057575}
2020/07/29 10:35:45.628 [C] [panic.go:969]  E:/Go/src/runtime/panic.go:969
2020/07/29 10:35:45.628 [C] [panic.go:969]  E:/go_www/src/world/controllers/default.go:16
2020/07/29 10:35:45.628 [C] [panic.go:969]  E:/go_www/pkg/mod/github.com/astaxie/beego@v1.12.2/router.go:871
2020/07/29 10:35:45.628 [C] [panic.go:969]  E:/Go/src/net/http/server.go:2836
2020/07/29 10:35:45.628 [C] [panic.go:969]  E:/Go/src/net/http/server.go:1924
2020/07/29 10:35:45.628 [C] [panic.go:969]  E:/Go/src/runtime/asm_amd64.s:1373
2020/07/29 14:43:23.504 [I] [asm_amd64.s:1373]  Admin server Running on :8088
2020/07/29 14:43:23.504 [I] [asm_amd64.s:1373]  http server Running on http://:8080
2020/07/29 14:43:29.715 [C] [panic.go:969]  the request url is  /
2020/07/29 14:43:29.715 [C] [panic.go:969]  Handler crashed with error can't find templatefile in the path:views/home/index/index.html
2020/07/29 14:43:29.715 [C] [panic.go:969]  E:/Go/src/runtime/panic.go:969
2020/07/29 14:43:29.715 [C] [panic.go:969]  E:/go_www/pkg/mod/github.com/astaxie/beego@v1.12.2/template.go:75
2020/07/29 14:43:29.715 [C] [panic.go:969]  E:/go_www/pkg/mod/github.com/astaxie/beego@v1.12.2/controller.go:306
2020/07/29 14:43:29.715 [C] [panic.go:969]  E:/go_www/pkg/mod/github.com/astaxie/beego@v1.12.2/controller.go:257
2020/07/29 14:43:29.715 [C] [panic.go:969]  E:/go_www/pkg/mod/github.com/astaxie/beego@v1.12.2/controller.go:237
2020/07/29 14:43:29.715 [C] [panic.go:969]  E:/go_www/pkg/mod/github.com/astaxie/beego@v1.12.2/router.go:903
2020/07/29 14:43:29.715 [C] [panic.go:969]  E:/Go/src/net/http/server.go:2836
2020/07/29 14:43:29.715 [C] [panic.go:969]  E:/Go/src/net/http/server.go:1924
2020/07/29 14:43:29.715 [C] [panic.go:969]  E:/Go/src/runtime/asm_amd64.s:1373
2020/07/29 14:43:31.816 [C] [panic.go:969]  the request url is  /
2020/07/29 14:43:31.816 [C] [panic.go:969]  Handler crashed with error can't find templatefile in the path:views/home/index/index.html
2020/07/29 14:43:31.816 [C] [panic.go:969]  E:/Go/src/runtime/panic.go:969
2020/07/29 14:43:31.816 [C] [panic.go:969]  E:/go_www/pkg/mod/github.com/astaxie/beego@v1.12.2/template.go:75
2020/07/29 14:43:31.816 [C] [panic.go:969]  E:/go_www/pkg/mod/github.com/astaxie/beego@v1.12.2/controller.go:306
2020/07/29 14:43:31.816 [C] [panic.go:969]  E:/go_www/pkg/mod/github.com/astaxie/beego@v1.12.2/controller.go:257
2020/07/29 14:43:31.816 [C] [panic.go:969]  E:/go_www/pkg/mod/github.com/astaxie/beego@v1.12.2/controller.go:237
2020/07/29 14:43:31.816 [C] [panic.go:969]  E:/go_www/pkg/mod/github.com/astaxie/beego@v1.12.2/router.go:903
2020/07/29 14:43:31.816 [C] [panic.go:969]  E:/Go/src/net/http/server.go:2836
2020/07/29 14:43:31.816 [C] [panic.go:969]  E:/Go/src/net/http/server.go:1924
2020/07/29 14:43:31.816 [C] [panic.go:969]  E:/Go/src/runtime/asm_amd64.s:1373
2020/07/29 14:43:58.909 [C] [panic.go:969]  the request url is  /
2020/07/29 14:43:58.909 [C] [panic.go:969]  Handler crashed with error can't find templatefile in the path:views/home/index/index.html
2020/07/29 14:43:58.909 [C] [panic.go:969]  E:/Go/src/runtime/panic.go:969
2020/07/29 14:43:58.909 [C] [panic.go:969]  E:/go_www/pkg/mod/github.com/astaxie/beego@v1.12.2/template.go:75
2020/07/29 14:43:58.909 [C] [panic.go:969]  E:/go_www/pkg/mod/github.com/astaxie/beego@v1.12.2/controller.go:306
2020/07/29 14:43:58.910 [C] [panic.go:969]  E:/go_www/pkg/mod/github.com/astaxie/beego@v1.12.2/controller.go:257
2020/07/29 14:43:58.910 [C] [panic.go:969]  E:/go_www/pkg/mod/github.com/astaxie/beego@v1.12.2/controller.go:237
2020/07/29 14:43:58.910 [C] [panic.go:969]  E:/go_www/pkg/mod/github.com/astaxie/beego@v1.12.2/router.go:903
2020/07/29 14:43:58.910 [C] [panic.go:969]  E:/Go/src/net/http/server.go:2836
2020/07/29 14:43:58.910 [C] [panic.go:969]  E:/Go/src/net/http/server.go:1924
2020/07/29 14:43:58.910 [C] [panic.go:969]  E:/Go/src/runtime/asm_amd64.s:1373
2020/07/29 14:44:08.578 [I] [asm_amd64.s:1373]  Admin server Running on :8088
2020/07/29 14:44:08.578 [I] [asm_amd64.s:1373]  http server Running on http://:8080
2020/07/29 15:02:02.908 [I] [asm_amd64.s:1373]  Admin server Running on :8088
2020/07/29 15:02:02.908 [I] [asm_amd64.s:1373]  http server Running on http://:8080
2020/07/29 15:02:52.965 [I] [asm_amd64.s:1373]  Admin server Running on :8088
2020/07/29 15:02:52.965 [I] [asm_amd64.s:1373]  http server Running on http://:8080
2020/07/29 15:03:35.446 [I] [asm_amd64.s:1373]  http server Running on http://:8080
2020/07/29 15:03:35.446 [I] [asm_amd64.s:1373]  Admin server Running on :8088
2020/07/29 15:52:18.640 [I] [asm_amd64.s:1373]  Admin server Running on :8088
2020/07/29 15:52:18.640 [I] [asm_amd64.s:1373]  http server Running on http://:8080
2020/07/29 15:52:23.398 [D] [controller.go:306]  template Execute err: template: home/common/_header.html:5:14: executing "home/common/_header.html" at <config>: wrong number of args for config: want 3 got 2
2020/07/29 15:52:23.398 [E] [server.go:2836]  template: home/common/_header.html:5:14: executing "home/common/_header.html" at <config>: wrong number of args for config: want 3 got 2
2020/07/29 15:52:43.921 [D] [controller.go:306]  template Execute err: template: home/common/_header.html:5:14: executing "home/common/_header.html" at <config>: wrong number of args for config: want 3 got 2
2020/07/29 15:52:43.921 [E] [server.go:2836]  template: home/common/_header.html:5:14: executing "home/common/_header.html" at <config>: wrong number of args for config: want 3 got 2
2020/07/29 15:53:03.254 [I] [asm_amd64.s:1373]  Admin server Running on :8088
2020/07/29 15:53:03.254 [I] [asm_amd64.s:1373]  http server Running on http://:8080
2020/07/29 15:57:08.678 [I] [asm_amd64.s:1373]  Admin server Running on :8088
2020/07/29 15:57:08.679 [I] [asm_amd64.s:1373]  http server Running on http://:8080
2020/07/29 16:02:00.787 [I] [asm_amd64.s:1373]  Admin server Running on :8088
2020/07/29 16:02:00.787 [I] [asm_amd64.s:1373]  http server Running on http://:8080
2020/07/29 16:02:20.256 [I] [asm_amd64.s:1373]  http server Running on http://:8080
2020/07/29 16:02:20.256 [I] [asm_amd64.s:1373]  Admin server Running on :8088
2020/07/29 16:03:00.218 [I] [asm_amd64.s:1373]  Admin server Running on :8088
2020/07/29 16:03:00.218 [I] [asm_amd64.s:1373]  http server Running on http://:8080
2020/07/29 16:05:25.032 [I] [asm_amd64.s:1373]  Admin server Running on :8088
2020/07/29 16:05:25.032 [I] [asm_amd64.s:1373]  http server Running on http://:8080
2020/07/29 16:05:28.680 [I] [asm_amd64.s:1373]  Admin server Running on :8088
2020/07/29 16:05:28.680 [I] [asm_amd64.s:1373]  http server Running on http://:8080
2020/07/29 16:06:35.004 [I] [asm_amd64.s:1373]  http server Running on http://:8080
2020/07/29 16:06:35.004 [I] [asm_amd64.s:1373]  Admin server Running on :8088
2020/07/29 16:08:02.804 [I] [asm_amd64.s:1373]  Admin server Running on :8088
2020/07/29 16:08:02.805 [I] [asm_amd64.s:1373]  http server Running on http://:8080
2020/07/29 16:08:36.707 [I] [asm_amd64.s:1373]  Admin server Running on :8088
2020/07/29 16:08:36.707 [I] [asm_amd64.s:1373]  http server Running on http://:8080
2020/07/29 16:09:13.375 [I] [asm_amd64.s:1373]  http server Running on http://:8080
2020/07/29 16:09:13.375 [I] [asm_amd64.s:1373]  Admin server Running on :8088
2020/07/29 16:10:40.298 [I] [asm_amd64.s:1373]  Admin server Running on :8088
2020/07/29 16:10:40.298 [I] [asm_amd64.s:1373]  http server Running on http://:8080
2020/07/29 16:16:40.964 [D] [controller.go:306]  template Execute err: html/template:admin/index/index.html: "\"" in unquoted attr: "/static/common/layer/layer.js\""
2020/07/29 16:16:40.964 [E] [server.go:2836]  html/template:admin/index/index.html: "\"" in unquoted attr: "/static/common/layer/layer.js\""
2020/07/29 16:16:43.389 [D] [controller.go:306]  template Execute err: html/template:admin/index/index.html: "\"" in unquoted attr: "/static/common/layer/layer.js\""
2020/07/29 16:16:43.389 [E] [server.go:2836]  html/template:admin/index/index.html: "\"" in unquoted attr: "/static/common/layer/layer.js\""
2020/07/29 16:19:36.758 [D] [controller.go:306]  template Execute err: html/template:admin/index/index.html: "\"" in unquoted attr: "/static/common/layer/layer.js\""
2020/07/29 16:19:36.758 [E] [server.go:2836]  html/template:admin/index/index.html: "\"" in unquoted attr: "/static/common/layer/layer.js\""
2020/07/29 16:19:41.662 [I] [asm_amd64.s:1373]  Admin server Running on :8088
2020/07/29 16:19:41.662 [I] [asm_amd64.s:1373]  http server Running on http://:8080
2020/07/29 16:20:07.751 [C] [panic.go:969]  the request url is  /admin/editPwd
2020/07/29 16:20:07.751 [C] [panic.go:969]  Handler crashed with error can't find templatefile in the path:views/indexcontroller/editpwd.tpl
2020/07/29 16:20:07.751 [C] [panic.go:969]  E:/Go/src/runtime/panic.go:969
2020/07/29 16:20:07.751 [C] [panic.go:969]  E:/go_www/pkg/mod/github.com/astaxie/beego@v1.12.2/template.go:75
2020/07/29 16:20:07.752 [C] [panic.go:969]  E:/go_www/pkg/mod/github.com/astaxie/beego@v1.12.2/controller.go:306
2020/07/29 16:20:07.752 [C] [panic.go:969]  E:/go_www/pkg/mod/github.com/astaxie/beego@v1.12.2/controller.go:257
2020/07/29 16:20:07.752 [C] [panic.go:969]  E:/go_www/pkg/mod/github.com/astaxie/beego@v1.12.2/controller.go:237
2020/07/29 16:20:07.752 [C] [panic.go:969]  E:/go_www/pkg/mod/github.com/astaxie/beego@v1.12.2/router.go:903
2020/07/29 16:20:07.752 [C] [panic.go:969]  E:/Go/src/net/http/server.go:2836
2020/07/29 16:20:07.752 [C] [panic.go:969]  E:/Go/src/net/http/server.go:1924
2020/07/29 16:20:07.752 [C] [panic.go:969]  E:/Go/src/runtime/asm_amd64.s:1373
2020/07/29 17:33:59.890 [I] [asm_amd64.s:1373]  http server Running on http://:8080
2020/07/29 17:33:59.890 [I] [asm_amd64.s:1373]  Admin server Running on :8088
2020/07/29 17:35:56.970 [I] [asm_amd64.s:1373]  http server Running on http://:8080
2020/07/29 17:35:56.970 [I] [asm_amd64.s:1373]  Admin server Running on :8088
2020/07/29 17:37:38.625 [I] [asm_amd64.s:1373]  Admin server Running on :8088
2020/07/29 17:37:38.625 [I] [asm_amd64.s:1373]  http server Running on http://:8080
2020/07/29 17:38:41.203 [I] [asm_amd64.s:1373]  Admin server Running on :8088
2020/07/29 17:38:41.203 [I] [asm_amd64.s:1373]  http server Running on http://:8080
2020/07/29 17:44:40.891 [I] [asm_amd64.s:1373]  http server Running on http://:8080
2020/07/29 17:44:40.891 [I] [asm_amd64.s:1373]  Admin server Running on :8088
2020/08/03 17:13:59.991 [I] [asm_amd64.s:1373]  http server Running on http://:8080
2020/08/03 17:13:59.991 [I] [asm_amd64.s:1373]  Admin server Running on :8088
2020/08/03 17:14:47.463 [C] [panic.go:969]  the request url is  /admin/login
2020/08/03 17:14:47.463 [C] [panic.go:969]  Handler crashed with error runtime error: invalid memory address or nil pointer dereference
2020/08/03 17:14:47.463 [C] [panic.go:969]  E:/Go/src/runtime/panic.go:969
2020/08/03 17:14:47.463 [C] [panic.go:969]  E:/Go/src/runtime/panic.go:212
2020/08/03 17:14:47.463 [C] [panic.go:969]  E:/Go/src/runtime/signal_windows.go:246
2020/08/03 17:14:47.463 [C] [panic.go:969]  E:/go_www/pkg/mod/github.com/go-playground/validator/v10@v10.3.0/validator_instance.go:299
2020/08/03 17:14:47.463 [C] [panic.go:969]  E:/go_www/pkg/mod/github.com/go-playground/validator/v10@v10.3.0/validator_instance.go:277
2020/08/03 17:14:47.463 [C] [panic.go:969]  E:/go_www/src/world/controllers/Admin/LoginController.go:33
2020/08/03 17:14:47.463 [C] [panic.go:969]  E:/Go/src/reflect/value.go:460
2020/08/03 17:14:47.464 [C] [panic.go:969]  E:/Go/src/reflect/value.go:321
2020/08/03 17:14:47.464 [C] [panic.go:969]  E:/go_www/pkg/mod/github.com/astaxie/beego@v1.12.2/router.go:891
2020/08/03 17:14:47.464 [C] [panic.go:969]  E:/Go/src/net/http/server.go:2836
2020/08/03 17:14:47.464 [C] [panic.go:969]  E:/Go/src/net/http/server.go:1924
2020/08/03 17:14:47.464 [C] [panic.go:969]  E:/Go/src/runtime/asm_amd64.s:1373
2020/08/03 17:18:17.829 [I] [asm_amd64.s:1373]  http server Running on http://:8080
2020/08/03 17:18:17.829 [I] [asm_amd64.s:1373]  Admin server Running on :8088
2020/08/03 17:18:23.802 [C] [panic.go:975]  the request url is  /admin/login
2020/08/03 17:18:23.802 [C] [panic.go:975]  Handler crashed with error runtime error: invalid memory address or nil pointer dereference
2020/08/03 17:18:23.802 [C] [panic.go:975]  E:/Go/src/runtime/panic.go:975
2020/08/03 17:18:23.802 [C] [panic.go:975]  E:/Go/src/runtime/panic.go:212
2020/08/03 17:18:23.802 [C] [panic.go:975]  E:/Go/src/runtime/signal_windows.go:246
2020/08/03 17:18:23.802 [C] [panic.go:975]  E:/go_www/pkg/mod/github.com/go-playground/validator/v10@v10.3.0/validator_instance.go:299
2020/08/03 17:18:23.802 [C] [panic.go:975]  E:/go_www/pkg/mod/github.com/go-playground/validator/v10@v10.3.0/validator_instance.go:277
2020/08/03 17:18:23.802 [C] [panic.go:975]  E:/go_www/src/world/controllers/Admin/LoginController.go:33
2020/08/03 17:18:23.802 [C] [panic.go:975]  E:/Go/src/reflect/value.go:460
2020/08/03 17:18:23.802 [C] [panic.go:975]  E:/Go/src/reflect/value.go:321
2020/08/03 17:18:23.802 [C] [panic.go:975]  E:/go_www/pkg/mod/github.com/astaxie/beego@v1.12.2/router.go:891
2020/08/03 17:18:23.802 [C] [panic.go:975]  E:/Go/src/net/http/server.go:2836
2020/08/03 17:18:23.802 [C] [panic.go:975]  E:/Go/src/net/http/server.go:1924
2020/08/03 17:18:23.802 [C] [panic.go:975]  E:/Go/src/runtime/asm_amd64.s:1373
2020/08/03 17:18:55.706 [C] [panic.go:975]  the request url is  /admin/login
2020/08/03 17:18:55.706 [C] [panic.go:975]  Handler crashed with error runtime error: invalid memory address or nil pointer dereference
2020/08/03 17:18:55.706 [C] [panic.go:975]  E:/Go/src/runtime/panic.go:975
2020/08/03 17:18:55.706 [C] [panic.go:975]  E:/Go/src/runtime/panic.go:212
2020/08/03 17:18:55.706 [C] [panic.go:975]  E:/Go/src/runtime/signal_windows.go:246
2020/08/03 17:18:55.706 [C] [panic.go:975]  E:/go_www/pkg/mod/github.com/go-playground/validator/v10@v10.3.0/validator_instance.go:299
2020/08/03 17:18:55.706 [C] [panic.go:975]  E:/go_www/pkg/mod/github.com/go-playground/validator/v10@v10.3.0/validator_instance.go:277
2020/08/03 17:18:55.706 [C] [panic.go:975]  E:/go_www/src/world/controllers/Admin/LoginController.go:33
2020/08/03 17:18:55.706 [C] [panic.go:975]  E:/Go/src/reflect/value.go:460
2020/08/03 17:18:55.706 [C] [panic.go:975]  E:/Go/src/reflect/value.go:321
2020/08/03 17:18:55.706 [C] [panic.go:975]  E:/go_www/pkg/mod/github.com/astaxie/beego@v1.12.2/router.go:891
2020/08/03 17:18:55.706 [C] [panic.go:975]  E:/Go/src/net/http/server.go:2836
2020/08/03 17:18:55.706 [C] [panic.go:975]  E:/Go/src/net/http/server.go:1924
2020/08/03 17:18:55.706 [C] [panic.go:975]  E:/Go/src/runtime/asm_amd64.s:1373
2020/08/03 17:19:17.238 [I] [asm_amd64.s:1373]  Admin server Running on :8088
2020/08/03 17:19:17.238 [I] [asm_amd64.s:1373]  http server Running on http://:8080
2020/08/03 17:19:52.633 [C] [panic.go:975]  the request url is  /admin/login
2020/08/03 17:19:52.633 [C] [panic.go:975]  Handler crashed with error runtime error: invalid memory address or nil pointer dereference
2020/08/03 17:19:52.633 [C] [panic.go:975]  E:/Go/src/runtime/panic.go:975
2020/08/03 17:19:52.633 [C] [panic.go:975]  E:/Go/src/runtime/panic.go:212
2020/08/03 17:19:52.633 [C] [panic.go:975]  E:/Go/src/runtime/signal_windows.go:246
2020/08/03 17:19:52.633 [C] [panic.go:975]  E:/go_www/pkg/mod/github.com/go-playground/validator/v10@v10.3.0/validator_instance.go:299
2020/08/03 17:19:52.633 [C] [panic.go:975]  E:/go_www/pkg/mod/github.com/go-playground/validator/v10@v10.3.0/validator_instance.go:277
2020/08/03 17:19:52.633 [C] [panic.go:975]  E:/go_www/src/world/controllers/Admin/LoginController.go:33
2020/08/03 17:19:52.633 [C] [panic.go:975]  E:/Go/src/reflect/value.go:460
2020/08/03 17:19:52.633 [C] [panic.go:975]  E:/Go/src/reflect/value.go:321
2020/08/03 17:19:52.633 [C] [panic.go:975]  E:/go_www/pkg/mod/github.com/astaxie/beego@v1.12.2/router.go:891
2020/08/03 17:19:52.634 [C] [panic.go:975]  E:/Go/src/net/http/server.go:2836
2020/08/03 17:19:52.634 [C] [panic.go:975]  E:/Go/src/net/http/server.go:1924
2020/08/03 17:19:52.634 [C] [panic.go:975]  E:/Go/src/runtime/asm_amd64.s:1373
2020/08/03 17:20:21.383 [I] [asm_amd64.s:1373]  http server Running on http://:8080
2020/08/03 17:20:21.383 [I] [asm_amd64.s:1373]  Admin server Running on :8088
2020/08/03 17:20:26.853 [C] [panic.go:969]  the request url is  /admin/login
2020/08/03 17:20:26.853 [C] [panic.go:969]  Handler crashed with error runtime error: invalid memory address or nil pointer dereference
2020/08/03 17:20:26.853 [C] [panic.go:969]  E:/Go/src/runtime/panic.go:969
2020/08/03 17:20:26.853 [C] [panic.go:969]  E:/Go/src/runtime/panic.go:212
2020/08/03 17:20:26.853 [C] [panic.go:969]  E:/Go/src/runtime/signal_windows.go:246
2020/08/03 17:20:26.853 [C] [panic.go:969]  E:/go_www/pkg/mod/github.com/go-playground/validator/v10@v10.3.0/validator_instance.go:299
2020/08/03 17:20:26.853 [C] [panic.go:969]  E:/go_www/pkg/mod/github.com/go-playground/validator/v10@v10.3.0/validator_instance.go:277
2020/08/03 17:20:26.853 [C] [panic.go:969]  E:/go_www/src/world/controllers/Admin/LoginController.go:33
2020/08/03 17:20:26.853 [C] [panic.go:969]  E:/Go/src/reflect/value.go:460
2020/08/03 17:20:26.853 [C] [panic.go:969]  E:/Go/src/reflect/value.go:321
2020/08/03 17:20:26.853 [C] [panic.go:969]  E:/go_www/pkg/mod/github.com/astaxie/beego@v1.12.2/router.go:891
2020/08/03 17:20:26.853 [C] [panic.go:969]  E:/Go/src/net/http/server.go:2836
2020/08/03 17:20:26.853 [C] [panic.go:969]  E:/Go/src/net/http/server.go:1924
2020/08/03 17:20:26.853 [C] [panic.go:969]  E:/Go/src/runtime/asm_amd64.s:1373
2020/08/03 17:21:05.461 [I] [asm_amd64.s:1373]  http server Running on http://:8080
2020/08/03 17:21:05.461 [I] [asm_amd64.s:1373]  Admin server Running on :8088
2020/08/03 17:21:08.213 [C] [panic.go:969]  the request url is  /admin/login
2020/08/03 17:21:08.213 [C] [panic.go:969]  Handler crashed with error runtime error: invalid memory address or nil pointer dereference
2020/08/03 17:21:08.213 [C] [panic.go:969]  E:/Go/src/runtime/panic.go:969
2020/08/03 17:21:08.213 [C] [panic.go:969]  E:/Go/src/runtime/panic.go:212
2020/08/03 17:21:08.213 [C] [panic.go:969]  E:/Go/src/runtime/signal_windows.go:246
2020/08/03 17:21:08.213 [C] [panic.go:969]  E:/go_www/pkg/mod/github.com/go-playground/validator/v10@v10.3.0/validator_instance.go:299
2020/08/03 17:21:08.213 [C] [panic.go:969]  E:/go_www/pkg/mod/github.com/go-playground/validator/v10@v10.3.0/validator_instance.go:277
2020/08/03 17:21:08.213 [C] [panic.go:969]  E:/go_www/src/world/controllers/Admin/LoginController.go:33
2020/08/03 17:21:08.213 [C] [panic.go:969]  E:/Go/src/reflect/value.go:460
2020/08/03 17:21:08.213 [C] [panic.go:969]  E:/Go/src/reflect/value.go:321
2020/08/03 17:21:08.213 [C] [panic.go:969]  E:/go_www/pkg/mod/github.com/astaxie/beego@v1.12.2/router.go:891
2020/08/03 17:21:08.213 [C] [panic.go:969]  E:/Go/src/net/http/server.go:2836
2020/08/03 17:21:08.213 [C] [panic.go:969]  E:/Go/src/net/http/server.go:1924
2020/08/03 17:21:08.213 [C] [panic.go:969]  E:/Go/src/runtime/asm_amd64.s:1373
2020/08/03 17:22:10.453 [I] [asm_amd64.s:1373]  Admin server Running on :8088
2020/08/03 17:22:10.453 [I] [asm_amd64.s:1373]  http server Running on http://:8080
2020/08/03 17:22:14.057 [C] [panic.go:969]  the request url is  /admin/login
2020/08/03 17:22:14.057 [C] [panic.go:969]  Handler crashed with error runtime error: invalid memory address or nil pointer dereference
2020/08/03 17:22:14.057 [C] [panic.go:969]  E:/Go/src/runtime/panic.go:969
2020/08/03 17:22:14.057 [C] [panic.go:969]  E:/Go/src/runtime/panic.go:212
2020/08/03 17:22:14.057 [C] [panic.go:969]  E:/Go/src/runtime/signal_windows.go:246
2020/08/03 17:22:14.057 [C] [panic.go:969]  E:/go_www/pkg/mod/github.com/go-playground/validator/v10@v10.3.0/validator_instance.go:299
2020/08/03 17:22:14.057 [C] [panic.go:969]  E:/go_www/pkg/mod/github.com/go-playground/validator/v10@v10.3.0/validator_instance.go:277
2020/08/03 17:22:14.057 [C] [panic.go:969]  E:/go_www/src/world/controllers/Admin/LoginController.go:33
2020/08/03 17:22:14.057 [C] [panic.go:969]  E:/Go/src/reflect/value.go:460
2020/08/03 17:22:14.057 [C] [panic.go:969]  E:/Go/src/reflect/value.go:321
2020/08/03 17:22:14.057 [C] [panic.go:969]  E:/go_www/pkg/mod/github.com/astaxie/beego@v1.12.2/router.go:891
2020/08/03 17:22:14.057 [C] [panic.go:969]  E:/Go/src/net/http/server.go:2836
2020/08/03 17:22:14.057 [C] [panic.go:969]  E:/Go/src/net/http/server.go:1924
2020/08/03 17:22:14.057 [C] [panic.go:969]  E:/Go/src/runtime/asm_amd64.s:1373
2020/08/03 17:22:17.300 [C] [panic.go:969]  the request url is  /admin/login
2020/08/03 17:22:17.300 [C] [panic.go:969]  Handler crashed with error runtime error: invalid memory address or nil pointer dereference
2020/08/03 17:22:17.300 [C] [panic.go:969]  E:/Go/src/runtime/panic.go:969
2020/08/03 17:22:17.300 [C] [panic.go:969]  E:/Go/src/runtime/panic.go:212
2020/08/03 17:22:17.300 [C] [panic.go:969]  E:/Go/src/runtime/signal_windows.go:246
2020/08/03 17:22:17.300 [C] [panic.go:969]  E:/go_www/pkg/mod/github.com/go-playground/validator/v10@v10.3.0/validator_instance.go:299
2020/08/03 17:22:17.300 [C] [panic.go:969]  E:/go_www/pkg/mod/github.com/go-playground/validator/v10@v10.3.0/validator_instance.go:277
2020/08/03 17:22:17.300 [C] [panic.go:969]  E:/go_www/src/world/controllers/Admin/LoginController.go:33
2020/08/03 17:22:17.300 [C] [panic.go:969]  E:/Go/src/reflect/value.go:460
2020/08/03 17:22:17.300 [C] [panic.go:969]  E:/Go/src/reflect/value.go:321
2020/08/03 17:22:17.300 [C] [panic.go:969]  E:/go_www/pkg/mod/github.com/astaxie/beego@v1.12.2/router.go:891
2020/08/03 17:22:17.300 [C] [panic.go:969]  E:/Go/src/net/http/server.go:2836
2020/08/03 17:22:17.300 [C] [panic.go:969]  E:/Go/src/net/http/server.go:1924
2020/08/03 17:22:17.300 [C] [panic.go:969]  E:/Go/src/runtime/asm_amd64.s:1373
2020/08/03 17:23:28.030 [I] [asm_amd64.s:1373]  http server Running on http://:8080
2020/08/03 17:23:28.030 [I] [asm_amd64.s:1373]  Admin server Running on :8088
2020/08/03 17:32:22.508 [I] [asm_amd64.s:1373]  http server Running on http://:8080
2020/08/03 17:32:22.508 [I] [asm_amd64.s:1373]  Admin server Running on :8088
2020/08/03 17:35:25.741 [I] [asm_amd64.s:1373]  http server Running on http://:8080
2020/08/03 17:35:25.741 [I] [asm_amd64.s:1373]  Admin server Running on :8088
2020/08/03 17:35:33.964 [C] [panic.go:969]  the request url is  /admin/login
2020/08/03 17:35:33.964 [C] [panic.go:969]  Handler crashed with error Key: 'Login.Name' Error:Field validation for 'Name' failed on the 'max' tag
2020/08/03 17:35:33.964 [C] [panic.go:969]  E:/Go/src/runtime/panic.go:969
2020/08/03 17:35:33.964 [C] [panic.go:969]  E:/go_www/src/world/controllers/Admin/LoginController.go:37
2020/08/03 17:35:33.964 [C] [panic.go:969]  E:/Go/src/reflect/value.go:460
2020/08/03 17:35:33.964 [C] [panic.go:969]  E:/Go/src/reflect/value.go:321
2020/08/03 17:35:33.964 [C] [panic.go:969]  E:/go_www/pkg/mod/github.com/astaxie/beego@v1.12.2/router.go:891
2020/08/03 17:35:33.964 [C] [panic.go:969]  E:/Go/src/net/http/server.go:2836
2020/08/03 17:35:33.964 [C] [panic.go:969]  E:/Go/src/net/http/server.go:1924
2020/08/03 17:35:33.964 [C] [panic.go:969]  E:/Go/src/runtime/asm_amd64.s:1373
2020/08/03 17:40:01.968 [I] [asm_amd64.s:1373]  Admin server Running on :8088
2020/08/03 17:40:01.968 [I] [asm_amd64.s:1373]  http server Running on http://:8080
2020/08/03 17:40:14.664 [C] [panic.go:969]  the request url is  /admin/login
2020/08/03 17:40:14.664 [C] [panic.go:969]  Handler crashed with error Key: 'Login.Name' Error:Field validation for 'Name' failed on the 'max' tag
Key: 'Login.Password' Error:Field validation for 'Password' failed on the 'numeric' tag
2020/08/03 17:40:14.664 [C] [panic.go:969]  E:/Go/src/runtime/panic.go:969
2020/08/03 17:40:14.664 [C] [panic.go:969]  E:/go_www/src/world/controllers/Admin/LoginController.go:37
2020/08/03 17:40:14.664 [C] [panic.go:969]  E:/Go/src/reflect/value.go:460
2020/08/03 17:40:14.664 [C] [panic.go:969]  E:/Go/src/reflect/value.go:321
2020/08/03 17:40:14.664 [C] [panic.go:969]  E:/go_www/pkg/mod/github.com/astaxie/beego@v1.12.2/router.go:891
2020/08/03 17:40:14.664 [C] [panic.go:969]  E:/Go/src/net/http/server.go:2836
2020/08/03 17:40:14.664 [C] [panic.go:969]  E:/Go/src/net/http/server.go:1924
2020/08/03 17:40:14.664 [C] [panic.go:969]  E:/Go/src/runtime/asm_amd64.s:1373
2020/08/03 17:43:53.716 [I] [asm_amd64.s:1373]  Admin server Running on :8088
2020/08/03 17:43:53.716 [I] [asm_amd64.s:1373]  http server Running on http://:8080
2020/08/03 17:59:44.105 [I] [asm_amd64.s:1373]  http server Running on http://:8080
2020/08/03 17:59:44.105 [I] [asm_amd64.s:1373]  Admin server Running on :8088
2020/08/03 18:17:29.167 [I] [asm_amd64.s:1373]  Admin server Running on :8088
2020/08/03 18:17:29.167 [I] [asm_amd64.s:1373]  http server Running on http://:8080
2020/08/03 18:35:33.672 [I] [asm_amd64.s:1373]  Admin server Running on :8088
2020/08/03 18:35:33.672 [I] [asm_amd64.s:1373]  http server Running on http://:8080
2020/08/04 10:49:35.904 [I] [asm_amd64.s:1373]  http server Running on http://:8080
2020/08/04 10:49:35.904 [I] [asm_amd64.s:1373]  Admin server Running on :8088
2020/08/04 10:50:24.673 [I] [asm_amd64.s:1373]  http server Running on http://:8080
2020/08/04 10:50:24.673 [I] [asm_amd64.s:1373]  Admin server Running on :8088
2020/08/04 10:53:55.259 [I] [asm_amd64.s:1373]  http server Running on http://:8080
2020/08/04 10:53:55.259 [I] [asm_amd64.s:1373]  Admin server Running on :8088
2020/08/04 10:54:13.982 [C] [panic.go:969]  the request url is  /admin/editPwd
2020/08/04 10:54:13.982 [C] [panic.go:969]  Handler crashed with error can't find templatefile in the path:views/indexcontroller/editpwd.tpl
2020/08/04 10:54:13.982 [C] [panic.go:969]  E:/Go/src/runtime/panic.go:969
2020/08/04 10:54:13.982 [C] [panic.go:969]  E:/go_www/pkg/mod/github.com/astaxie/beego@v1.12.2/template.go:75
2020/08/04 10:54:13.982 [C] [panic.go:969]  E:/go_www/pkg/mod/github.com/astaxie/beego@v1.12.2/controller.go:306
2020/08/04 10:54:13.982 [C] [panic.go:969]  E:/go_www/pkg/mod/github.com/astaxie/beego@v1.12.2/controller.go:257
2020/08/04 10:54:13.982 [C] [panic.go:969]  E:/go_www/pkg/mod/github.com/astaxie/beego@v1.12.2/controller.go:237
2020/08/04 10:54:13.982 [C] [panic.go:969]  E:/go_www/pkg/mod/github.com/astaxie/beego@v1.12.2/router.go:903
2020/08/04 10:54:13.982 [C] [panic.go:969]  E:/Go/src/net/http/server.go:2836
2020/08/04 10:54:13.982 [C] [panic.go:969]  E:/Go/src/net/http/server.go:1924
2020/08/04 10:54:13.982 [C] [panic.go:969]  E:/Go/src/runtime/asm_amd64.s:1373
2020/08/04 10:55:11.596 [C] [panic.go:969]  the request url is  /admin/editPwd
2020/08/04 10:55:11.596 [C] [panic.go:969]  Handler crashed with error can't find templatefile in the path:views/indexcontroller/editpwd.tpl
2020/08/04 10:55:11.596 [C] [panic.go:969]  E:/Go/src/runtime/panic.go:969
2020/08/04 10:55:11.596 [C] [panic.go:969]  E:/go_www/pkg/mod/github.com/astaxie/beego@v1.12.2/template.go:75
2020/08/04 10:55:11.596 [C] [panic.go:969]  E:/go_www/pkg/mod/github.com/astaxie/beego@v1.12.2/controller.go:306
2020/08/04 10:55:11.596 [C] [panic.go:969]  E:/go_www/pkg/mod/github.com/astaxie/beego@v1.12.2/controller.go:257
2020/08/04 10:55:11.596 [C] [panic.go:969]  E:/go_www/pkg/mod/github.com/astaxie/beego@v1.12.2/controller.go:237
2020/08/04 10:55:11.596 [C] [panic.go:969]  E:/go_www/pkg/mod/github.com/astaxie/beego@v1.12.2/router.go:903
2020/08/04 10:55:11.596 [C] [panic.go:969]  E:/Go/src/net/http/server.go:2836
2020/08/04 10:55:11.596 [C] [panic.go:969]  E:/Go/src/net/http/server.go:1924
2020/08/04 10:55:11.596 [C] [panic.go:969]  E:/Go/src/runtime/asm_amd64.s:1373
2020/08/04 10:57:18.071 [I] [asm_amd64.s:1373]  Admin server Running on :8088
2020/08/04 10:57:18.071 [I] [asm_amd64.s:1373]  http server Running on http://:8080
2020/08/04 10:57:38.679 [C] [panic.go:975]  the request url is  /admin/editPwd
2020/08/04 10:57:38.679 [C] [panic.go:975]  Handler crashed with error can't find templatefile in the path:views/indexcontroller/editpwd.tpl
2020/08/04 10:57:38.679 [C] [panic.go:975]  E:/Go/src/runtime/panic.go:975
2020/08/04 10:57:38.679 [C] [panic.go:975]  E:/go_www/pkg/mod/github.com/astaxie/beego@v1.12.2/template.go:75
2020/08/04 10:57:38.679 [C] [panic.go:975]  E:/go_www/pkg/mod/github.com/astaxie/beego@v1.12.2/controller.go:306
2020/08/04 10:57:38.679 [C] [panic.go:975]  E:/go_www/pkg/mod/github.com/astaxie/beego@v1.12.2/controller.go:257
2020/08/04 10:57:38.679 [C] [panic.go:975]  E:/go_www/pkg/mod/github.com/astaxie/beego@v1.12.2/controller.go:237
2020/08/04 10:57:38.679 [C] [panic.go:975]  E:/go_www/pkg/mod/github.com/astaxie/beego@v1.12.2/router.go:903
2020/08/04 10:57:38.679 [C] [panic.go:975]  E:/Go/src/net/http/server.go:2836
2020/08/04 10:57:38.679 [C] [panic.go:975]  E:/Go/src/net/http/server.go:1924
2020/08/04 10:57:38.679 [C] [panic.go:975]  E:/Go/src/runtime/asm_amd64.s:1373
2020/08/04 10:58:56.643 [I] [asm_amd64.s:1373]  http server Running on http://:8080
2020/08/04 10:58:56.643 [I] [asm_amd64.s:1373]  Admin server Running on :8088
2020/08/04 11:00:30.402 [I] [asm_amd64.s:1373]  Admin server Running on :8088
2020/08/04 11:00:30.402 [I] [asm_amd64.s:1373]  http server Running on http://:8080
2020/08/04 11:00:49.023 [C] [panic.go:969]  the request url is  /admin/editPwd
2020/08/04 11:00:49.023 [C] [panic.go:969]  Handler crashed with error can't find templatefile in the path:views/indexcontroller/editpwd.tpl
2020/08/04 11:00:49.023 [C] [panic.go:969]  E:/Go/src/runtime/panic.go:969
2020/08/04 11:00:49.023 [C] [panic.go:969]  E:/go_www/pkg/mod/github.com/astaxie/beego@v1.12.2/template.go:75
2020/08/04 11:00:49.024 [C] [panic.go:969]  E:/go_www/pkg/mod/github.com/astaxie/beego@v1.12.2/controller.go:306
2020/08/04 11:00:49.024 [C] [panic.go:969]  E:/go_www/pkg/mod/github.com/astaxie/beego@v1.12.2/controller.go:257
2020/08/04 11:00:49.024 [C] [panic.go:969]  E:/go_www/pkg/mod/github.com/astaxie/beego@v1.12.2/controller.go:237
2020/08/04 11:00:49.024 [C] [panic.go:969]  E:/go_www/pkg/mod/github.com/astaxie/beego@v1.12.2/router.go:903
2020/08/04 11:00:49.024 [C] [panic.go:969]  E:/Go/src/net/http/server.go:2836
2020/08/04 11:00:49.024 [C] [panic.go:969]  E:/Go/src/net/http/server.go:1924
2020/08/04 11:00:49.024 [C] [panic.go:969]  E:/Go/src/runtime/asm_amd64.s:1373
2020/08/04 11:01:38.558 [I] [asm_amd64.s:1373]  http server Running on http://:8080
2020/08/04 11:01:38.558 [I] [asm_amd64.s:1373]  Admin server Running on :8088
2020/08/04 11:01:51.636 [C] [panic.go:969]  the request url is  /admin/editPwd
2020/08/04 11:01:51.636 [C] [panic.go:969]  Handler crashed with error can't find templatefile in the path:views/indexcontroller/editpwd.tpl
2020/08/04 11:01:51.636 [C] [panic.go:969]  E:/Go/src/runtime/panic.go:969
2020/08/04 11:01:51.636 [C] [panic.go:969]  E:/go_www/pkg/mod/github.com/astaxie/beego@v1.12.2/template.go:75
2020/08/04 11:01:51.636 [C] [panic.go:969]  E:/go_www/pkg/mod/github.com/astaxie/beego@v1.12.2/controller.go:306
2020/08/04 11:01:51.636 [C] [panic.go:969]  E:/go_www/pkg/mod/github.com/astaxie/beego@v1.12.2/controller.go:257
2020/08/04 11:01:51.636 [C] [panic.go:969]  E:/go_www/pkg/mod/github.com/astaxie/beego@v1.12.2/controller.go:237
2020/08/04 11:01:51.636 [C] [panic.go:969]  E:/go_www/pkg/mod/github.com/astaxie/beego@v1.12.2/router.go:903
2020/08/04 11:01:51.636 [C] [panic.go:969]  E:/Go/src/net/http/server.go:2836
2020/08/04 11:01:51.636 [C] [panic.go:969]  E:/Go/src/net/http/server.go:1924
2020/08/04 11:01:51.636 [C] [panic.go:969]  E:/Go/src/runtime/asm_amd64.s:1373
2020/08/04 11:03:59.736 [I] [asm_amd64.s:1373]  Admin server Running on :8088
2020/08/04 11:03:59.736 [I] [asm_amd64.s:1373]  http server Running on http://:8080
2020/08/04 11:04:21.165 [I] [asm_amd64.s:1373]  http server Running on http://:8080
2020/08/04 11:04:21.165 [I] [asm_amd64.s:1373]  Admin server Running on :8088
2020/08/04 11:04:47.238 [I] [asm_amd64.s:1373]  http server Running on http://:8080
2020/08/04 11:04:47.238 [I] [asm_amd64.s:1373]  Admin server Running on :8088
2020/08/04 11:07:16.785 [I] [asm_amd64.s:1373]  http server Running on http://:8080
2020/08/04 11:07:16.785 [I] [asm_amd64.s:1373]  Admin server Running on :8088
2020/08/04 11:30:11.593 [I] [asm_amd64.s:1373]  http server Running on http://:8080
2020/08/04 11:30:11.593 [I] [asm_amd64.s:1373]  Admin server Running on :8088
2020/08/04 11:31:31.512 [I] [asm_amd64.s:1373]  Admin server Running on :8088
2020/08/04 11:31:31.512 [I] [asm_amd64.s:1373]  http server Running on http://:8080
2020/08/04 11:32:26.187 [I] [asm_amd64.s:1373]  http server Running on http://:8080
2020/08/04 11:32:26.187 [I] [asm_amd64.s:1373]  Admin server Running on :8088
2020/08/04 14:06:49.384 [I] [asm_amd64.s:1373]  http server Running on http://:8080
2020/08/04 14:06:49.384 [I] [asm_amd64.s:1373]  Admin server Running on :8088
2020/08/04 14:20:33.875 [I] [asm_amd64.s:1373]  http server Running on http://:8080
2020/08/04 14:20:33.875 [I] [asm_amd64.s:1373]  Admin server Running on :8088
2020/08/04 14:30:50.365 [I] [asm_amd64.s:1373]  Admin server Running on :8088
2020/08/04 14:30:50.365 [I] [asm_amd64.s:1373]  http server Running on http://:8080
2020/08/04 15:26:30.097 [I] [asm_amd64.s:1373]  Admin server Running on :8088
2020/08/04 15:26:30.097 [I] [asm_amd64.s:1373]  http server Running on http://:8080
2020/08/04 16:14:22.471 [I] [asm_amd64.s:1373]  Admin server Running on :8088
2020/08/04 16:14:22.471 [I] [asm_amd64.s:1373]  http server Running on http://:8080
2020/08/04 16:14:44.250 [C] [panic.go:969]  the request url is  /admin/sys/admin
2020/08/04 16:14:44.250 [C] [panic.go:969]  Handler crashed with error 
2020/08/04 16:14:44.250 [C] [panic.go:969]  E:/Go/src/runtime/panic.go:969
2020/08/04 16:14:44.250 [C] [panic.go:969]  E:/go_www/src/world/controllers/Admin/AdminController.go:9
2020/08/04 16:14:44.250 [C] [panic.go:969]  E:/Go/src/reflect/value.go:460
2020/08/04 16:14:44.250 [C] [panic.go:969]  E:/Go/src/reflect/value.go:321
2020/08/04 16:14:44.250 [C] [panic.go:969]  E:/go_www/pkg/mod/github.com/astaxie/beego@v1.12.2/router.go:891
2020/08/04 16:14:44.250 [C] [panic.go:969]  E:/Go/src/net/http/server.go:2836
2020/08/04 16:14:44.250 [C] [panic.go:969]  E:/Go/src/net/http/server.go:1924
2020/08/04 16:14:44.250 [C] [panic.go:969]  E:/Go/src/runtime/asm_amd64.s:1373
2020/08/04 16:15:05.355 [C] [panic.go:969]  the request url is  /admin/sys/admin
2020/08/04 16:15:05.355 [C] [panic.go:969]  Handler crashed with error 
2020/08/04 16:15:05.355 [C] [panic.go:969]  E:/Go/src/runtime/panic.go:969
2020/08/04 16:15:05.355 [C] [panic.go:969]  E:/go_www/src/world/controllers/Admin/AdminController.go:9
2020/08/04 16:15:05.355 [C] [panic.go:969]  E:/Go/src/reflect/value.go:460
2020/08/04 16:15:05.355 [C] [panic.go:969]  E:/Go/src/reflect/value.go:321
2020/08/04 16:15:05.355 [C] [panic.go:969]  E:/go_www/pkg/mod/github.com/astaxie/beego@v1.12.2/router.go:891
2020/08/04 16:15:05.355 [C] [panic.go:969]  E:/Go/src/net/http/server.go:2836
2020/08/04 16:15:05.355 [C] [panic.go:969]  E:/Go/src/net/http/server.go:1924
2020/08/04 16:15:05.355 [C] [panic.go:969]  E:/Go/src/runtime/asm_amd64.s:1373
2020/08/04 16:15:55.099 [C] [panic.go:969]  the request url is  /admin/sys/admin
2020/08/04 16:15:55.099 [C] [panic.go:969]  Handler crashed with error 
2020/08/04 16:15:55.099 [C] [panic.go:969]  E:/Go/src/runtime/panic.go:969
2020/08/04 16:15:55.099 [C] [panic.go:969]  E:/go_www/src/world/controllers/Admin/AdminController.go:9
2020/08/04 16:15:55.099 [C] [panic.go:969]  E:/Go/src/reflect/value.go:460
2020/08/04 16:15:55.099 [C] [panic.go:969]  E:/Go/src/reflect/value.go:321
2020/08/04 16:15:55.099 [C] [panic.go:969]  E:/go_www/pkg/mod/github.com/astaxie/beego@v1.12.2/router.go:891
2020/08/04 16:15:55.099 [C] [panic.go:969]  E:/Go/src/net/http/server.go:2836
2020/08/04 16:15:55.099 [C] [panic.go:969]  E:/Go/src/net/http/server.go:1924
2020/08/04 16:15:55.099 [C] [panic.go:969]  E:/Go/src/runtime/asm_amd64.s:1373
2020/08/04 16:16:47.313 [I] [asm_amd64.s:1373]  Admin server Running on :8088
2020/08/04 16:16:47.313 [I] [asm_amd64.s:1373]  http server Running on http://:8080
2020/08/04 16:16:57.057 [C] [panic.go:969]  the request url is  /admin/sys/admin
2020/08/04 16:16:57.057 [C] [panic.go:969]  Handler crashed with error can't find templatefile in the path:views/admincontroller/index.tpl
2020/08/04 16:16:57.057 [C] [panic.go:969]  E:/Go/src/runtime/panic.go:969
2020/08/04 16:16:57.057 [C] [panic.go:969]  E:/go_www/pkg/mod/github.com/astaxie/beego@v1.12.2/template.go:75
2020/08/04 16:16:57.058 [C] [panic.go:969]  E:/go_www/pkg/mod/github.com/astaxie/beego@v1.12.2/controller.go:306
2020/08/04 16:16:57.058 [C] [panic.go:969]  E:/go_www/pkg/mod/github.com/astaxie/beego@v1.12.2/controller.go:257
2020/08/04 16:16:57.058 [C] [panic.go:969]  E:/go_www/pkg/mod/github.com/astaxie/beego@v1.12.2/controller.go:237
2020/08/04 16:16:57.058 [C] [panic.go:969]  E:/go_www/pkg/mod/github.com/astaxie/beego@v1.12.2/router.go:903
2020/08/04 16:16:57.058 [C] [panic.go:969]  E:/Go/src/net/http/server.go:2836
2020/08/04 16:16:57.058 [C] [panic.go:969]  E:/Go/src/net/http/server.go:1924
2020/08/04 16:16:57.058 [C] [panic.go:969]  E:/Go/src/runtime/asm_amd64.s:1373
2020/08/04 16:18:41.752 [I] [asm_amd64.s:1373]  Admin server Running on :8088
2020/08/04 16:18:41.752 [I] [asm_amd64.s:1373]  http server Running on http://:8080
2020/08/04 16:20:21.133 [I] [asm_amd64.s:1373]  Admin server Running on :8088
2020/08/04 16:20:21.133 [I] [asm_amd64.s:1373]  http server Running on http://:8080
2020/08/04 16:20:25.353 [D] [controller.go:306]  template Execute err: template: admin/common/header.html:79:41: executing "admin/common/header.html" at <.AdminInfo.Name>: nil pointer evaluating interface {}.Name
2020/08/04 16:20:25.353 [E] [server.go:2836]  template: admin/common/header.html:79:41: executing "admin/common/header.html" at <.AdminInfo.Name>: nil pointer evaluating interface {}.Name
2020/08/04 16:41:05.860 [I] [asm_amd64.s:1373]  http server Running on http://:8080
2020/08/04 16:41:05.860 [I] [asm_amd64.s:1373]  Admin server Running on :8088
2020/08/04 16:41:21.144 [C] [panic.go:969]  the request url is  /admin/sys/admin
2020/08/04 16:41:21.144 [C] [panic.go:969]  Handler crashed with error can't find templatefile in the path:views/admincontroller/index.tpl
2020/08/04 16:41:21.144 [C] [panic.go:969]  E:/Go/src/runtime/panic.go:969
2020/08/04 16:41:21.144 [C] [panic.go:969]  E:/go_www/pkg/mod/github.com/astaxie/beego@v1.12.2/template.go:75
2020/08/04 16:41:21.144 [C] [panic.go:969]  E:/go_www/pkg/mod/github.com/astaxie/beego@v1.12.2/controller.go:306
2020/08/04 16:41:21.144 [C] [panic.go:969]  E:/go_www/pkg/mod/github.com/astaxie/beego@v1.12.2/controller.go:257
2020/08/04 16:41:21.144 [C] [panic.go:969]  E:/go_www/pkg/mod/github.com/astaxie/beego@v1.12.2/controller.go:237
2020/08/04 16:41:21.144 [C] [panic.go:969]  E:/go_www/pkg/mod/github.com/astaxie/beego@v1.12.2/router.go:903
2020/08/04 16:41:21.144 [C] [panic.go:969]  E:/Go/src/net/http/server.go:2836
2020/08/04 16:41:21.144 [C] [panic.go:969]  E:/Go/src/net/http/server.go:1924
2020/08/04 16:41:21.144 [C] [panic.go:969]  E:/Go/src/runtime/asm_amd64.s:1373
2020/08/04 16:41:31.956 [C] [panic.go:969]  the request url is  /admin/sys/admin/a/1/b/2
2020/08/04 16:41:31.956 [C] [panic.go:969]  Handler crashed with error can't find templatefile in the path:views/admincontroller/index.tpl
2020/08/04 16:41:31.956 [C] [panic.go:969]  E:/Go/src/runtime/panic.go:969
2020/08/04 16:41:31.956 [C] [panic.go:969]  E:/go_www/pkg/mod/github.com/astaxie/beego@v1.12.2/template.go:75
2020/08/04 16:41:31.956 [C] [panic.go:969]  E:/go_www/pkg/mod/github.com/astaxie/beego@v1.12.2/controller.go:306
2020/08/04 16:41:31.956 [C] [panic.go:969]  E:/go_www/pkg/mod/github.com/astaxie/beego@v1.12.2/controller.go:257
2020/08/04 16:41:31.956 [C] [panic.go:969]  E:/go_www/pkg/mod/github.com/astaxie/beego@v1.12.2/controller.go:237
2020/08/04 16:41:31.956 [C] [panic.go:969]  E:/go_www/pkg/mod/github.com/astaxie/beego@v1.12.2/router.go:903
2020/08/04 16:41:31.956 [C] [panic.go:969]  E:/Go/src/net/http/server.go:2836
2020/08/04 16:41:31.956 [C] [panic.go:969]  E:/Go/src/net/http/server.go:1924
2020/08/04 16:41:31.956 [C] [panic.go:969]  E:/Go/src/runtime/asm_amd64.s:1373
2020/08/04 16:56:59.251 [I] [asm_amd64.s:1373]  Admin server Running on :8088
2020/08/04 16:56:59.251 [I] [asm_amd64.s:1373]  http server Running on http://:8080
2020/08/04 16:57:05.206 [C] [panic.go:969]  the request url is  /admin/sys/admin/a/1/b/2
2020/08/04 16:57:05.206 [C] [panic.go:969]  Handler crashed with error can't find templatefile in the path:views/admincontroller/index.tpl
2020/08/04 16:57:05.206 [C] [panic.go:969]  E:/Go/src/runtime/panic.go:969
2020/08/04 16:57:05.206 [C] [panic.go:969]  E:/go_www/pkg/mod/github.com/astaxie/beego@v1.12.2/template.go:75
2020/08/04 16:57:05.206 [C] [panic.go:969]  E:/go_www/pkg/mod/github.com/astaxie/beego@v1.12.2/controller.go:306
2020/08/04 16:57:05.206 [C] [panic.go:969]  E:/go_www/pkg/mod/github.com/astaxie/beego@v1.12.2/controller.go:257
2020/08/04 16:57:05.206 [C] [panic.go:969]  E:/go_www/pkg/mod/github.com/astaxie/beego@v1.12.2/controller.go:237
2020/08/04 16:57:05.206 [C] [panic.go:969]  E:/go_www/pkg/mod/github.com/astaxie/beego@v1.12.2/router.go:903
2020/08/04 16:57:05.206 [C] [panic.go:969]  E:/Go/src/net/http/server.go:2836
2020/08/04 16:57:05.206 [C] [panic.go:969]  E:/Go/src/net/http/server.go:1924
2020/08/04 16:57:05.207 [C] [panic.go:969]  E:/Go/src/runtime/asm_amd64.s:1373
2020/08/04 17:44:30.510 [I] [asm_amd64.s:1373]  Admin server Running on :8088
2020/08/04 17:44:30.510 [I] [asm_amd64.s:1373]  http server Running on http://:8080
2020/08/04 17:44:42.116 [C] [panic.go:969]  the request url is  /admin/sys/admin/a/1/b/2
2020/08/04 17:44:42.116 [C] [panic.go:969]  Handler crashed with error can't find templatefile in the path:views/admincontroller/index.tpl
2020/08/04 17:44:42.116 [C] [panic.go:969]  E:/Go/src/runtime/panic.go:969
2020/08/04 17:44:42.116 [C] [panic.go:969]  E:/go_www/pkg/mod/github.com/astaxie/beego@v1.12.2/template.go:75
2020/08/04 17:44:42.116 [C] [panic.go:969]  E:/go_www/pkg/mod/github.com/astaxie/beego@v1.12.2/controller.go:306
2020/08/04 17:44:42.116 [C] [panic.go:969]  E:/go_www/pkg/mod/github.com/astaxie/beego@v1.12.2/controller.go:257
2020/08/04 17:44:42.116 [C] [panic.go:969]  E:/go_www/pkg/mod/github.com/astaxie/beego@v1.12.2/controller.go:237
2020/08/04 17:44:42.116 [C] [panic.go:969]  E:/go_www/pkg/mod/github.com/astaxie/beego@v1.12.2/router.go:903
2020/08/04 17:44:42.116 [C] [panic.go:969]  E:/Go/src/net/http/server.go:2836
2020/08/04 17:44:42.116 [C] [panic.go:969]  E:/Go/src/net/http/server.go:1924
2020/08/04 17:44:42.116 [C] [panic.go:969]  E:/Go/src/runtime/asm_amd64.s:1373
2020/08/04 17:45:43.656 [I] [asm_amd64.s:1373]  Admin server Running on :8088
2020/08/04 17:45:43.656 [I] [asm_amd64.s:1373]  http server Running on http://:8080
2020/08/04 17:45:48.070 [C] [panic.go:969]  the request url is  /admin/sys/admin/a/1/b/2
2020/08/04 17:45:48.070 [C] [panic.go:969]  Handler crashed with error can't find templatefile in the path:views/admincontroller/index.tpl
2020/08/04 17:45:48.070 [C] [panic.go:969]  E:/Go/src/runtime/panic.go:969
2020/08/04 17:45:48.070 [C] [panic.go:969]  E:/go_www/pkg/mod/github.com/astaxie/beego@v1.12.2/template.go:75
2020/08/04 17:45:48.070 [C] [panic.go:969]  E:/go_www/pkg/mod/github.com/astaxie/beego@v1.12.2/controller.go:306
2020/08/04 17:45:48.070 [C] [panic.go:969]  E:/go_www/pkg/mod/github.com/astaxie/beego@v1.12.2/controller.go:257
2020/08/04 17:45:48.070 [C] [panic.go:969]  E:/go_www/pkg/mod/github.com/astaxie/beego@v1.12.2/controller.go:237
2020/08/04 17:45:48.070 [C] [panic.go:969]  E:/go_www/pkg/mod/github.com/astaxie/beego@v1.12.2/router.go:903
2020/08/04 17:45:48.070 [C] [panic.go:969]  E:/Go/src/net/http/server.go:2836
2020/08/04 17:45:48.070 [C] [panic.go:969]  E:/Go/src/net/http/server.go:1924
2020/08/04 17:45:48.070 [C] [panic.go:969]  E:/Go/src/runtime/asm_amd64.s:1373
2020/08/04 18:06:09.630 [I] [asm_amd64.s:1373]  Admin server Running on :8088
2020/08/04 18:06:09.630 [I] [asm_amd64.s:1373]  http server Running on http://:8080
2020/08/04 18:06:13.804 [D] [controller.go:306]  template Execute err: template: admin/admin/index.html:68:51: executing "admin/admin/index.html" at <$v.Login_at>: can't evaluate field Login_at in type *models.Admin
2020/08/04 18:06:13.804 [E] [server.go:2836]  template: admin/admin/index.html:68:51: executing "admin/admin/index.html" at <$v.Login_at>: can't evaluate field Login_at in type *models.Admin
2020/08/04 18:06:16.396 [D] [controller.go:306]  template Execute err: template: admin/admin/index.html:68:51: executing "admin/admin/index.html" at <$v.Login_at>: can't evaluate field Login_at in type *models.Admin
2020/08/04 18:06:16.396 [E] [server.go:2836]  template: admin/admin/index.html:68:51: executing "admin/admin/index.html" at <$v.Login_at>: can't evaluate field Login_at in type *models.Admin
2020/08/04 18:07:31.404 [I] [asm_amd64.s:1373]  http server Running on http://:8080
2020/08/04 18:07:31.404 [I] [asm_amd64.s:1373]  Admin server Running on :8088
2020/08/04 18:07:51.169 [D] [controller.go:306]  template Execute err: template: admin/admin/index.html:69:63: executing "admin/admin/index.html" at <date>: wrong number of args for date: want 2 got 1
2020/08/04 18:07:51.169 [E] [server.go:2836]  template: admin/admin/index.html:69:63: executing "admin/admin/index.html" at <date>: wrong number of args for date: want 2 got 1
2020/08/04 18:07:55.562 [D] [controller.go:306]  template Execute err: template: admin/admin/index.html:69:63: executing "admin/admin/index.html" at <date>: wrong number of args for date: want 2 got 1
2020/08/04 18:07:55.562 [E] [server.go:2836]  template: admin/admin/index.html:69:63: executing "admin/admin/index.html" at <date>: wrong number of args for date: want 2 got 1
2020/08/04 18:08:16.264 [D] [controller.go:306]  template Execute err: template: admin/admin/index.html:69:63: executing "admin/admin/index.html" at <date>: wrong number of args for date: want 2 got 1
2020/08/04 18:08:16.264 [E] [server.go:2836]  template: admin/admin/index.html:69:63: executing "admin/admin/index.html" at <date>: wrong number of args for date: want 2 got 1
2020/08/04 18:09:41.107 [I] [asm_amd64.s:1373]  http server Running on http://:8080
2020/08/04 18:09:41.107 [I] [asm_amd64.s:1373]  Admin server Running on :8088
2020/08/04 18:12:40.900 [I] [asm_amd64.s:1373]  http server Running on http://:8080
2020/08/04 18:12:40.900 [I] [asm_amd64.s:1373]  Admin server Running on :8088
2020/08/04 18:12:54.039 [D] [controller.go:306]  template Execute err: template: admin/admin/index.html:69:63: executing "admin/admin/index.html" at <date>: wrong number of args for date: want 2 got 1
2020/08/04 18:12:54.039 [E] [server.go:2836]  template: admin/admin/index.html:69:63: executing "admin/admin/index.html" at <date>: wrong number of args for date: want 2 got 1
2020/08/04 18:16:46.794 [D] [controller.go:306]  template Execute err: template: admin/admin/index.html:69:63: executing "admin/admin/index.html" at <date>: wrong number of args for date: want 2 got 1
2020/08/04 18:16:46.794 [E] [server.go:2836]  template: admin/admin/index.html:69:63: executing "admin/admin/index.html" at <date>: wrong number of args for date: want 2 got 1
2020/08/04 18:16:54.244 [I] [asm_amd64.s:1373]  http server Running on http://:8080
2020/08/04 18:16:54.244 [I] [asm_amd64.s:1373]  Admin server Running on :8088
2020/08/05 09:48:49.137 [I] [asm_amd64.s:1373]  Admin server Running on :8088
2020/08/05 09:48:49.137 [I] [asm_amd64.s:1373]  http server Running on http://:8080
2020/08/05 09:49:03.925 [D] [controller.go:306]  template Execute err: template: admin/admin/index.html:69:64: executing "admin/admin/index.html" at <$v.LoginAt>: wrong type for value; expected time.Time; got int64
2020/08/05 09:49:03.925 [E] [server.go:2836]  template: admin/admin/index.html:69:64: executing "admin/admin/index.html" at <$v.LoginAt>: wrong type for value; expected time.Time; got int64
2020/08/05 09:49:07.868 [D] [controller.go:306]  template Execute err: template: admin/admin/index.html:69:64: executing "admin/admin/index.html" at <$v.LoginAt>: wrong type for value; expected time.Time; got int64
2020/08/05 09:49:07.868 [E] [server.go:2836]  template: admin/admin/index.html:69:64: executing "admin/admin/index.html" at <$v.LoginAt>: wrong type for value; expected time.Time; got int64
2020/08/05 09:54:00.634 [I] [asm_amd64.s:1373]  Admin server Running on :8088
2020/08/05 09:54:00.634 [I] [asm_amd64.s:1373]  http server Running on http://:8080
2020/08/05 09:54:05.018 [D] [controller.go:306]  template Execute err: template: admin/admin/index.html:69:51: executing "admin/admin/index.html" at <date>: wrong number of args for date: want 1 got 2
2020/08/05 09:54:05.018 [E] [server.go:2836]  template: admin/admin/index.html:69:51: executing "admin/admin/index.html" at <date>: wrong number of args for date: want 1 got 2
2020/08/05 09:57:42.541 [I] [asm_amd64.s:1373]  Admin server Running on :8088
2020/08/05 09:57:42.541 [I] [asm_amd64.s:1373]  http server Running on http://:8080
2020/08/05 09:57:45.188 [D] [controller.go:306]  template Execute err: template: admin/admin/index.html:69:50: executing "admin/admin/index.html" at <date>: wrong number of args for date: want 1 got 2
2020/08/05 09:57:45.188 [E] [server.go:2836]  template: admin/admin/index.html:69:50: executing "admin/admin/index.html" at <date>: wrong number of args for date: want 1 got 2
2020/08/05 09:57:45.789 [D] [controller.go:306]  template Execute err: template: admin/admin/index.html:69:50: executing "admin/admin/index.html" at <date>: wrong number of args for date: want 1 got 2
2020/08/05 09:57:45.789 [E] [server.go:2836]  template: admin/admin/index.html:69:50: executing "admin/admin/index.html" at <date>: wrong number of args for date: want 1 got 2
2020/08/05 09:57:45.966 [D] [controller.go:306]  template Execute err: template: admin/admin/index.html:69:50: executing "admin/admin/index.html" at <date>: wrong number of args for date: want 1 got 2
2020/08/05 09:57:45.966 [E] [server.go:2836]  template: admin/admin/index.html:69:50: executing "admin/admin/index.html" at <date>: wrong number of args for date: want 1 got 2
2020/08/05 10:31:18.138 [I] [asm_amd64.s:1373]  http server Running on http://:8080
2020/08/05 10:31:18.138 [I] [asm_amd64.s:1373]  Admin server Running on :8088
2020/08/05 10:32:01.361 [I] [asm_amd64.s:1373]  Admin server Running on :8088
2020/08/05 10:32:01.361 [I] [asm_amd64.s:1373]  http server Running on http://:8080
2020/08/05 10:32:06.908 [D] [controller.go:306]  template Execute err: template: admin/admin/index.html:69:57: executing "admin/admin/index.html" at <$v.LoginAt>: wrong type for value; expected time.Time; got int64
2020/08/05 10:32:06.908 [E] [server.go:2836]  template: admin/admin/index.html:69:57: executing "admin/admin/index.html" at <$v.LoginAt>: wrong type for value; expected time.Time; got int64
2020/08/05 10:33:41.169 [I] [asm_amd64.s:1373]  http server Running on http://:8080
2020/08/05 10:33:41.169 [I] [asm_amd64.s:1373]  Admin server Running on :8088
2020/08/05 10:33:50.458 [I] [asm_amd64.s:1373]  Admin server Running on :8088
2020/08/05 10:33:50.458 [I] [asm_amd64.s:1373]  http server Running on http://:8080
2020/08/05 10:33:52.797 [D] [controller.go:306]  template Execute err: template: admin/admin/index.html:69:51: executing "admin/admin/index.html" at <dateformat>: wrong number of args for dateformat: want 2 got 1
2020/08/05 10:33:52.797 [E] [server.go:2836]  template: admin/admin/index.html:69:51: executing "admin/admin/index.html" at <dateformat>: wrong number of args for dateformat: want 2 got 1
2020/08/05 10:33:53.935 [D] [controller.go:306]  template Execute err: template: admin/admin/index.html:69:51: executing "admin/admin/index.html" at <dateformat>: wrong number of args for dateformat: want 2 got 1
2020/08/05 10:33:53.935 [E] [server.go:2836]  template: admin/admin/index.html:69:51: executing "admin/admin/index.html" at <dateformat>: wrong number of args for dateformat: want 2 got 1
2020/08/05 10:33:54.125 [D] [controller.go:306]  template Execute err: template: admin/admin/index.html:69:51: executing "admin/admin/index.html" at <dateformat>: wrong number of args for dateformat: want 2 got 1
2020/08/05 10:33:54.125 [E] [server.go:2836]  template: admin/admin/index.html:69:51: executing "admin/admin/index.html" at <dateformat>: wrong number of args for dateformat: want 2 got 1
2020/08/05 10:34:26.960 [I] [asm_amd64.s:1373]  http server Running on http://:8080
2020/08/05 10:34:26.960 [I] [asm_amd64.s:1373]  Admin server Running on :8088
2020/08/05 10:35:38.580 [I] [asm_amd64.s:1373]  Admin server Running on :8088
2020/08/05 10:35:38.580 [I] [asm_amd64.s:1373]  http server Running on http://:8080
2020/08/05 10:36:11.134 [I] [asm_amd64.s:1373]  http server Running on http://:8080
2020/08/05 10:36:11.134 [I] [asm_amd64.s:1373]  Admin server Running on :8088
2020/08/05 10:36:32.176 [I] [asm_amd64.s:1373]  http server Running on http://:8080
2020/08/05 10:36:32.176 [I] [asm_amd64.s:1373]  Admin server Running on :8088
2020/08/05 10:37:27.661 [I] [asm_amd64.s:1373]  http server Running on http://:8080
2020/08/05 10:37:27.661 [I] [asm_amd64.s:1373]  Admin server Running on :8088
2020/08/05 10:51:21.832 [I] [asm_amd64.s:1373]  Admin server Running on :8088
2020/08/05 10:51:21.832 [I] [asm_amd64.s:1373]  http server Running on http://:8080
2020/08/05 10:53:04.702 [I] [asm_amd64.s:1373]  Admin server Running on :8088
2020/08/05 10:53:04.702 [I] [asm_amd64.s:1373]  http server Running on http://:8080
2020/08/05 10:53:12.063 [C] [panic.go:969]  the request url is  /admin/sys/admin/del
2020/08/05 10:53:12.063 [C] [panic.go:969]  Handler crashed with error can't find templatefile in the path:views/admincontroller/del.tpl
2020/08/05 10:53:12.063 [C] [panic.go:969]  E:/Go/src/runtime/panic.go:969
2020/08/05 10:53:12.063 [C] [panic.go:969]  E:/go_www/pkg/mod/github.com/astaxie/beego@v1.12.2/template.go:75
2020/08/05 10:53:12.063 [C] [panic.go:969]  E:/go_www/pkg/mod/github.com/astaxie/beego@v1.12.2/controller.go:306
2020/08/05 10:53:12.063 [C] [panic.go:969]  E:/go_www/pkg/mod/github.com/astaxie/beego@v1.12.2/controller.go:257
2020/08/05 10:53:12.063 [C] [panic.go:969]  E:/go_www/pkg/mod/github.com/astaxie/beego@v1.12.2/controller.go:237
2020/08/05 10:53:12.063 [C] [panic.go:969]  E:/go_www/pkg/mod/github.com/astaxie/beego@v1.12.2/router.go:903
2020/08/05 10:53:12.063 [C] [panic.go:969]  E:/Go/src/net/http/server.go:2836
2020/08/05 10:53:12.063 [C] [panic.go:969]  E:/Go/src/net/http/server.go:1924
2020/08/05 10:53:12.063 [C] [panic.go:969]  E:/Go/src/runtime/asm_amd64.s:1373
2020/08/05 11:03:46.639 [I] [asm_amd64.s:1373]  Admin server Running on :8088
2020/08/05 11:03:46.639 [I] [asm_amd64.s:1373]  http server Running on http://:8080
2020/08/05 11:08:23.507 [I] [asm_amd64.s:1373]  http server Running on http://:8080
2020/08/05 11:08:23.507 [I] [asm_amd64.s:1373]  Admin server Running on :8088
2020/08/05 11:08:30.907 [C] [panic.go:969]  the request url is  /admin/sys/admin/del
2020/08/05 11:08:30.907 [C] [panic.go:969]  Handler crashed with error can't find templatefile in the path:views/admincontroller/del.tpl
2020/08/05 11:08:30.907 [C] [panic.go:969]  E:/Go/src/runtime/panic.go:969
2020/08/05 11:08:30.907 [C] [panic.go:969]  E:/go_www/pkg/mod/github.com/astaxie/beego@v1.12.2/template.go:75
2020/08/05 11:08:30.907 [C] [panic.go:969]  E:/go_www/pkg/mod/github.com/astaxie/beego@v1.12.2/controller.go:306
2020/08/05 11:08:30.907 [C] [panic.go:969]  E:/go_www/pkg/mod/github.com/astaxie/beego@v1.12.2/controller.go:257
2020/08/05 11:08:30.907 [C] [panic.go:969]  E:/go_www/pkg/mod/github.com/astaxie/beego@v1.12.2/controller.go:237
2020/08/05 11:08:30.907 [C] [panic.go:969]  E:/go_www/pkg/mod/github.com/astaxie/beego@v1.12.2/router.go:903
2020/08/05 11:08:30.907 [C] [panic.go:969]  E:/Go/src/net/http/server.go:2836
2020/08/05 11:08:30.907 [C] [panic.go:969]  E:/Go/src/net/http/server.go:1924
2020/08/05 11:08:30.908 [C] [panic.go:969]  E:/Go/src/runtime/asm_amd64.s:1373
2020/08/05 11:15:23.261 [I] [asm_amd64.s:1373]  http server Running on http://:8080
2020/08/05 11:15:23.261 [I] [asm_amd64.s:1373]  Admin server Running on :8088
2020/08/05 11:18:36.305 [I] [asm_amd64.s:1373]  http server Running on http://:8080
2020/08/05 11:18:36.305 [I] [asm_amd64.s:1373]  Admin server Running on :8088
2020/08/05 11:20:08.330 [I] [asm_amd64.s:1373]  Admin server Running on :8088
2020/08/05 11:20:08.330 [I] [asm_amd64.s:1373]  http server Running on http://:8080
2020/08/05 11:45:56.911 [I] [asm_amd64.s:1373]  Admin server Running on :8088
2020/08/05 11:45:56.911 [I] [asm_amd64.s:1373]  http server Running on http://:8080
2020/08/05 11:46:48.868 [I] [asm_amd64.s:1373]  http server Running on http://:8080
2020/08/05 11:46:48.867 [I] [asm_amd64.s:1373]  Admin server Running on :8088
2020/08/05 11:50:59.858 [I] [asm_amd64.s:1373]  Admin server Running on :8088
2020/08/05 11:50:59.858 [I] [asm_amd64.s:1373]  http server Running on http://:8080
2020/08/05 11:52:10.434 [I] [asm_amd64.s:1373]  Admin server Running on :8088
2020/08/05 11:52:10.434 [I] [asm_amd64.s:1373]  http server Running on http://:8080
2020/08/05 11:53:49.364 [I] [asm_amd64.s:1373]  Admin server Running on :8088
2020/08/05 11:53:49.364 [I] [asm_amd64.s:1373]  http server Running on http://:8080
2020/08/05 12:00:04.353 [I] [asm_amd64.s:1373]  Admin server Running on :8088
2020/08/05 12:00:04.353 [I] [asm_amd64.s:1373]  http server Running on http://:8080
2020/08/05 12:00:54.703 [I] [asm_amd64.s:1373]  http server Running on http://:8080
2020/08/05 12:00:54.703 [I] [asm_amd64.s:1373]  Admin server Running on :8088
2020/08/05 13:58:21.485 [I] [asm_amd64.s:1373]  http server Running on http://:8080
2020/08/05 13:58:21.485 [I] [asm_amd64.s:1373]  Admin server Running on :8088
2020/08/05 14:02:40.834 [I] [asm_amd64.s:1373]  Admin server Running on :8088
2020/08/05 14:02:40.834 [I] [asm_amd64.s:1373]  http server Running on http://:8080
2020/08/05 14:31:04.203 [I] [asm_amd64.s:1373]  Admin server Running on :8088
2020/08/05 14:31:04.203 [I] [asm_amd64.s:1373]  http server Running on http://:8080
2020/08/05 14:32:11.414 [I] [asm_amd64.s:1373]  Admin server Running on :8088
2020/08/05 14:32:11.414 [I] [asm_amd64.s:1373]  http server Running on http://:8080
2020/08/05 14:32:18.007 [C] [panic.go:969]  the request url is  /admin/sys/admin/add
2020/08/05 14:32:18.007 [C] [panic.go:969]  Handler crashed with error can't find templatefile in the path:views/admincontroller/add.tpl
2020/08/05 14:32:18.007 [C] [panic.go:969]  E:/Go/src/runtime/panic.go:969
2020/08/05 14:32:18.007 [C] [panic.go:969]  E:/go_www/pkg/mod/github.com/astaxie/beego@v1.12.2/template.go:75
2020/08/05 14:32:18.007 [C] [panic.go:969]  E:/go_www/pkg/mod/github.com/astaxie/beego@v1.12.2/controller.go:306
2020/08/05 14:32:18.007 [C] [panic.go:969]  E:/go_www/pkg/mod/github.com/astaxie/beego@v1.12.2/controller.go:257
2020/08/05 14:32:18.007 [C] [panic.go:969]  E:/go_www/pkg/mod/github.com/astaxie/beego@v1.12.2/controller.go:237
2020/08/05 14:32:18.007 [C] [panic.go:969]  E:/go_www/pkg/mod/github.com/astaxie/beego@v1.12.2/router.go:903
2020/08/05 14:32:18.007 [C] [panic.go:969]  E:/Go/src/net/http/server.go:2836
2020/08/05 14:32:18.007 [C] [panic.go:969]  E:/Go/src/net/http/server.go:1924
2020/08/05 14:32:18.007 [C] [panic.go:969]  E:/Go/src/runtime/asm_amd64.s:1373
2020/08/05 14:38:10.589 [I] [asm_amd64.s:1373]  Admin server Running on :8088
2020/08/05 14:38:10.589 [I] [asm_amd64.s:1373]  http server Running on http://:8080
2020/08/05 14:38:16.560 [C] [panic.go:969]  the request url is  /admin/sys/admin/add
2020/08/05 14:38:16.560 [C] [panic.go:969]  Handler crashed with error can't find templatefile in the path:views/admincontroller/add.tpl
2020/08/05 14:38:16.560 [C] [panic.go:969]  E:/Go/src/runtime/panic.go:969
2020/08/05 14:38:16.560 [C] [panic.go:969]  E:/go_www/pkg/mod/github.com/astaxie/beego@v1.12.2/template.go:75
2020/08/05 14:38:16.560 [C] [panic.go:969]  E:/go_www/pkg/mod/github.com/astaxie/beego@v1.12.2/controller.go:306
2020/08/05 14:38:16.560 [C] [panic.go:969]  E:/go_www/pkg/mod/github.com/astaxie/beego@v1.12.2/controller.go:257
2020/08/05 14:38:16.560 [C] [panic.go:969]  E:/go_www/pkg/mod/github.com/astaxie/beego@v1.12.2/controller.go:237
2020/08/05 14:38:16.560 [C] [panic.go:969]  E:/go_www/pkg/mod/github.com/astaxie/beego@v1.12.2/router.go:903
2020/08/05 14:38:16.560 [C] [panic.go:969]  E:/Go/src/net/http/server.go:2836
2020/08/05 14:38:16.560 [C] [panic.go:969]  E:/Go/src/net/http/server.go:1924
2020/08/05 14:38:16.560 [C] [panic.go:969]  E:/Go/src/runtime/asm_amd64.s:1373
2020/08/05 14:38:37.454 [C] [panic.go:969]  the request url is  /admin/sys/admin/add
2020/08/05 14:38:37.454 [C] [panic.go:969]  Handler crashed with error can't find templatefile in the path:views/admincontroller/add.tpl
2020/08/05 14:38:37.454 [C] [panic.go:969]  E:/Go/src/runtime/panic.go:969
2020/08/05 14:38:37.454 [C] [panic.go:969]  E:/go_www/pkg/mod/github.com/astaxie/beego@v1.12.2/template.go:75
2020/08/05 14:38:37.454 [C] [panic.go:969]  E:/go_www/pkg/mod/github.com/astaxie/beego@v1.12.2/controller.go:306
2020/08/05 14:38:37.454 [C] [panic.go:969]  E:/go_www/pkg/mod/github.com/astaxie/beego@v1.12.2/controller.go:257
2020/08/05 14:38:37.454 [C] [panic.go:969]  E:/go_www/pkg/mod/github.com/astaxie/beego@v1.12.2/controller.go:237
2020/08/05 14:38:37.454 [C] [panic.go:969]  E:/go_www/pkg/mod/github.com/astaxie/beego@v1.12.2/router.go:903
2020/08/05 14:38:37.454 [C] [panic.go:969]  E:/Go/src/net/http/server.go:2836
2020/08/05 14:38:37.454 [C] [panic.go:969]  E:/Go/src/net/http/server.go:1924
2020/08/05 14:38:37.454 [C] [panic.go:969]  E:/Go/src/runtime/asm_amd64.s:1373
2020/08/05 14:38:59.592 [I] [asm_amd64.s:1373]  Admin server Running on :8088
2020/08/05 14:38:59.592 [I] [asm_amd64.s:1373]  http server Running on http://:8080
2020/08/05 14:39:03.107 [C] [panic.go:969]  the request url is  /admin/sys/admin/add
2020/08/05 14:39:03.107 [C] [panic.go:969]  Handler crashed with error can't find templatefile in the path:views/admincontroller/add.tpl
2020/08/05 14:39:03.107 [C] [panic.go:969]  E:/Go/src/runtime/panic.go:969
2020/08/05 14:39:03.107 [C] [panic.go:969]  E:/go_www/pkg/mod/github.com/astaxie/beego@v1.12.2/template.go:75
2020/08/05 14:39:03.107 [C] [panic.go:969]  E:/go_www/pkg/mod/github.com/astaxie/beego@v1.12.2/controller.go:306
2020/08/05 14:39:03.107 [C] [panic.go:969]  E:/go_www/pkg/mod/github.com/astaxie/beego@v1.12.2/controller.go:257
2020/08/05 14:39:03.107 [C] [panic.go:969]  E:/go_www/pkg/mod/github.com/astaxie/beego@v1.12.2/controller.go:237
2020/08/05 14:39:03.107 [C] [panic.go:969]  E:/go_www/pkg/mod/github.com/astaxie/beego@v1.12.2/router.go:903
2020/08/05 14:39:03.107 [C] [panic.go:969]  E:/Go/src/net/http/server.go:2836
2020/08/05 14:39:03.107 [C] [panic.go:969]  E:/Go/src/net/http/server.go:1924
2020/08/05 14:39:03.107 [C] [panic.go:969]  E:/Go/src/runtime/asm_amd64.s:1373
2020/08/05 14:45:12.353 [I] [asm_amd64.s:1373]  Admin server Running on :8088
2020/08/05 14:45:12.353 [I] [asm_amd64.s:1373]  http server Running on http://:8080
2020/08/05 14:50:48.196 [I] [asm_amd64.s:1373]  Admin server Running on :8088
2020/08/05 14:50:48.196 [I] [asm_amd64.s:1373]  http server Running on http://:8080
2020/08/05 15:10:17.452 [I] [asm_amd64.s:1373]  http server Running on http://:8080
2020/08/05 15:10:17.452 [I] [asm_amd64.s:1373]  Admin server Running on :8088
2020/08/05 15:10:23.775 [C] [panic.go:969]  the request url is  /admin/sys/admin/edit/12
2020/08/05 15:10:23.775 [C] [panic.go:969]  Handler crashed with error can't find templatefile in the path:views/admincontroller/edit.tpl
2020/08/05 15:10:23.775 [C] [panic.go:969]  E:/Go/src/runtime/panic.go:969
2020/08/05 15:10:23.775 [C] [panic.go:969]  E:/go_www/pkg/mod/github.com/astaxie/beego@v1.12.2/template.go:75
2020/08/05 15:10:23.775 [C] [panic.go:969]  E:/go_www/pkg/mod/github.com/astaxie/beego@v1.12.2/controller.go:306
2020/08/05 15:10:23.775 [C] [panic.go:969]  E:/go_www/pkg/mod/github.com/astaxie/beego@v1.12.2/controller.go:257
2020/08/05 15:10:23.775 [C] [panic.go:969]  E:/go_www/pkg/mod/github.com/astaxie/beego@v1.12.2/controller.go:237
2020/08/05 15:10:23.775 [C] [panic.go:969]  E:/go_www/pkg/mod/github.com/astaxie/beego@v1.12.2/router.go:903
2020/08/05 15:10:23.775 [C] [panic.go:969]  E:/Go/src/net/http/server.go:2836
2020/08/05 15:10:23.775 [C] [panic.go:969]  E:/Go/src/net/http/server.go:1924
2020/08/05 15:10:23.775 [C] [panic.go:969]  E:/Go/src/runtime/asm_amd64.s:1373
2020/08/05 15:11:02.657 [I] [asm_amd64.s:1373]  http server Running on http://:8080
2020/08/05 15:11:02.657 [I] [asm_amd64.s:1373]  Admin server Running on :8088
2020/08/05 15:11:06.371 [C] [panic.go:969]  the request url is  /admin/sys/admin/edit/12
2020/08/05 15:11:06.371 [C] [panic.go:969]  Handler crashed with error can't find templatefile in the path:views/admincontroller/edit.tpl
2020/08/05 15:11:06.371 [C] [panic.go:969]  E:/Go/src/runtime/panic.go:969
2020/08/05 15:11:06.371 [C] [panic.go:969]  E:/go_www/pkg/mod/github.com/astaxie/beego@v1.12.2/template.go:75
2020/08/05 15:11:06.371 [C] [panic.go:969]  E:/go_www/pkg/mod/github.com/astaxie/beego@v1.12.2/controller.go:306
2020/08/05 15:11:06.371 [C] [panic.go:969]  E:/go_www/pkg/mod/github.com/astaxie/beego@v1.12.2/controller.go:257
2020/08/05 15:11:06.371 [C] [panic.go:969]  E:/go_www/pkg/mod/github.com/astaxie/beego@v1.12.2/controller.go:237
2020/08/05 15:11:06.371 [C] [panic.go:969]  E:/go_www/pkg/mod/github.com/astaxie/beego@v1.12.2/router.go:903
2020/08/05 15:11:06.371 [C] [panic.go:969]  E:/Go/src/net/http/server.go:2836
2020/08/05 15:11:06.371 [C] [panic.go:969]  E:/Go/src/net/http/server.go:1924
2020/08/05 15:11:06.371 [C] [panic.go:969]  E:/Go/src/runtime/asm_amd64.s:1373
2020/08/05 15:13:33.435 [C] [panic.go:969]  the request url is  /admin/sys/admin/edit/12
2020/08/05 15:13:33.435 [C] [panic.go:969]  Handler crashed with error can't find templatefile in the path:views/admincontroller/edit.tpl
2020/08/05 15:13:33.435 [C] [panic.go:969]  E:/Go/src/runtime/panic.go:969
2020/08/05 15:13:33.435 [C] [panic.go:969]  E:/go_www/pkg/mod/github.com/astaxie/beego@v1.12.2/template.go:75
2020/08/05 15:13:33.435 [C] [panic.go:969]  E:/go_www/pkg/mod/github.com/astaxie/beego@v1.12.2/controller.go:306
2020/08/05 15:13:33.435 [C] [panic.go:969]  E:/go_www/pkg/mod/github.com/astaxie/beego@v1.12.2/controller.go:257
2020/08/05 15:13:33.435 [C] [panic.go:969]  E:/go_www/pkg/mod/github.com/astaxie/beego@v1.12.2/controller.go:237
2020/08/05 15:13:33.435 [C] [panic.go:969]  E:/go_www/pkg/mod/github.com/astaxie/beego@v1.12.2/router.go:903
2020/08/05 15:13:33.435 [C] [panic.go:969]  E:/Go/src/net/http/server.go:2836
2020/08/05 15:13:33.435 [C] [panic.go:969]  E:/Go/src/net/http/server.go:1924
2020/08/05 15:13:33.435 [C] [panic.go:969]  E:/Go/src/runtime/asm_amd64.s:1373
2020/08/05 15:40:59.739 [I] [asm_amd64.s:1373]  http server Running on http://:8080
2020/08/05 15:40:59.739 [I] [asm_amd64.s:1373]  Admin server Running on :8088
2020/08/05 15:43:19.158 [I] [asm_amd64.s:1373]  Admin server Running on :8088
2020/08/05 15:43:19.158 [I] [asm_amd64.s:1373]  http server Running on http://:8080
2020/08/05 15:44:29.265 [I] [asm_amd64.s:1373]  http server Running on http://:8080
2020/08/05 15:44:29.265 [I] [asm_amd64.s:1373]  Admin server Running on :8088
2020/08/05 15:47:57.908 [I] [asm_amd64.s:1373]  Admin server Running on :8088
2020/08/05 15:47:57.908 [I] [asm_amd64.s:1373]  http server Running on http://:8080
2020/08/05 16:01:14.950 [I] [asm_amd64.s:1373]  Admin server Running on :8088
2020/08/05 16:01:14.950 [I] [asm_amd64.s:1373]  http server Running on http://:8080
2020/08/05 16:01:41.214 [C] [panic.go:969]  the request url is  /admin/sys/admin/edit/12
2020/08/05 16:01:41.214 [C] [panic.go:969]  Handler crashed with error can't find templatefile in the path:views/admincontroller/edit.tpl
2020/08/05 16:01:41.214 [C] [panic.go:969]  E:/Go/src/runtime/panic.go:969
2020/08/05 16:01:41.214 [C] [panic.go:969]  E:/go_www/pkg/mod/github.com/astaxie/beego@v1.12.2/template.go:75
2020/08/05 16:01:41.214 [C] [panic.go:969]  E:/go_www/pkg/mod/github.com/astaxie/beego@v1.12.2/controller.go:306
2020/08/05 16:01:41.214 [C] [panic.go:969]  E:/go_www/pkg/mod/github.com/astaxie/beego@v1.12.2/controller.go:257
2020/08/05 16:01:41.214 [C] [panic.go:969]  E:/go_www/pkg/mod/github.com/astaxie/beego@v1.12.2/controller.go:237
2020/08/05 16:01:41.214 [C] [panic.go:969]  E:/go_www/pkg/mod/github.com/astaxie/beego@v1.12.2/router.go:903
2020/08/05 16:01:41.214 [C] [panic.go:969]  E:/Go/src/net/http/server.go:2836
2020/08/05 16:01:41.214 [C] [panic.go:969]  E:/Go/src/net/http/server.go:1924
2020/08/05 16:01:41.214 [C] [panic.go:969]  E:/Go/src/runtime/asm_amd64.s:1373
2020/08/05 16:02:53.355 [I] [asm_amd64.s:1373]  Admin server Running on :8088
2020/08/05 16:02:53.355 [I] [asm_amd64.s:1373]  http server Running on http://:8080
2020/08/05 16:03:27.033 [I] [asm_amd64.s:1373]  Admin server Running on :8088
2020/08/05 16:03:27.033 [I] [asm_amd64.s:1373]  http server Running on http://:8080
2020/08/05 16:04:51.710 [I] [asm_amd64.s:1373]  http server Running on http://:8080
2020/08/05 16:04:51.710 [I] [asm_amd64.s:1373]  Admin server Running on :8088
2020/08/05 16:05:31.408 [I] [asm_amd64.s:1373]  http server Running on http://:8080
2020/08/05 16:05:31.408 [I] [asm_amd64.s:1373]  Admin server Running on :8088
2020/08/05 16:06:06.545 [I] [asm_amd64.s:1373]  Admin server Running on :8088
2020/08/05 16:06:06.545 [I] [asm_amd64.s:1373]  http server Running on http://:8080
2020/08/05 16:23:37.719 [I] [asm_amd64.s:1373]  http server Running on http://:8080
2020/08/05 16:23:37.719 [I] [asm_amd64.s:1373]  Admin server Running on :8088
2020/08/05 16:23:41.657 [C] [panic.go:969]  the request url is  /admin/sys/admin/edit/12
2020/08/05 16:23:41.657 [C] [panic.go:969]  Handler crashed with error runtime error: invalid memory address or nil pointer dereference
2020/08/05 16:23:41.657 [C] [panic.go:969]  E:/Go/src/runtime/panic.go:969
2020/08/05 16:23:41.657 [C] [panic.go:969]  E:/Go/src/runtime/panic.go:212
2020/08/05 16:23:41.657 [C] [panic.go:969]  E:/Go/src/runtime/signal_windows.go:246
2020/08/05 16:23:41.657 [C] [panic.go:969]  E:/Go/src/fmt/print.go:265
2020/08/05 16:23:41.657 [C] [panic.go:969]  E:/go_www/src/world/controllers/Admin/AdminController.go:110
2020/08/05 16:23:41.657 [C] [panic.go:969]  E:/Go/src/reflect/value.go:460
2020/08/05 16:23:41.657 [C] [panic.go:969]  E:/Go/src/reflect/value.go:321
2020/08/05 16:23:41.657 [C] [panic.go:969]  E:/go_www/pkg/mod/github.com/astaxie/beego@v1.12.2/router.go:891
2020/08/05 16:23:41.657 [C] [panic.go:969]  E:/Go/src/net/http/server.go:2836
2020/08/05 16:23:41.657 [C] [panic.go:969]  E:/Go/src/net/http/server.go:1924
2020/08/05 16:23:41.657 [C] [panic.go:969]  E:/Go/src/runtime/asm_amd64.s:1373
2020/08/05 16:24:18.007 [I] [asm_amd64.s:1373]  http server Running on http://:8080
2020/08/05 16:24:18.007 [I] [asm_amd64.s:1373]  Admin server Running on :8088
2020/08/05 16:24:21.340 [C] [panic.go:969]  the request url is  /admin/sys/admin/edit/12
2020/08/05 16:24:21.340 [C] [panic.go:969]  Handler crashed with error runtime error: invalid memory address or nil pointer dereference
2020/08/05 16:24:21.340 [C] [panic.go:969]  E:/Go/src/runtime/panic.go:969
2020/08/05 16:24:21.340 [C] [panic.go:969]  E:/Go/src/runtime/panic.go:212
2020/08/05 16:24:21.340 [C] [panic.go:969]  E:/Go/src/runtime/signal_windows.go:246
2020/08/05 16:24:21.340 [C] [panic.go:969]  E:/Go/src/fmt/print.go:265
2020/08/05 16:24:21.340 [C] [panic.go:969]  E:/go_www/src/world/controllers/Admin/AdminController.go:110
2020/08/05 16:24:21.340 [C] [panic.go:969]  E:/Go/src/reflect/value.go:460
2020/08/05 16:24:21.340 [C] [panic.go:969]  E:/Go/src/reflect/value.go:321
2020/08/05 16:24:21.340 [C] [panic.go:969]  E:/go_www/pkg/mod/github.com/astaxie/beego@v1.12.2/router.go:891
2020/08/05 16:24:21.340 [C] [panic.go:969]  E:/Go/src/net/http/server.go:2836
2020/08/05 16:24:21.340 [C] [panic.go:969]  E:/Go/src/net/http/server.go:1924
2020/08/05 16:24:21.340 [C] [panic.go:969]  E:/Go/src/runtime/asm_amd64.s:1373
2020/08/05 16:24:22.129 [C] [panic.go:969]  the request url is  /admin/sys/admin/edit/12
2020/08/05 16:24:22.129 [C] [panic.go:969]  Handler crashed with error runtime error: invalid memory address or nil pointer dereference
2020/08/05 16:24:22.129 [C] [panic.go:969]  E:/Go/src/runtime/panic.go:969
2020/08/05 16:24:22.129 [C] [panic.go:969]  E:/Go/src/runtime/panic.go:212
2020/08/05 16:24:22.129 [C] [panic.go:969]  E:/Go/src/runtime/signal_windows.go:246
2020/08/05 16:24:22.129 [C] [panic.go:969]  E:/Go/src/fmt/print.go:265
2020/08/05 16:24:22.129 [C] [panic.go:969]  E:/go_www/src/world/controllers/Admin/AdminController.go:110
2020/08/05 16:24:22.129 [C] [panic.go:969]  E:/Go/src/reflect/value.go:460
2020/08/05 16:24:22.129 [C] [panic.go:969]  E:/Go/src/reflect/value.go:321
2020/08/05 16:24:22.129 [C] [panic.go:969]  E:/go_www/pkg/mod/github.com/astaxie/beego@v1.12.2/router.go:891
2020/08/05 16:24:22.129 [C] [panic.go:969]  E:/Go/src/net/http/server.go:2836
2020/08/05 16:24:22.129 [C] [panic.go:969]  E:/Go/src/net/http/server.go:1924
2020/08/05 16:24:22.129 [C] [panic.go:969]  E:/Go/src/runtime/asm_amd64.s:1373
2020/08/05 16:24:22.387 [C] [panic.go:969]  the request url is  /admin/sys/admin/edit/12
2020/08/05 16:24:22.387 [C] [panic.go:969]  Handler crashed with error runtime error: invalid memory address or nil pointer dereference
2020/08/05 16:24:22.387 [C] [panic.go:969]  E:/Go/src/runtime/panic.go:969
2020/08/05 16:24:22.387 [C] [panic.go:969]  E:/Go/src/runtime/panic.go:212
2020/08/05 16:24:22.387 [C] [panic.go:969]  E:/Go/src/runtime/signal_windows.go:246
2020/08/05 16:24:22.387 [C] [panic.go:969]  E:/Go/src/fmt/print.go:265
2020/08/05 16:24:22.387 [C] [panic.go:969]  E:/go_www/src/world/controllers/Admin/AdminController.go:110
2020/08/05 16:24:22.387 [C] [panic.go:969]  E:/Go/src/reflect/value.go:460
2020/08/05 16:24:22.387 [C] [panic.go:969]  E:/Go/src/reflect/value.go:321
2020/08/05 16:24:22.387 [C] [panic.go:969]  E:/go_www/pkg/mod/github.com/astaxie/beego@v1.12.2/router.go:891
2020/08/05 16:24:22.387 [C] [panic.go:969]  E:/Go/src/net/http/server.go:2836
2020/08/05 16:24:22.387 [C] [panic.go:969]  E:/Go/src/net/http/server.go:1924
2020/08/05 16:24:22.387 [C] [panic.go:969]  E:/Go/src/runtime/asm_amd64.s:1373
2020/08/05 16:25:30.703 [I] [asm_amd64.s:1373]  http server Running on http://:8080
2020/08/05 16:25:30.703 [I] [asm_amd64.s:1373]  Admin server Running on :8088
2020/08/05 16:25:33.731 [C] [panic.go:969]  the request url is  /admin/sys/admin/edit/12
2020/08/05 16:25:33.732 [C] [panic.go:969]  Handler crashed with error runtime error: invalid memory address or nil pointer dereference
2020/08/05 16:25:33.732 [C] [panic.go:969]  E:/Go/src/runtime/panic.go:969
2020/08/05 16:25:33.732 [C] [panic.go:969]  E:/Go/src/runtime/panic.go:212
2020/08/05 16:25:33.732 [C] [panic.go:969]  E:/Go/src/runtime/signal_windows.go:246
2020/08/05 16:25:33.732 [C] [panic.go:969]  E:/Go/src/fmt/print.go:233
2020/08/05 16:25:33.732 [C] [panic.go:969]  E:/go_www/src/world/controllers/Admin/AdminController.go:110
2020/08/05 16:25:33.732 [C] [panic.go:969]  E:/Go/src/reflect/value.go:460
2020/08/05 16:25:33.732 [C] [panic.go:969]  E:/Go/src/reflect/value.go:321
2020/08/05 16:25:33.732 [C] [panic.go:969]  E:/go_www/pkg/mod/github.com/astaxie/beego@v1.12.2/router.go:891
2020/08/05 16:25:33.732 [C] [panic.go:969]  E:/Go/src/net/http/server.go:2836
2020/08/05 16:25:33.732 [C] [panic.go:969]  E:/Go/src/net/http/server.go:1924
2020/08/05 16:25:33.732 [C] [panic.go:969]  E:/Go/src/runtime/asm_amd64.s:1373
2020/08/05 16:25:34.333 [C] [panic.go:969]  the request url is  /admin/sys/admin/edit/12
2020/08/05 16:25:34.333 [C] [panic.go:969]  Handler crashed with error runtime error: invalid memory address or nil pointer dereference
2020/08/05 16:25:34.333 [C] [panic.go:969]  E:/Go/src/runtime/panic.go:969
2020/08/05 16:25:34.333 [C] [panic.go:969]  E:/Go/src/runtime/panic.go:212
2020/08/05 16:25:34.333 [C] [panic.go:969]  E:/Go/src/runtime/signal_windows.go:246
2020/08/05 16:25:34.333 [C] [panic.go:969]  E:/Go/src/fmt/print.go:233
2020/08/05 16:25:34.333 [C] [panic.go:969]  E:/go_www/src/world/controllers/Admin/AdminController.go:110
2020/08/05 16:25:34.334 [C] [panic.go:969]  E:/Go/src/reflect/value.go:460
2020/08/05 16:25:34.334 [C] [panic.go:969]  E:/Go/src/reflect/value.go:321
2020/08/05 16:25:34.334 [C] [panic.go:969]  E:/go_www/pkg/mod/github.com/astaxie/beego@v1.12.2/router.go:891
2020/08/05 16:25:34.334 [C] [panic.go:969]  E:/Go/src/net/http/server.go:2836
2020/08/05 16:25:34.334 [C] [panic.go:969]  E:/Go/src/net/http/server.go:1924
2020/08/05 16:25:34.334 [C] [panic.go:969]  E:/Go/src/runtime/asm_amd64.s:1373
2020/08/05 16:25:34.533 [C] [panic.go:969]  the request url is  /admin/sys/admin/edit/12
2020/08/05 16:25:34.533 [C] [panic.go:969]  Handler crashed with error runtime error: invalid memory address or nil pointer dereference
2020/08/05 16:25:34.533 [C] [panic.go:969]  E:/Go/src/runtime/panic.go:969
2020/08/05 16:25:34.533 [C] [panic.go:969]  E:/Go/src/runtime/panic.go:212
2020/08/05 16:25:34.533 [C] [panic.go:969]  E:/Go/src/runtime/signal_windows.go:246
2020/08/05 16:25:34.533 [C] [panic.go:969]  E:/Go/src/fmt/print.go:233
2020/08/05 16:25:34.533 [C] [panic.go:969]  E:/go_www/src/world/controllers/Admin/AdminController.go:110
2020/08/05 16:25:34.533 [C] [panic.go:969]  E:/Go/src/reflect/value.go:460
2020/08/05 16:25:34.533 [C] [panic.go:969]  E:/Go/src/reflect/value.go:321
2020/08/05 16:25:34.533 [C] [panic.go:969]  E:/go_www/pkg/mod/github.com/astaxie/beego@v1.12.2/router.go:891
2020/08/05 16:25:34.533 [C] [panic.go:969]  E:/Go/src/net/http/server.go:2836
2020/08/05 16:25:34.533 [C] [panic.go:969]  E:/Go/src/net/http/server.go:1924
2020/08/05 16:25:34.533 [C] [panic.go:969]  E:/Go/src/runtime/asm_amd64.s:1373
2020/08/05 16:28:22.575 [I] [asm_amd64.s:1373]  Admin server Running on :8088
2020/08/05 16:28:22.575 [I] [asm_amd64.s:1373]  http server Running on http://:8080
2020/08/05 16:54:34.282 [I] [asm_amd64.s:1373]  http server Running on http://:8080
2020/08/05 16:54:34.282 [I] [asm_amd64.s:1373]  Admin server Running on :8088
2020/08/05 17:36:50.694 [I] [asm_amd64.s:1373]  Admin server Running on :8088
2020/08/05 17:36:50.694 [I] [asm_amd64.s:1373]  http server Running on http://:8080
2020/08/05 17:38:47.754 [I] [asm_amd64.s:1373]  Admin server Running on :8088
2020/08/05 17:38:47.754 [I] [asm_amd64.s:1373]  http server Running on http://:8080
2020/08/05 17:39:42.195 [C] [panic.go:969]  the request url is  /admin/sys/admin/edit/12
2020/08/05 17:39:42.195 [C] [panic.go:969]  Handler crashed with error interface conversion: error is *validator.InvalidValidationError, not validator.ValidationErrors
2020/08/05 17:39:42.195 [C] [panic.go:969]  E:/Go/src/runtime/panic.go:969
2020/08/05 17:39:42.195 [C] [panic.go:969]  E:/Go/src/runtime/iface.go:260
2020/08/05 17:39:42.195 [C] [panic.go:969]  E:/Go/src/runtime/iface.go:270
2020/08/05 17:39:42.195 [C] [panic.go:969]  E:/go_www/src/world/controllers/Admin/AdminController.go:122
2020/08/05 17:39:42.195 [C] [panic.go:969]  E:/Go/src/reflect/value.go:460
2020/08/05 17:39:42.195 [C] [panic.go:969]  E:/Go/src/reflect/value.go:321
2020/08/05 17:39:42.195 [C] [panic.go:969]  E:/go_www/pkg/mod/github.com/astaxie/beego@v1.12.2/router.go:891
2020/08/05 17:39:42.195 [C] [panic.go:969]  E:/Go/src/net/http/server.go:2836
2020/08/05 17:39:42.195 [C] [panic.go:969]  E:/Go/src/net/http/server.go:1924
2020/08/05 17:39:42.195 [C] [panic.go:969]  E:/Go/src/runtime/asm_amd64.s:1373
2020/08/05 17:44:29.863 [I] [asm_amd64.s:1373]  http server Running on http://:8080
2020/08/05 17:44:29.863 [I] [asm_amd64.s:1373]  Admin server Running on :8088
2020/08/05 17:44:35.171 [C] [panic.go:969]  the request url is  /admin/sys/admin/edit/12
2020/08/05 17:44:35.171 [C] [panic.go:969]  Handler crashed with error interface conversion: error is *validator.InvalidValidationError, not validator.ValidationErrors
2020/08/05 17:44:35.171 [C] [panic.go:969]  E:/Go/src/runtime/panic.go:969
2020/08/05 17:44:35.171 [C] [panic.go:969]  E:/Go/src/runtime/iface.go:260
2020/08/05 17:44:35.171 [C] [panic.go:969]  E:/Go/src/runtime/iface.go:270
2020/08/05 17:44:35.171 [C] [panic.go:969]  E:/go_www/src/world/controllers/Admin/AdminController.go:122
2020/08/05 17:44:35.171 [C] [panic.go:969]  E:/Go/src/reflect/value.go:460
2020/08/05 17:44:35.171 [C] [panic.go:969]  E:/Go/src/reflect/value.go:321
2020/08/05 17:44:35.171 [C] [panic.go:969]  E:/go_www/pkg/mod/github.com/astaxie/beego@v1.12.2/router.go:891
2020/08/05 17:44:35.171 [C] [panic.go:969]  E:/Go/src/net/http/server.go:2836
2020/08/05 17:44:35.171 [C] [panic.go:969]  E:/Go/src/net/http/server.go:1924
2020/08/05 17:44:35.171 [C] [panic.go:969]  E:/Go/src/runtime/asm_amd64.s:1373
2020/08/05 17:45:55.075 [I] [asm_amd64.s:1373]  http server Running on http://:8080
2020/08/05 17:45:55.075 [I] [asm_amd64.s:1373]  Admin server Running on :8088
2020/08/05 17:45:57.930 [C] [panic.go:969]  the request url is  /admin/sys/admin/edit/12
2020/08/05 17:45:57.930 [C] [panic.go:969]  Handler crashed with error interface conversion: error is *validator.InvalidValidationError, not validator.ValidationErrors
2020/08/05 17:45:57.930 [C] [panic.go:969]  E:/Go/src/runtime/panic.go:969
2020/08/05 17:45:57.930 [C] [panic.go:969]  E:/Go/src/runtime/iface.go:260
2020/08/05 17:45:57.930 [C] [panic.go:969]  E:/Go/src/runtime/iface.go:270
2020/08/05 17:45:57.930 [C] [panic.go:969]  E:/go_www/src/world/controllers/Admin/AdminController.go:123
2020/08/05 17:45:57.930 [C] [panic.go:969]  E:/Go/src/reflect/value.go:460
2020/08/05 17:45:57.930 [C] [panic.go:969]  E:/Go/src/reflect/value.go:321
2020/08/05 17:45:57.930 [C] [panic.go:969]  E:/go_www/pkg/mod/github.com/astaxie/beego@v1.12.2/router.go:891
2020/08/05 17:45:57.930 [C] [panic.go:969]  E:/Go/src/net/http/server.go:2836
2020/08/05 17:45:57.930 [C] [panic.go:969]  E:/Go/src/net/http/server.go:1924
2020/08/05 17:45:57.930 [C] [panic.go:969]  E:/Go/src/runtime/asm_amd64.s:1373
2020/08/05 17:47:01.078 [I] [asm_amd64.s:1373]  http server Running on http://:8080
2020/08/05 17:47:01.078 [I] [asm_amd64.s:1373]  Admin server Running on :8088
2020/08/05 17:47:07.484 [I] [asm_amd64.s:1373]  http server Running on http://:8080
2020/08/05 17:47:07.484 [I] [asm_amd64.s:1373]  Admin server Running on :8088
2020/08/05 17:47:09.413 [C] [panic.go:969]  the request url is  /admin/sys/admin/edit/12
2020/08/05 17:47:09.413 [C] [panic.go:969]  Handler crashed with error assignment to entry in nil map
2020/08/05 17:47:09.413 [C] [panic.go:969]  E:/Go/src/runtime/panic.go:969
2020/08/05 17:47:09.413 [C] [panic.go:969]  E:/Go/src/runtime/map_faststr.go:204
2020/08/05 17:47:09.413 [C] [panic.go:969]  E:/go_www/src/world/controllers/Admin/AdminController.go:140
2020/08/05 17:47:09.413 [C] [panic.go:969]  E:/Go/src/reflect/value.go:460
2020/08/05 17:47:09.413 [C] [panic.go:969]  E:/Go/src/reflect/value.go:321
2020/08/05 17:47:09.413 [C] [panic.go:969]  E:/go_www/pkg/mod/github.com/astaxie/beego@v1.12.2/router.go:891
2020/08/05 17:47:09.413 [C] [panic.go:969]  E:/Go/src/net/http/server.go:2836
2020/08/05 17:47:09.413 [C] [panic.go:969]  E:/Go/src/net/http/server.go:1924
2020/08/05 17:47:09.413 [C] [panic.go:969]  E:/Go/src/runtime/asm_amd64.s:1373
2020/08/05 17:49:45.230 [I] [asm_amd64.s:1373]  Admin server Running on :8088
2020/08/05 17:49:45.230 [I] [asm_amd64.s:1373]  http server Running on http://:8080
2020/08/05 17:57:12.504 [I] [asm_amd64.s:1373]  Admin server Running on :8088
2020/08/05 17:57:12.504 [I] [asm_amd64.s:1373]  http server Running on http://:8080
2020/08/05 17:58:44.609 [I] [asm_amd64.s:1373]  Admin server Running on :8088
2020/08/05 17:58:44.609 [I] [asm_amd64.s:1373]  http server Running on http://:8080
