2020/07/17 18:07:14.439 [C] [panic.go:969]  the request url is  /
2020/07/17 18:07:14.439 [C] [panic.go:969]  Handler crashed with error &{{{0 0} 0 0 0 0} 0xc0002a8120 sql: database is closed 0 0xc000300000 false 0 {0xc0002ca280} 0xc0000f0160 {{0 0} {{map[gorm:order_by_primary_key:0xc000484018] false}} map[] 0} 0xc00005c5b0 <nil> 0xc0000967a0 false <nil>}
2020/07/17 18:07:14.439 [C] [panic.go:969]  E:/Go/src/runtime/panic.go:969
2020/07/17 18:07:14.439 [C] [panic.go:969]  E:/go_www/src/world/controllers/default.go:15
2020/07/17 18:07:14.439 [C] [panic.go:969]  E:/go_www/pkg/mod/github.com/astaxie/beego@v1.12.2/router.go:871
2020/07/17 18:07:14.439 [C] [panic.go:969]  E:/Go/src/net/http/server.go:2836
2020/07/17 18:07:14.439 [C] [panic.go:969]  E:/Go/src/net/http/server.go:1924
2020/07/17 18:07:14.439 [C] [panic.go:969]  E:/Go/src/runtime/asm_amd64.s:1373
2020/07/17 18:09:46.526 [C] [panic.go:969]  the request url is  /
2020/07/17 18:09:46.526 [C] [panic.go:969]  Handler crashed with error &{{{0 0} 0 0 0 0} 0xc000500180 <nil> 1 0xc000244480 false 0 {0xc0002d4690} 0xc000376160 {{0 0} {{map[gorm:order_by_primary_key:0xc0004ba4b0] false}} map[] 0} 0xc00030b790 <nil> 0xc000114900 false <nil>}
2020/07/17 18:09:46.526 [C] [panic.go:969]  E:/Go/src/runtime/panic.go:969
2020/07/17 18:09:46.526 [C] [panic.go:969]  E:/go_www/src/world/controllers/default.go:16
2020/07/17 18:09:46.526 [C] [panic.go:969]  E:/go_www/pkg/mod/github.com/astaxie/beego@v1.12.2/router.go:871
2020/07/17 18:09:46.526 [C] [panic.go:969]  E:/Go/src/net/http/server.go:2836
2020/07/17 18:09:46.526 [C] [panic.go:969]  E:/Go/src/net/http/server.go:1924
2020/07/17 18:09:46.526 [C] [panic.go:969]  E:/Go/src/runtime/asm_amd64.s:1373
2020/07/17 18:12:32.098 [C] [panic.go:969]  the request url is  /
2020/07/17 18:12:32.098 [C] [panic.go:969]  Handler crashed with error {1 admin e10adc3949ba59abbe56e057f20f883e 13839958207 127.0.0.1 1593324826 1562057575}
2020/07/17 18:12:32.098 [C] [panic.go:969]  E:/Go/src/runtime/panic.go:969
2020/07/17 18:12:32.098 [C] [panic.go:969]  E:/go_www/src/world/controllers/default.go:17
2020/07/17 18:12:32.098 [C] [panic.go:969]  E:/go_www/pkg/mod/github.com/astaxie/beego@v1.12.2/router.go:871
2020/07/17 18:12:32.098 [C] [panic.go:969]  E:/Go/src/net/http/server.go:2836
2020/07/17 18:12:32.098 [C] [panic.go:969]  E:/Go/src/net/http/server.go:1924
2020/07/17 18:12:32.098 [C] [panic.go:969]  E:/Go/src/runtime/asm_amd64.s:1373
2020/07/29 10:33:39.499 [C] [panic.go:969]  the request url is  /
2020/07/29 10:33:39.499 [C] [panic.go:969]  Handler crashed with error {1 admin e10adc3949ba59abbe56e057f20f883e 13839958207 127.0.0.1 1593324826 1562057575}
2020/07/29 10:33:39.499 [C] [panic.go:969]  E:/Go/src/runtime/panic.go:969
2020/07/29 10:33:39.499 [C] [panic.go:969]  E:/go_www/src/world/controllers/default.go:17
2020/07/29 10:33:39.499 [C] [panic.go:969]  E:/go_www/pkg/mod/github.com/astaxie/beego@v1.12.2/router.go:871
2020/07/29 10:33:39.499 [C] [panic.go:969]  E:/Go/src/net/http/server.go:2836
2020/07/29 10:33:39.500 [C] [panic.go:969]  E:/Go/src/net/http/server.go:1924
2020/07/29 10:33:39.500 [C] [panic.go:969]  E:/Go/src/runtime/asm_amd64.s:1373
2020/07/29 10:33:41.371 [C] [panic.go:969]  the request url is  /
2020/07/29 10:33:41.371 [C] [panic.go:969]  Handler crashed with error {0     0 0}
2020/07/29 10:33:41.371 [C] [panic.go:969]  E:/Go/src/runtime/panic.go:969
2020/07/29 10:33:41.371 [C] [panic.go:969]  E:/go_www/src/world/controllers/default.go:17
2020/07/29 10:33:41.371 [C] [panic.go:969]  E:/go_www/pkg/mod/github.com/astaxie/beego@v1.12.2/router.go:871
2020/07/29 10:33:41.371 [C] [panic.go:969]  E:/Go/src/net/http/server.go:2836
2020/07/29 10:33:41.371 [C] [panic.go:969]  E:/Go/src/net/http/server.go:1924
2020/07/29 10:33:41.371 [C] [panic.go:969]  E:/Go/src/runtime/asm_amd64.s:1373
2020/07/29 10:35:04.811 [C] [panic.go:969]  the request url is  /
2020/07/29 10:35:04.811 [C] [panic.go:969]  Handler crashed with error {1 admin e10adc3949ba59abbe56e057f20f883e 13839958207 127.0.0.1 1593324826 1562057575}
2020/07/29 10:35:04.811 [C] [panic.go:969]  E:/Go/src/runtime/panic.go:969
2020/07/29 10:35:04.811 [C] [panic.go:969]  E:/go_www/src/world/controllers/default.go:17
2020/07/29 10:35:04.811 [C] [panic.go:969]  E:/go_www/pkg/mod/github.com/astaxie/beego@v1.12.2/router.go:871
2020/07/29 10:35:04.811 [C] [panic.go:969]  E:/Go/src/net/http/server.go:2836
2020/07/29 10:35:04.811 [C] [panic.go:969]  E:/Go/src/net/http/server.go:1924
2020/07/29 10:35:04.811 [C] [panic.go:969]  E:/Go/src/runtime/asm_amd64.s:1373
2020/07/29 10:35:45.628 [C] [panic.go:969]  the request url is  /
2020/07/29 10:35:45.628 [C] [panic.go:969]  Handler crashed with error {1 admin e10adc3949ba59abbe56e057f20f883e 13839958207 127.0.0.1 1593324826 1562057575}
2020/07/29 10:35:45.628 [C] [panic.go:969]  E:/Go/src/runtime/panic.go:969
2020/07/29 10:35:45.628 [C] [panic.go:969]  E:/go_www/src/world/controllers/default.go:16
2020/07/29 10:35:45.628 [C] [panic.go:969]  E:/go_www/pkg/mod/github.com/astaxie/beego@v1.12.2/router.go:871
2020/07/29 10:35:45.628 [C] [panic.go:969]  E:/Go/src/net/http/server.go:2836
2020/07/29 10:35:45.628 [C] [panic.go:969]  E:/Go/src/net/http/server.go:1924
2020/07/29 10:35:45.628 [C] [panic.go:969]  E:/Go/src/runtime/asm_amd64.s:1373
2020/07/29 14:43:29.715 [C] [panic.go:969]  the request url is  /
2020/07/29 14:43:29.715 [C] [panic.go:969]  Handler crashed with error can't find templatefile in the path:views/home/index/index.html
2020/07/29 14:43:29.715 [C] [panic.go:969]  E:/Go/src/runtime/panic.go:969
2020/07/29 14:43:29.715 [C] [panic.go:969]  E:/go_www/pkg/mod/github.com/astaxie/beego@v1.12.2/template.go:75
2020/07/29 14:43:29.715 [C] [panic.go:969]  E:/go_www/pkg/mod/github.com/astaxie/beego@v1.12.2/controller.go:306
2020/07/29 14:43:29.715 [C] [panic.go:969]  E:/go_www/pkg/mod/github.com/astaxie/beego@v1.12.2/controller.go:257
2020/07/29 14:43:29.715 [C] [panic.go:969]  E:/go_www/pkg/mod/github.com/astaxie/beego@v1.12.2/controller.go:237
2020/07/29 14:43:29.715 [C] [panic.go:969]  E:/go_www/pkg/mod/github.com/astaxie/beego@v1.12.2/router.go:903
2020/07/29 14:43:29.715 [C] [panic.go:969]  E:/Go/src/net/http/server.go:2836
2020/07/29 14:43:29.715 [C] [panic.go:969]  E:/Go/src/net/http/server.go:1924
2020/07/29 14:43:29.715 [C] [panic.go:969]  E:/Go/src/runtime/asm_amd64.s:1373
2020/07/29 14:43:31.816 [C] [panic.go:969]  the request url is  /
2020/07/29 14:43:31.816 [C] [panic.go:969]  Handler crashed with error can't find templatefile in the path:views/home/index/index.html
2020/07/29 14:43:31.816 [C] [panic.go:969]  E:/Go/src/runtime/panic.go:969
2020/07/29 14:43:31.816 [C] [panic.go:969]  E:/go_www/pkg/mod/github.com/astaxie/beego@v1.12.2/template.go:75
2020/07/29 14:43:31.816 [C] [panic.go:969]  E:/go_www/pkg/mod/github.com/astaxie/beego@v1.12.2/controller.go:306
2020/07/29 14:43:31.816 [C] [panic.go:969]  E:/go_www/pkg/mod/github.com/astaxie/beego@v1.12.2/controller.go:257
2020/07/29 14:43:31.816 [C] [panic.go:969]  E:/go_www/pkg/mod/github.com/astaxie/beego@v1.12.2/controller.go:237
2020/07/29 14:43:31.816 [C] [panic.go:969]  E:/go_www/pkg/mod/github.com/astaxie/beego@v1.12.2/router.go:903
2020/07/29 14:43:31.816 [C] [panic.go:969]  E:/Go/src/net/http/server.go:2836
2020/07/29 14:43:31.816 [C] [panic.go:969]  E:/Go/src/net/http/server.go:1924
2020/07/29 14:43:31.816 [C] [panic.go:969]  E:/Go/src/runtime/asm_amd64.s:1373
2020/07/29 14:43:58.909 [C] [panic.go:969]  the request url is  /
2020/07/29 14:43:58.909 [C] [panic.go:969]  Handler crashed with error can't find templatefile in the path:views/home/index/index.html
2020/07/29 14:43:58.909 [C] [panic.go:969]  E:/Go/src/runtime/panic.go:969
2020/07/29 14:43:58.909 [C] [panic.go:969]  E:/go_www/pkg/mod/github.com/astaxie/beego@v1.12.2/template.go:75
2020/07/29 14:43:58.909 [C] [panic.go:969]  E:/go_www/pkg/mod/github.com/astaxie/beego@v1.12.2/controller.go:306
2020/07/29 14:43:58.910 [C] [panic.go:969]  E:/go_www/pkg/mod/github.com/astaxie/beego@v1.12.2/controller.go:257
2020/07/29 14:43:58.910 [C] [panic.go:969]  E:/go_www/pkg/mod/github.com/astaxie/beego@v1.12.2/controller.go:237
2020/07/29 14:43:58.910 [C] [panic.go:969]  E:/go_www/pkg/mod/github.com/astaxie/beego@v1.12.2/router.go:903
2020/07/29 14:43:58.910 [C] [panic.go:969]  E:/Go/src/net/http/server.go:2836
2020/07/29 14:43:58.910 [C] [panic.go:969]  E:/Go/src/net/http/server.go:1924
2020/07/29 14:43:58.910 [C] [panic.go:969]  E:/Go/src/runtime/asm_amd64.s:1373
2020/07/29 16:20:07.751 [C] [panic.go:969]  the request url is  /admin/editPwd
2020/07/29 16:20:07.751 [C] [panic.go:969]  Handler crashed with error can't find templatefile in the path:views/indexcontroller/editpwd.tpl
2020/07/29 16:20:07.751 [C] [panic.go:969]  E:/Go/src/runtime/panic.go:969
2020/07/29 16:20:07.751 [C] [panic.go:969]  E:/go_www/pkg/mod/github.com/astaxie/beego@v1.12.2/template.go:75
2020/07/29 16:20:07.752 [C] [panic.go:969]  E:/go_www/pkg/mod/github.com/astaxie/beego@v1.12.2/controller.go:306
2020/07/29 16:20:07.752 [C] [panic.go:969]  E:/go_www/pkg/mod/github.com/astaxie/beego@v1.12.2/controller.go:257
2020/07/29 16:20:07.752 [C] [panic.go:969]  E:/go_www/pkg/mod/github.com/astaxie/beego@v1.12.2/controller.go:237
2020/07/29 16:20:07.752 [C] [panic.go:969]  E:/go_www/pkg/mod/github.com/astaxie/beego@v1.12.2/router.go:903
2020/07/29 16:20:07.752 [C] [panic.go:969]  E:/Go/src/net/http/server.go:2836
2020/07/29 16:20:07.752 [C] [panic.go:969]  E:/Go/src/net/http/server.go:1924
2020/07/29 16:20:07.752 [C] [panic.go:969]  E:/Go/src/runtime/asm_amd64.s:1373
2020/08/03 17:14:47.463 [C] [panic.go:969]  the request url is  /admin/login
2020/08/03 17:14:47.463 [C] [panic.go:969]  Handler crashed with error runtime error: invalid memory address or nil pointer dereference
2020/08/03 17:14:47.463 [C] [panic.go:969]  E:/Go/src/runtime/panic.go:969
2020/08/03 17:14:47.463 [C] [panic.go:969]  E:/Go/src/runtime/panic.go:212
2020/08/03 17:14:47.463 [C] [panic.go:969]  E:/Go/src/runtime/signal_windows.go:246
2020/08/03 17:14:47.463 [C] [panic.go:969]  E:/go_www/pkg/mod/github.com/go-playground/validator/v10@v10.3.0/validator_instance.go:299
2020/08/03 17:14:47.463 [C] [panic.go:969]  E:/go_www/pkg/mod/github.com/go-playground/validator/v10@v10.3.0/validator_instance.go:277
2020/08/03 17:14:47.463 [C] [panic.go:969]  E:/go_www/src/world/controllers/Admin/LoginController.go:33
2020/08/03 17:14:47.463 [C] [panic.go:969]  E:/Go/src/reflect/value.go:460
2020/08/03 17:14:47.464 [C] [panic.go:969]  E:/Go/src/reflect/value.go:321
2020/08/03 17:14:47.464 [C] [panic.go:969]  E:/go_www/pkg/mod/github.com/astaxie/beego@v1.12.2/router.go:891
2020/08/03 17:14:47.464 [C] [panic.go:969]  E:/Go/src/net/http/server.go:2836
2020/08/03 17:14:47.464 [C] [panic.go:969]  E:/Go/src/net/http/server.go:1924
2020/08/03 17:14:47.464 [C] [panic.go:969]  E:/Go/src/runtime/asm_amd64.s:1373
2020/08/03 17:18:23.802 [C] [panic.go:975]  the request url is  /admin/login
2020/08/03 17:18:23.802 [C] [panic.go:975]  Handler crashed with error runtime error: invalid memory address or nil pointer dereference
2020/08/03 17:18:23.802 [C] [panic.go:975]  E:/Go/src/runtime/panic.go:975
2020/08/03 17:18:23.802 [C] [panic.go:975]  E:/Go/src/runtime/panic.go:212
2020/08/03 17:18:23.802 [C] [panic.go:975]  E:/Go/src/runtime/signal_windows.go:246
2020/08/03 17:18:23.802 [C] [panic.go:975]  E:/go_www/pkg/mod/github.com/go-playground/validator/v10@v10.3.0/validator_instance.go:299
2020/08/03 17:18:23.802 [C] [panic.go:975]  E:/go_www/pkg/mod/github.com/go-playground/validator/v10@v10.3.0/validator_instance.go:277
2020/08/03 17:18:23.802 [C] [panic.go:975]  E:/go_www/src/world/controllers/Admin/LoginController.go:33
2020/08/03 17:18:23.802 [C] [panic.go:975]  E:/Go/src/reflect/value.go:460
2020/08/03 17:18:23.802 [C] [panic.go:975]  E:/Go/src/reflect/value.go:321
2020/08/03 17:18:23.802 [C] [panic.go:975]  E:/go_www/pkg/mod/github.com/astaxie/beego@v1.12.2/router.go:891
2020/08/03 17:18:23.802 [C] [panic.go:975]  E:/Go/src/net/http/server.go:2836
2020/08/03 17:18:23.802 [C] [panic.go:975]  E:/Go/src/net/http/server.go:1924
2020/08/03 17:18:23.802 [C] [panic.go:975]  E:/Go/src/runtime/asm_amd64.s:1373
2020/08/03 17:18:55.706 [C] [panic.go:975]  the request url is  /admin/login
2020/08/03 17:18:55.706 [C] [panic.go:975]  Handler crashed with error runtime error: invalid memory address or nil pointer dereference
2020/08/03 17:18:55.706 [C] [panic.go:975]  E:/Go/src/runtime/panic.go:975
2020/08/03 17:18:55.706 [C] [panic.go:975]  E:/Go/src/runtime/panic.go:212
2020/08/03 17:18:55.706 [C] [panic.go:975]  E:/Go/src/runtime/signal_windows.go:246
2020/08/03 17:18:55.706 [C] [panic.go:975]  E:/go_www/pkg/mod/github.com/go-playground/validator/v10@v10.3.0/validator_instance.go:299
2020/08/03 17:18:55.706 [C] [panic.go:975]  E:/go_www/pkg/mod/github.com/go-playground/validator/v10@v10.3.0/validator_instance.go:277
2020/08/03 17:18:55.706 [C] [panic.go:975]  E:/go_www/src/world/controllers/Admin/LoginController.go:33
2020/08/03 17:18:55.706 [C] [panic.go:975]  E:/Go/src/reflect/value.go:460
2020/08/03 17:18:55.706 [C] [panic.go:975]  E:/Go/src/reflect/value.go:321
2020/08/03 17:18:55.706 [C] [panic.go:975]  E:/go_www/pkg/mod/github.com/astaxie/beego@v1.12.2/router.go:891
2020/08/03 17:18:55.706 [C] [panic.go:975]  E:/Go/src/net/http/server.go:2836
2020/08/03 17:18:55.706 [C] [panic.go:975]  E:/Go/src/net/http/server.go:1924
2020/08/03 17:18:55.706 [C] [panic.go:975]  E:/Go/src/runtime/asm_amd64.s:1373
2020/08/03 17:19:52.633 [C] [panic.go:975]  the request url is  /admin/login
2020/08/03 17:19:52.633 [C] [panic.go:975]  Handler crashed with error runtime error: invalid memory address or nil pointer dereference
2020/08/03 17:19:52.633 [C] [panic.go:975]  E:/Go/src/runtime/panic.go:975
2020/08/03 17:19:52.633 [C] [panic.go:975]  E:/Go/src/runtime/panic.go:212
2020/08/03 17:19:52.633 [C] [panic.go:975]  E:/Go/src/runtime/signal_windows.go:246
2020/08/03 17:19:52.633 [C] [panic.go:975]  E:/go_www/pkg/mod/github.com/go-playground/validator/v10@v10.3.0/validator_instance.go:299
2020/08/03 17:19:52.633 [C] [panic.go:975]  E:/go_www/pkg/mod/github.com/go-playground/validator/v10@v10.3.0/validator_instance.go:277
2020/08/03 17:19:52.633 [C] [panic.go:975]  E:/go_www/src/world/controllers/Admin/LoginController.go:33
2020/08/03 17:19:52.633 [C] [panic.go:975]  E:/Go/src/reflect/value.go:460
2020/08/03 17:19:52.633 [C] [panic.go:975]  E:/Go/src/reflect/value.go:321
2020/08/03 17:19:52.633 [C] [panic.go:975]  E:/go_www/pkg/mod/github.com/astaxie/beego@v1.12.2/router.go:891
2020/08/03 17:19:52.634 [C] [panic.go:975]  E:/Go/src/net/http/server.go:2836
2020/08/03 17:19:52.634 [C] [panic.go:975]  E:/Go/src/net/http/server.go:1924
2020/08/03 17:19:52.634 [C] [panic.go:975]  E:/Go/src/runtime/asm_amd64.s:1373
2020/08/03 17:20:26.853 [C] [panic.go:969]  the request url is  /admin/login
2020/08/03 17:20:26.853 [C] [panic.go:969]  Handler crashed with error runtime error: invalid memory address or nil pointer dereference
2020/08/03 17:20:26.853 [C] [panic.go:969]  E:/Go/src/runtime/panic.go:969
2020/08/03 17:20:26.853 [C] [panic.go:969]  E:/Go/src/runtime/panic.go:212
2020/08/03 17:20:26.853 [C] [panic.go:969]  E:/Go/src/runtime/signal_windows.go:246
2020/08/03 17:20:26.853 [C] [panic.go:969]  E:/go_www/pkg/mod/github.com/go-playground/validator/v10@v10.3.0/validator_instance.go:299
2020/08/03 17:20:26.853 [C] [panic.go:969]  E:/go_www/pkg/mod/github.com/go-playground/validator/v10@v10.3.0/validator_instance.go:277
2020/08/03 17:20:26.853 [C] [panic.go:969]  E:/go_www/src/world/controllers/Admin/LoginController.go:33
2020/08/03 17:20:26.853 [C] [panic.go:969]  E:/Go/src/reflect/value.go:460
2020/08/03 17:20:26.853 [C] [panic.go:969]  E:/Go/src/reflect/value.go:321
2020/08/03 17:20:26.853 [C] [panic.go:969]  E:/go_www/pkg/mod/github.com/astaxie/beego@v1.12.2/router.go:891
2020/08/03 17:20:26.853 [C] [panic.go:969]  E:/Go/src/net/http/server.go:2836
2020/08/03 17:20:26.853 [C] [panic.go:969]  E:/Go/src/net/http/server.go:1924
2020/08/03 17:20:26.853 [C] [panic.go:969]  E:/Go/src/runtime/asm_amd64.s:1373
2020/08/03 17:21:08.213 [C] [panic.go:969]  the request url is  /admin/login
2020/08/03 17:21:08.213 [C] [panic.go:969]  Handler crashed with error runtime error: invalid memory address or nil pointer dereference
2020/08/03 17:21:08.213 [C] [panic.go:969]  E:/Go/src/runtime/panic.go:969
2020/08/03 17:21:08.213 [C] [panic.go:969]  E:/Go/src/runtime/panic.go:212
2020/08/03 17:21:08.213 [C] [panic.go:969]  E:/Go/src/runtime/signal_windows.go:246
2020/08/03 17:21:08.213 [C] [panic.go:969]  E:/go_www/pkg/mod/github.com/go-playground/validator/v10@v10.3.0/validator_instance.go:299
2020/08/03 17:21:08.213 [C] [panic.go:969]  E:/go_www/pkg/mod/github.com/go-playground/validator/v10@v10.3.0/validator_instance.go:277
2020/08/03 17:21:08.213 [C] [panic.go:969]  E:/go_www/src/world/controllers/Admin/LoginController.go:33
2020/08/03 17:21:08.213 [C] [panic.go:969]  E:/Go/src/reflect/value.go:460
2020/08/03 17:21:08.213 [C] [panic.go:969]  E:/Go/src/reflect/value.go:321
2020/08/03 17:21:08.213 [C] [panic.go:969]  E:/go_www/pkg/mod/github.com/astaxie/beego@v1.12.2/router.go:891
2020/08/03 17:21:08.213 [C] [panic.go:969]  E:/Go/src/net/http/server.go:2836
2020/08/03 17:21:08.213 [C] [panic.go:969]  E:/Go/src/net/http/server.go:1924
2020/08/03 17:21:08.213 [C] [panic.go:969]  E:/Go/src/runtime/asm_amd64.s:1373
2020/08/03 17:22:14.057 [C] [panic.go:969]  the request url is  /admin/login
2020/08/03 17:22:14.057 [C] [panic.go:969]  Handler crashed with error runtime error: invalid memory address or nil pointer dereference
2020/08/03 17:22:14.057 [C] [panic.go:969]  E:/Go/src/runtime/panic.go:969
2020/08/03 17:22:14.057 [C] [panic.go:969]  E:/Go/src/runtime/panic.go:212
2020/08/03 17:22:14.057 [C] [panic.go:969]  E:/Go/src/runtime/signal_windows.go:246
2020/08/03 17:22:14.057 [C] [panic.go:969]  E:/go_www/pkg/mod/github.com/go-playground/validator/v10@v10.3.0/validator_instance.go:299
2020/08/03 17:22:14.057 [C] [panic.go:969]  E:/go_www/pkg/mod/github.com/go-playground/validator/v10@v10.3.0/validator_instance.go:277
2020/08/03 17:22:14.057 [C] [panic.go:969]  E:/go_www/src/world/controllers/Admin/LoginController.go:33
2020/08/03 17:22:14.057 [C] [panic.go:969]  E:/Go/src/reflect/value.go:460
2020/08/03 17:22:14.057 [C] [panic.go:969]  E:/Go/src/reflect/value.go:321
2020/08/03 17:22:14.057 [C] [panic.go:969]  E:/go_www/pkg/mod/github.com/astaxie/beego@v1.12.2/router.go:891
2020/08/03 17:22:14.057 [C] [panic.go:969]  E:/Go/src/net/http/server.go:2836
2020/08/03 17:22:14.057 [C] [panic.go:969]  E:/Go/src/net/http/server.go:1924
2020/08/03 17:22:14.057 [C] [panic.go:969]  E:/Go/src/runtime/asm_amd64.s:1373
2020/08/03 17:22:17.300 [C] [panic.go:969]  the request url is  /admin/login
2020/08/03 17:22:17.300 [C] [panic.go:969]  Handler crashed with error runtime error: invalid memory address or nil pointer dereference
2020/08/03 17:22:17.300 [C] [panic.go:969]  E:/Go/src/runtime/panic.go:969
2020/08/03 17:22:17.300 [C] [panic.go:969]  E:/Go/src/runtime/panic.go:212
2020/08/03 17:22:17.300 [C] [panic.go:969]  E:/Go/src/runtime/signal_windows.go:246
2020/08/03 17:22:17.300 [C] [panic.go:969]  E:/go_www/pkg/mod/github.com/go-playground/validator/v10@v10.3.0/validator_instance.go:299
2020/08/03 17:22:17.300 [C] [panic.go:969]  E:/go_www/pkg/mod/github.com/go-playground/validator/v10@v10.3.0/validator_instance.go:277
2020/08/03 17:22:17.300 [C] [panic.go:969]  E:/go_www/src/world/controllers/Admin/LoginController.go:33
2020/08/03 17:22:17.300 [C] [panic.go:969]  E:/Go/src/reflect/value.go:460
2020/08/03 17:22:17.300 [C] [panic.go:969]  E:/Go/src/reflect/value.go:321
2020/08/03 17:22:17.300 [C] [panic.go:969]  E:/go_www/pkg/mod/github.com/astaxie/beego@v1.12.2/router.go:891
2020/08/03 17:22:17.300 [C] [panic.go:969]  E:/Go/src/net/http/server.go:2836
2020/08/03 17:22:17.300 [C] [panic.go:969]  E:/Go/src/net/http/server.go:1924
2020/08/03 17:22:17.300 [C] [panic.go:969]  E:/Go/src/runtime/asm_amd64.s:1373
2020/08/03 17:35:33.964 [C] [panic.go:969]  the request url is  /admin/login
2020/08/03 17:35:33.964 [C] [panic.go:969]  Handler crashed with error Key: 'Login.Name' Error:Field validation for 'Name' failed on the 'max' tag
2020/08/03 17:35:33.964 [C] [panic.go:969]  E:/Go/src/runtime/panic.go:969
2020/08/03 17:35:33.964 [C] [panic.go:969]  E:/go_www/src/world/controllers/Admin/LoginController.go:37
2020/08/03 17:35:33.964 [C] [panic.go:969]  E:/Go/src/reflect/value.go:460
2020/08/03 17:35:33.964 [C] [panic.go:969]  E:/Go/src/reflect/value.go:321
2020/08/03 17:35:33.964 [C] [panic.go:969]  E:/go_www/pkg/mod/github.com/astaxie/beego@v1.12.2/router.go:891
2020/08/03 17:35:33.964 [C] [panic.go:969]  E:/Go/src/net/http/server.go:2836
2020/08/03 17:35:33.964 [C] [panic.go:969]  E:/Go/src/net/http/server.go:1924
2020/08/03 17:35:33.964 [C] [panic.go:969]  E:/Go/src/runtime/asm_amd64.s:1373
2020/08/03 17:40:14.664 [C] [panic.go:969]  the request url is  /admin/login
2020/08/03 17:40:14.664 [C] [panic.go:969]  Handler crashed with error Key: 'Login.Name' Error:Field validation for 'Name' failed on the 'max' tag
Key: 'Login.Password' Error:Field validation for 'Password' failed on the 'numeric' tag
2020/08/03 17:40:14.664 [C] [panic.go:969]  E:/Go/src/runtime/panic.go:969
2020/08/03 17:40:14.664 [C] [panic.go:969]  E:/go_www/src/world/controllers/Admin/LoginController.go:37
2020/08/03 17:40:14.664 [C] [panic.go:969]  E:/Go/src/reflect/value.go:460
2020/08/03 17:40:14.664 [C] [panic.go:969]  E:/Go/src/reflect/value.go:321
2020/08/03 17:40:14.664 [C] [panic.go:969]  E:/go_www/pkg/mod/github.com/astaxie/beego@v1.12.2/router.go:891
2020/08/03 17:40:14.664 [C] [panic.go:969]  E:/Go/src/net/http/server.go:2836
2020/08/03 17:40:14.664 [C] [panic.go:969]  E:/Go/src/net/http/server.go:1924
2020/08/03 17:40:14.664 [C] [panic.go:969]  E:/Go/src/runtime/asm_amd64.s:1373
2020/08/04 10:54:13.982 [C] [panic.go:969]  the request url is  /admin/editPwd
2020/08/04 10:54:13.982 [C] [panic.go:969]  Handler crashed with error can't find templatefile in the path:views/indexcontroller/editpwd.tpl
2020/08/04 10:54:13.982 [C] [panic.go:969]  E:/Go/src/runtime/panic.go:969
2020/08/04 10:54:13.982 [C] [panic.go:969]  E:/go_www/pkg/mod/github.com/astaxie/beego@v1.12.2/template.go:75
2020/08/04 10:54:13.982 [C] [panic.go:969]  E:/go_www/pkg/mod/github.com/astaxie/beego@v1.12.2/controller.go:306
2020/08/04 10:54:13.982 [C] [panic.go:969]  E:/go_www/pkg/mod/github.com/astaxie/beego@v1.12.2/controller.go:257
2020/08/04 10:54:13.982 [C] [panic.go:969]  E:/go_www/pkg/mod/github.com/astaxie/beego@v1.12.2/controller.go:237
2020/08/04 10:54:13.982 [C] [panic.go:969]  E:/go_www/pkg/mod/github.com/astaxie/beego@v1.12.2/router.go:903
2020/08/04 10:54:13.982 [C] [panic.go:969]  E:/Go/src/net/http/server.go:2836
2020/08/04 10:54:13.982 [C] [panic.go:969]  E:/Go/src/net/http/server.go:1924
2020/08/04 10:54:13.982 [C] [panic.go:969]  E:/Go/src/runtime/asm_amd64.s:1373
2020/08/04 10:55:11.596 [C] [panic.go:969]  the request url is  /admin/editPwd
2020/08/04 10:55:11.596 [C] [panic.go:969]  Handler crashed with error can't find templatefile in the path:views/indexcontroller/editpwd.tpl
2020/08/04 10:55:11.596 [C] [panic.go:969]  E:/Go/src/runtime/panic.go:969
2020/08/04 10:55:11.596 [C] [panic.go:969]  E:/go_www/pkg/mod/github.com/astaxie/beego@v1.12.2/template.go:75
2020/08/04 10:55:11.596 [C] [panic.go:969]  E:/go_www/pkg/mod/github.com/astaxie/beego@v1.12.2/controller.go:306
2020/08/04 10:55:11.596 [C] [panic.go:969]  E:/go_www/pkg/mod/github.com/astaxie/beego@v1.12.2/controller.go:257
2020/08/04 10:55:11.596 [C] [panic.go:969]  E:/go_www/pkg/mod/github.com/astaxie/beego@v1.12.2/controller.go:237
2020/08/04 10:55:11.596 [C] [panic.go:969]  E:/go_www/pkg/mod/github.com/astaxie/beego@v1.12.2/router.go:903
2020/08/04 10:55:11.596 [C] [panic.go:969]  E:/Go/src/net/http/server.go:2836
2020/08/04 10:55:11.596 [C] [panic.go:969]  E:/Go/src/net/http/server.go:1924
2020/08/04 10:55:11.596 [C] [panic.go:969]  E:/Go/src/runtime/asm_amd64.s:1373
2020/08/04 10:57:38.679 [C] [panic.go:975]  the request url is  /admin/editPwd
2020/08/04 10:57:38.679 [C] [panic.go:975]  Handler crashed with error can't find templatefile in the path:views/indexcontroller/editpwd.tpl
2020/08/04 10:57:38.679 [C] [panic.go:975]  E:/Go/src/runtime/panic.go:975
2020/08/04 10:57:38.679 [C] [panic.go:975]  E:/go_www/pkg/mod/github.com/astaxie/beego@v1.12.2/template.go:75
2020/08/04 10:57:38.679 [C] [panic.go:975]  E:/go_www/pkg/mod/github.com/astaxie/beego@v1.12.2/controller.go:306
2020/08/04 10:57:38.679 [C] [panic.go:975]  E:/go_www/pkg/mod/github.com/astaxie/beego@v1.12.2/controller.go:257
2020/08/04 10:57:38.679 [C] [panic.go:975]  E:/go_www/pkg/mod/github.com/astaxie/beego@v1.12.2/controller.go:237
2020/08/04 10:57:38.679 [C] [panic.go:975]  E:/go_www/pkg/mod/github.com/astaxie/beego@v1.12.2/router.go:903
2020/08/04 10:57:38.679 [C] [panic.go:975]  E:/Go/src/net/http/server.go:2836
2020/08/04 10:57:38.679 [C] [panic.go:975]  E:/Go/src/net/http/server.go:1924
2020/08/04 10:57:38.679 [C] [panic.go:975]  E:/Go/src/runtime/asm_amd64.s:1373
2020/08/04 11:00:49.023 [C] [panic.go:969]  the request url is  /admin/editPwd
2020/08/04 11:00:49.023 [C] [panic.go:969]  Handler crashed with error can't find templatefile in the path:views/indexcontroller/editpwd.tpl
2020/08/04 11:00:49.023 [C] [panic.go:969]  E:/Go/src/runtime/panic.go:969
2020/08/04 11:00:49.023 [C] [panic.go:969]  E:/go_www/pkg/mod/github.com/astaxie/beego@v1.12.2/template.go:75
2020/08/04 11:00:49.024 [C] [panic.go:969]  E:/go_www/pkg/mod/github.com/astaxie/beego@v1.12.2/controller.go:306
2020/08/04 11:00:49.024 [C] [panic.go:969]  E:/go_www/pkg/mod/github.com/astaxie/beego@v1.12.2/controller.go:257
2020/08/04 11:00:49.024 [C] [panic.go:969]  E:/go_www/pkg/mod/github.com/astaxie/beego@v1.12.2/controller.go:237
2020/08/04 11:00:49.024 [C] [panic.go:969]  E:/go_www/pkg/mod/github.com/astaxie/beego@v1.12.2/router.go:903
2020/08/04 11:00:49.024 [C] [panic.go:969]  E:/Go/src/net/http/server.go:2836
2020/08/04 11:00:49.024 [C] [panic.go:969]  E:/Go/src/net/http/server.go:1924
2020/08/04 11:00:49.024 [C] [panic.go:969]  E:/Go/src/runtime/asm_amd64.s:1373
2020/08/04 11:01:51.636 [C] [panic.go:969]  the request url is  /admin/editPwd
2020/08/04 11:01:51.636 [C] [panic.go:969]  Handler crashed with error can't find templatefile in the path:views/indexcontroller/editpwd.tpl
2020/08/04 11:01:51.636 [C] [panic.go:969]  E:/Go/src/runtime/panic.go:969
2020/08/04 11:01:51.636 [C] [panic.go:969]  E:/go_www/pkg/mod/github.com/astaxie/beego@v1.12.2/template.go:75
2020/08/04 11:01:51.636 [C] [panic.go:969]  E:/go_www/pkg/mod/github.com/astaxie/beego@v1.12.2/controller.go:306
2020/08/04 11:01:51.636 [C] [panic.go:969]  E:/go_www/pkg/mod/github.com/astaxie/beego@v1.12.2/controller.go:257
2020/08/04 11:01:51.636 [C] [panic.go:969]  E:/go_www/pkg/mod/github.com/astaxie/beego@v1.12.2/controller.go:237
2020/08/04 11:01:51.636 [C] [panic.go:969]  E:/go_www/pkg/mod/github.com/astaxie/beego@v1.12.2/router.go:903
2020/08/04 11:01:51.636 [C] [panic.go:969]  E:/Go/src/net/http/server.go:2836
2020/08/04 11:01:51.636 [C] [panic.go:969]  E:/Go/src/net/http/server.go:1924
2020/08/04 11:01:51.636 [C] [panic.go:969]  E:/Go/src/runtime/asm_amd64.s:1373
2020/08/04 16:14:44.250 [C] [panic.go:969]  the request url is  /admin/sys/admin
2020/08/04 16:14:44.250 [C] [panic.go:969]  Handler crashed with error 
2020/08/04 16:14:44.250 [C] [panic.go:969]  E:/Go/src/runtime/panic.go:969
2020/08/04 16:14:44.250 [C] [panic.go:969]  E:/go_www/src/world/controllers/Admin/AdminController.go:9
2020/08/04 16:14:44.250 [C] [panic.go:969]  E:/Go/src/reflect/value.go:460
2020/08/04 16:14:44.250 [C] [panic.go:969]  E:/Go/src/reflect/value.go:321
2020/08/04 16:14:44.250 [C] [panic.go:969]  E:/go_www/pkg/mod/github.com/astaxie/beego@v1.12.2/router.go:891
2020/08/04 16:14:44.250 [C] [panic.go:969]  E:/Go/src/net/http/server.go:2836
2020/08/04 16:14:44.250 [C] [panic.go:969]  E:/Go/src/net/http/server.go:1924
2020/08/04 16:14:44.250 [C] [panic.go:969]  E:/Go/src/runtime/asm_amd64.s:1373
2020/08/04 16:15:05.355 [C] [panic.go:969]  the request url is  /admin/sys/admin
2020/08/04 16:15:05.355 [C] [panic.go:969]  Handler crashed with error 
2020/08/04 16:15:05.355 [C] [panic.go:969]  E:/Go/src/runtime/panic.go:969
2020/08/04 16:15:05.355 [C] [panic.go:969]  E:/go_www/src/world/controllers/Admin/AdminController.go:9
2020/08/04 16:15:05.355 [C] [panic.go:969]  E:/Go/src/reflect/value.go:460
2020/08/04 16:15:05.355 [C] [panic.go:969]  E:/Go/src/reflect/value.go:321
2020/08/04 16:15:05.355 [C] [panic.go:969]  E:/go_www/pkg/mod/github.com/astaxie/beego@v1.12.2/router.go:891
2020/08/04 16:15:05.355 [C] [panic.go:969]  E:/Go/src/net/http/server.go:2836
2020/08/04 16:15:05.355 [C] [panic.go:969]  E:/Go/src/net/http/server.go:1924
2020/08/04 16:15:05.355 [C] [panic.go:969]  E:/Go/src/runtime/asm_amd64.s:1373
2020/08/04 16:15:55.099 [C] [panic.go:969]  the request url is  /admin/sys/admin
2020/08/04 16:15:55.099 [C] [panic.go:969]  Handler crashed with error 
2020/08/04 16:15:55.099 [C] [panic.go:969]  E:/Go/src/runtime/panic.go:969
2020/08/04 16:15:55.099 [C] [panic.go:969]  E:/go_www/src/world/controllers/Admin/AdminController.go:9
2020/08/04 16:15:55.099 [C] [panic.go:969]  E:/Go/src/reflect/value.go:460
2020/08/04 16:15:55.099 [C] [panic.go:969]  E:/Go/src/reflect/value.go:321
2020/08/04 16:15:55.099 [C] [panic.go:969]  E:/go_www/pkg/mod/github.com/astaxie/beego@v1.12.2/router.go:891
2020/08/04 16:15:55.099 [C] [panic.go:969]  E:/Go/src/net/http/server.go:2836
2020/08/04 16:15:55.099 [C] [panic.go:969]  E:/Go/src/net/http/server.go:1924
2020/08/04 16:15:55.099 [C] [panic.go:969]  E:/Go/src/runtime/asm_amd64.s:1373
2020/08/04 16:16:57.057 [C] [panic.go:969]  the request url is  /admin/sys/admin
2020/08/04 16:16:57.057 [C] [panic.go:969]  Handler crashed with error can't find templatefile in the path:views/admincontroller/index.tpl
2020/08/04 16:16:57.057 [C] [panic.go:969]  E:/Go/src/runtime/panic.go:969
2020/08/04 16:16:57.057 [C] [panic.go:969]  E:/go_www/pkg/mod/github.com/astaxie/beego@v1.12.2/template.go:75
2020/08/04 16:16:57.058 [C] [panic.go:969]  E:/go_www/pkg/mod/github.com/astaxie/beego@v1.12.2/controller.go:306
2020/08/04 16:16:57.058 [C] [panic.go:969]  E:/go_www/pkg/mod/github.com/astaxie/beego@v1.12.2/controller.go:257
2020/08/04 16:16:57.058 [C] [panic.go:969]  E:/go_www/pkg/mod/github.com/astaxie/beego@v1.12.2/controller.go:237
2020/08/04 16:16:57.058 [C] [panic.go:969]  E:/go_www/pkg/mod/github.com/astaxie/beego@v1.12.2/router.go:903
2020/08/04 16:16:57.058 [C] [panic.go:969]  E:/Go/src/net/http/server.go:2836
2020/08/04 16:16:57.058 [C] [panic.go:969]  E:/Go/src/net/http/server.go:1924
2020/08/04 16:16:57.058 [C] [panic.go:969]  E:/Go/src/runtime/asm_amd64.s:1373
2020/08/04 16:41:21.144 [C] [panic.go:969]  the request url is  /admin/sys/admin
2020/08/04 16:41:21.144 [C] [panic.go:969]  Handler crashed with error can't find templatefile in the path:views/admincontroller/index.tpl
2020/08/04 16:41:21.144 [C] [panic.go:969]  E:/Go/src/runtime/panic.go:969
2020/08/04 16:41:21.144 [C] [panic.go:969]  E:/go_www/pkg/mod/github.com/astaxie/beego@v1.12.2/template.go:75
2020/08/04 16:41:21.144 [C] [panic.go:969]  E:/go_www/pkg/mod/github.com/astaxie/beego@v1.12.2/controller.go:306
2020/08/04 16:41:21.144 [C] [panic.go:969]  E:/go_www/pkg/mod/github.com/astaxie/beego@v1.12.2/controller.go:257
2020/08/04 16:41:21.144 [C] [panic.go:969]  E:/go_www/pkg/mod/github.com/astaxie/beego@v1.12.2/controller.go:237
2020/08/04 16:41:21.144 [C] [panic.go:969]  E:/go_www/pkg/mod/github.com/astaxie/beego@v1.12.2/router.go:903
2020/08/04 16:41:21.144 [C] [panic.go:969]  E:/Go/src/net/http/server.go:2836
2020/08/04 16:41:21.144 [C] [panic.go:969]  E:/Go/src/net/http/server.go:1924
2020/08/04 16:41:21.144 [C] [panic.go:969]  E:/Go/src/runtime/asm_amd64.s:1373
2020/08/04 16:41:31.956 [C] [panic.go:969]  the request url is  /admin/sys/admin/a/1/b/2
2020/08/04 16:41:31.956 [C] [panic.go:969]  Handler crashed with error can't find templatefile in the path:views/admincontroller/index.tpl
2020/08/04 16:41:31.956 [C] [panic.go:969]  E:/Go/src/runtime/panic.go:969
2020/08/04 16:41:31.956 [C] [panic.go:969]  E:/go_www/pkg/mod/github.com/astaxie/beego@v1.12.2/template.go:75
2020/08/04 16:41:31.956 [C] [panic.go:969]  E:/go_www/pkg/mod/github.com/astaxie/beego@v1.12.2/controller.go:306
2020/08/04 16:41:31.956 [C] [panic.go:969]  E:/go_www/pkg/mod/github.com/astaxie/beego@v1.12.2/controller.go:257
2020/08/04 16:41:31.956 [C] [panic.go:969]  E:/go_www/pkg/mod/github.com/astaxie/beego@v1.12.2/controller.go:237
2020/08/04 16:41:31.956 [C] [panic.go:969]  E:/go_www/pkg/mod/github.com/astaxie/beego@v1.12.2/router.go:903
2020/08/04 16:41:31.956 [C] [panic.go:969]  E:/Go/src/net/http/server.go:2836
2020/08/04 16:41:31.956 [C] [panic.go:969]  E:/Go/src/net/http/server.go:1924
2020/08/04 16:41:31.956 [C] [panic.go:969]  E:/Go/src/runtime/asm_amd64.s:1373
2020/08/04 16:57:05.206 [C] [panic.go:969]  the request url is  /admin/sys/admin/a/1/b/2
2020/08/04 16:57:05.206 [C] [panic.go:969]  Handler crashed with error can't find templatefile in the path:views/admincontroller/index.tpl
2020/08/04 16:57:05.206 [C] [panic.go:969]  E:/Go/src/runtime/panic.go:969
2020/08/04 16:57:05.206 [C] [panic.go:969]  E:/go_www/pkg/mod/github.com/astaxie/beego@v1.12.2/template.go:75
2020/08/04 16:57:05.206 [C] [panic.go:969]  E:/go_www/pkg/mod/github.com/astaxie/beego@v1.12.2/controller.go:306
2020/08/04 16:57:05.206 [C] [panic.go:969]  E:/go_www/pkg/mod/github.com/astaxie/beego@v1.12.2/controller.go:257
2020/08/04 16:57:05.206 [C] [panic.go:969]  E:/go_www/pkg/mod/github.com/astaxie/beego@v1.12.2/controller.go:237
2020/08/04 16:57:05.206 [C] [panic.go:969]  E:/go_www/pkg/mod/github.com/astaxie/beego@v1.12.2/router.go:903
2020/08/04 16:57:05.206 [C] [panic.go:969]  E:/Go/src/net/http/server.go:2836
2020/08/04 16:57:05.206 [C] [panic.go:969]  E:/Go/src/net/http/server.go:1924
2020/08/04 16:57:05.207 [C] [panic.go:969]  E:/Go/src/runtime/asm_amd64.s:1373
2020/08/04 17:44:42.116 [C] [panic.go:969]  the request url is  /admin/sys/admin/a/1/b/2
2020/08/04 17:44:42.116 [C] [panic.go:969]  Handler crashed with error can't find templatefile in the path:views/admincontroller/index.tpl
2020/08/04 17:44:42.116 [C] [panic.go:969]  E:/Go/src/runtime/panic.go:969
2020/08/04 17:44:42.116 [C] [panic.go:969]  E:/go_www/pkg/mod/github.com/astaxie/beego@v1.12.2/template.go:75
2020/08/04 17:44:42.116 [C] [panic.go:969]  E:/go_www/pkg/mod/github.com/astaxie/beego@v1.12.2/controller.go:306
2020/08/04 17:44:42.116 [C] [panic.go:969]  E:/go_www/pkg/mod/github.com/astaxie/beego@v1.12.2/controller.go:257
2020/08/04 17:44:42.116 [C] [panic.go:969]  E:/go_www/pkg/mod/github.com/astaxie/beego@v1.12.2/controller.go:237
2020/08/04 17:44:42.116 [C] [panic.go:969]  E:/go_www/pkg/mod/github.com/astaxie/beego@v1.12.2/router.go:903
2020/08/04 17:44:42.116 [C] [panic.go:969]  E:/Go/src/net/http/server.go:2836
2020/08/04 17:44:42.116 [C] [panic.go:969]  E:/Go/src/net/http/server.go:1924
2020/08/04 17:44:42.116 [C] [panic.go:969]  E:/Go/src/runtime/asm_amd64.s:1373
2020/08/04 17:45:48.070 [C] [panic.go:969]  the request url is  /admin/sys/admin/a/1/b/2
2020/08/04 17:45:48.070 [C] [panic.go:969]  Handler crashed with error can't find templatefile in the path:views/admincontroller/index.tpl
2020/08/04 17:45:48.070 [C] [panic.go:969]  E:/Go/src/runtime/panic.go:969
2020/08/04 17:45:48.070 [C] [panic.go:969]  E:/go_www/pkg/mod/github.com/astaxie/beego@v1.12.2/template.go:75
2020/08/04 17:45:48.070 [C] [panic.go:969]  E:/go_www/pkg/mod/github.com/astaxie/beego@v1.12.2/controller.go:306
2020/08/04 17:45:48.070 [C] [panic.go:969]  E:/go_www/pkg/mod/github.com/astaxie/beego@v1.12.2/controller.go:257
2020/08/04 17:45:48.070 [C] [panic.go:969]  E:/go_www/pkg/mod/github.com/astaxie/beego@v1.12.2/controller.go:237
2020/08/04 17:45:48.070 [C] [panic.go:969]  E:/go_www/pkg/mod/github.com/astaxie/beego@v1.12.2/router.go:903
2020/08/04 17:45:48.070 [C] [panic.go:969]  E:/Go/src/net/http/server.go:2836
2020/08/04 17:45:48.070 [C] [panic.go:969]  E:/Go/src/net/http/server.go:1924
2020/08/04 17:45:48.070 [C] [panic.go:969]  E:/Go/src/runtime/asm_amd64.s:1373
2020/08/05 10:53:12.063 [C] [panic.go:969]  the request url is  /admin/sys/admin/del
2020/08/05 10:53:12.063 [C] [panic.go:969]  Handler crashed with error can't find templatefile in the path:views/admincontroller/del.tpl
2020/08/05 10:53:12.063 [C] [panic.go:969]  E:/Go/src/runtime/panic.go:969
2020/08/05 10:53:12.063 [C] [panic.go:969]  E:/go_www/pkg/mod/github.com/astaxie/beego@v1.12.2/template.go:75
2020/08/05 10:53:12.063 [C] [panic.go:969]  E:/go_www/pkg/mod/github.com/astaxie/beego@v1.12.2/controller.go:306
2020/08/05 10:53:12.063 [C] [panic.go:969]  E:/go_www/pkg/mod/github.com/astaxie/beego@v1.12.2/controller.go:257
2020/08/05 10:53:12.063 [C] [panic.go:969]  E:/go_www/pkg/mod/github.com/astaxie/beego@v1.12.2/controller.go:237
2020/08/05 10:53:12.063 [C] [panic.go:969]  E:/go_www/pkg/mod/github.com/astaxie/beego@v1.12.2/router.go:903
2020/08/05 10:53:12.063 [C] [panic.go:969]  E:/Go/src/net/http/server.go:2836
2020/08/05 10:53:12.063 [C] [panic.go:969]  E:/Go/src/net/http/server.go:1924
2020/08/05 10:53:12.063 [C] [panic.go:969]  E:/Go/src/runtime/asm_amd64.s:1373
2020/08/05 11:08:30.907 [C] [panic.go:969]  the request url is  /admin/sys/admin/del
2020/08/05 11:08:30.907 [C] [panic.go:969]  Handler crashed with error can't find templatefile in the path:views/admincontroller/del.tpl
2020/08/05 11:08:30.907 [C] [panic.go:969]  E:/Go/src/runtime/panic.go:969
2020/08/05 11:08:30.907 [C] [panic.go:969]  E:/go_www/pkg/mod/github.com/astaxie/beego@v1.12.2/template.go:75
2020/08/05 11:08:30.907 [C] [panic.go:969]  E:/go_www/pkg/mod/github.com/astaxie/beego@v1.12.2/controller.go:306
2020/08/05 11:08:30.907 [C] [panic.go:969]  E:/go_www/pkg/mod/github.com/astaxie/beego@v1.12.2/controller.go:257
2020/08/05 11:08:30.907 [C] [panic.go:969]  E:/go_www/pkg/mod/github.com/astaxie/beego@v1.12.2/controller.go:237
2020/08/05 11:08:30.907 [C] [panic.go:969]  E:/go_www/pkg/mod/github.com/astaxie/beego@v1.12.2/router.go:903
2020/08/05 11:08:30.907 [C] [panic.go:969]  E:/Go/src/net/http/server.go:2836
2020/08/05 11:08:30.907 [C] [panic.go:969]  E:/Go/src/net/http/server.go:1924
2020/08/05 11:08:30.908 [C] [panic.go:969]  E:/Go/src/runtime/asm_amd64.s:1373
2020/08/05 14:32:18.007 [C] [panic.go:969]  the request url is  /admin/sys/admin/add
2020/08/05 14:32:18.007 [C] [panic.go:969]  Handler crashed with error can't find templatefile in the path:views/admincontroller/add.tpl
2020/08/05 14:32:18.007 [C] [panic.go:969]  E:/Go/src/runtime/panic.go:969
2020/08/05 14:32:18.007 [C] [panic.go:969]  E:/go_www/pkg/mod/github.com/astaxie/beego@v1.12.2/template.go:75
2020/08/05 14:32:18.007 [C] [panic.go:969]  E:/go_www/pkg/mod/github.com/astaxie/beego@v1.12.2/controller.go:306
2020/08/05 14:32:18.007 [C] [panic.go:969]  E:/go_www/pkg/mod/github.com/astaxie/beego@v1.12.2/controller.go:257
2020/08/05 14:32:18.007 [C] [panic.go:969]  E:/go_www/pkg/mod/github.com/astaxie/beego@v1.12.2/controller.go:237
2020/08/05 14:32:18.007 [C] [panic.go:969]  E:/go_www/pkg/mod/github.com/astaxie/beego@v1.12.2/router.go:903
2020/08/05 14:32:18.007 [C] [panic.go:969]  E:/Go/src/net/http/server.go:2836
2020/08/05 14:32:18.007 [C] [panic.go:969]  E:/Go/src/net/http/server.go:1924
2020/08/05 14:32:18.007 [C] [panic.go:969]  E:/Go/src/runtime/asm_amd64.s:1373
2020/08/05 14:38:16.560 [C] [panic.go:969]  the request url is  /admin/sys/admin/add
2020/08/05 14:38:16.560 [C] [panic.go:969]  Handler crashed with error can't find templatefile in the path:views/admincontroller/add.tpl
2020/08/05 14:38:16.560 [C] [panic.go:969]  E:/Go/src/runtime/panic.go:969
2020/08/05 14:38:16.560 [C] [panic.go:969]  E:/go_www/pkg/mod/github.com/astaxie/beego@v1.12.2/template.go:75
2020/08/05 14:38:16.560 [C] [panic.go:969]  E:/go_www/pkg/mod/github.com/astaxie/beego@v1.12.2/controller.go:306
2020/08/05 14:38:16.560 [C] [panic.go:969]  E:/go_www/pkg/mod/github.com/astaxie/beego@v1.12.2/controller.go:257
2020/08/05 14:38:16.560 [C] [panic.go:969]  E:/go_www/pkg/mod/github.com/astaxie/beego@v1.12.2/controller.go:237
2020/08/05 14:38:16.560 [C] [panic.go:969]  E:/go_www/pkg/mod/github.com/astaxie/beego@v1.12.2/router.go:903
2020/08/05 14:38:16.560 [C] [panic.go:969]  E:/Go/src/net/http/server.go:2836
2020/08/05 14:38:16.560 [C] [panic.go:969]  E:/Go/src/net/http/server.go:1924
2020/08/05 14:38:16.560 [C] [panic.go:969]  E:/Go/src/runtime/asm_amd64.s:1373
2020/08/05 14:38:37.454 [C] [panic.go:969]  the request url is  /admin/sys/admin/add
2020/08/05 14:38:37.454 [C] [panic.go:969]  Handler crashed with error can't find templatefile in the path:views/admincontroller/add.tpl
2020/08/05 14:38:37.454 [C] [panic.go:969]  E:/Go/src/runtime/panic.go:969
2020/08/05 14:38:37.454 [C] [panic.go:969]  E:/go_www/pkg/mod/github.com/astaxie/beego@v1.12.2/template.go:75
2020/08/05 14:38:37.454 [C] [panic.go:969]  E:/go_www/pkg/mod/github.com/astaxie/beego@v1.12.2/controller.go:306
2020/08/05 14:38:37.454 [C] [panic.go:969]  E:/go_www/pkg/mod/github.com/astaxie/beego@v1.12.2/controller.go:257
2020/08/05 14:38:37.454 [C] [panic.go:969]  E:/go_www/pkg/mod/github.com/astaxie/beego@v1.12.2/controller.go:237
2020/08/05 14:38:37.454 [C] [panic.go:969]  E:/go_www/pkg/mod/github.com/astaxie/beego@v1.12.2/router.go:903
2020/08/05 14:38:37.454 [C] [panic.go:969]  E:/Go/src/net/http/server.go:2836
2020/08/05 14:38:37.454 [C] [panic.go:969]  E:/Go/src/net/http/server.go:1924
2020/08/05 14:38:37.454 [C] [panic.go:969]  E:/Go/src/runtime/asm_amd64.s:1373
2020/08/05 14:39:03.107 [C] [panic.go:969]  the request url is  /admin/sys/admin/add
2020/08/05 14:39:03.107 [C] [panic.go:969]  Handler crashed with error can't find templatefile in the path:views/admincontroller/add.tpl
2020/08/05 14:39:03.107 [C] [panic.go:969]  E:/Go/src/runtime/panic.go:969
2020/08/05 14:39:03.107 [C] [panic.go:969]  E:/go_www/pkg/mod/github.com/astaxie/beego@v1.12.2/template.go:75
2020/08/05 14:39:03.107 [C] [panic.go:969]  E:/go_www/pkg/mod/github.com/astaxie/beego@v1.12.2/controller.go:306
2020/08/05 14:39:03.107 [C] [panic.go:969]  E:/go_www/pkg/mod/github.com/astaxie/beego@v1.12.2/controller.go:257
2020/08/05 14:39:03.107 [C] [panic.go:969]  E:/go_www/pkg/mod/github.com/astaxie/beego@v1.12.2/controller.go:237
2020/08/05 14:39:03.107 [C] [panic.go:969]  E:/go_www/pkg/mod/github.com/astaxie/beego@v1.12.2/router.go:903
2020/08/05 14:39:03.107 [C] [panic.go:969]  E:/Go/src/net/http/server.go:2836
2020/08/05 14:39:03.107 [C] [panic.go:969]  E:/Go/src/net/http/server.go:1924
2020/08/05 14:39:03.107 [C] [panic.go:969]  E:/Go/src/runtime/asm_amd64.s:1373
2020/08/05 15:10:23.775 [C] [panic.go:969]  the request url is  /admin/sys/admin/edit/12
2020/08/05 15:10:23.775 [C] [panic.go:969]  Handler crashed with error can't find templatefile in the path:views/admincontroller/edit.tpl
2020/08/05 15:10:23.775 [C] [panic.go:969]  E:/Go/src/runtime/panic.go:969
2020/08/05 15:10:23.775 [C] [panic.go:969]  E:/go_www/pkg/mod/github.com/astaxie/beego@v1.12.2/template.go:75
2020/08/05 15:10:23.775 [C] [panic.go:969]  E:/go_www/pkg/mod/github.com/astaxie/beego@v1.12.2/controller.go:306
2020/08/05 15:10:23.775 [C] [panic.go:969]  E:/go_www/pkg/mod/github.com/astaxie/beego@v1.12.2/controller.go:257
2020/08/05 15:10:23.775 [C] [panic.go:969]  E:/go_www/pkg/mod/github.com/astaxie/beego@v1.12.2/controller.go:237
2020/08/05 15:10:23.775 [C] [panic.go:969]  E:/go_www/pkg/mod/github.com/astaxie/beego@v1.12.2/router.go:903
2020/08/05 15:10:23.775 [C] [panic.go:969]  E:/Go/src/net/http/server.go:2836
2020/08/05 15:10:23.775 [C] [panic.go:969]  E:/Go/src/net/http/server.go:1924
2020/08/05 15:10:23.775 [C] [panic.go:969]  E:/Go/src/runtime/asm_amd64.s:1373
2020/08/05 15:11:06.371 [C] [panic.go:969]  the request url is  /admin/sys/admin/edit/12
2020/08/05 15:11:06.371 [C] [panic.go:969]  Handler crashed with error can't find templatefile in the path:views/admincontroller/edit.tpl
2020/08/05 15:11:06.371 [C] [panic.go:969]  E:/Go/src/runtime/panic.go:969
2020/08/05 15:11:06.371 [C] [panic.go:969]  E:/go_www/pkg/mod/github.com/astaxie/beego@v1.12.2/template.go:75
2020/08/05 15:11:06.371 [C] [panic.go:969]  E:/go_www/pkg/mod/github.com/astaxie/beego@v1.12.2/controller.go:306
2020/08/05 15:11:06.371 [C] [panic.go:969]  E:/go_www/pkg/mod/github.com/astaxie/beego@v1.12.2/controller.go:257
2020/08/05 15:11:06.371 [C] [panic.go:969]  E:/go_www/pkg/mod/github.com/astaxie/beego@v1.12.2/controller.go:237
2020/08/05 15:11:06.371 [C] [panic.go:969]  E:/go_www/pkg/mod/github.com/astaxie/beego@v1.12.2/router.go:903
2020/08/05 15:11:06.371 [C] [panic.go:969]  E:/Go/src/net/http/server.go:2836
2020/08/05 15:11:06.371 [C] [panic.go:969]  E:/Go/src/net/http/server.go:1924
2020/08/05 15:11:06.371 [C] [panic.go:969]  E:/Go/src/runtime/asm_amd64.s:1373
2020/08/05 15:13:33.435 [C] [panic.go:969]  the request url is  /admin/sys/admin/edit/12
2020/08/05 15:13:33.435 [C] [panic.go:969]  Handler crashed with error can't find templatefile in the path:views/admincontroller/edit.tpl
2020/08/05 15:13:33.435 [C] [panic.go:969]  E:/Go/src/runtime/panic.go:969
2020/08/05 15:13:33.435 [C] [panic.go:969]  E:/go_www/pkg/mod/github.com/astaxie/beego@v1.12.2/template.go:75
2020/08/05 15:13:33.435 [C] [panic.go:969]  E:/go_www/pkg/mod/github.com/astaxie/beego@v1.12.2/controller.go:306
2020/08/05 15:13:33.435 [C] [panic.go:969]  E:/go_www/pkg/mod/github.com/astaxie/beego@v1.12.2/controller.go:257
2020/08/05 15:13:33.435 [C] [panic.go:969]  E:/go_www/pkg/mod/github.com/astaxie/beego@v1.12.2/controller.go:237
2020/08/05 15:13:33.435 [C] [panic.go:969]  E:/go_www/pkg/mod/github.com/astaxie/beego@v1.12.2/router.go:903
2020/08/05 15:13:33.435 [C] [panic.go:969]  E:/Go/src/net/http/server.go:2836
2020/08/05 15:13:33.435 [C] [panic.go:969]  E:/Go/src/net/http/server.go:1924
2020/08/05 15:13:33.435 [C] [panic.go:969]  E:/Go/src/runtime/asm_amd64.s:1373
2020/08/05 16:01:41.214 [C] [panic.go:969]  the request url is  /admin/sys/admin/edit/12
2020/08/05 16:01:41.214 [C] [panic.go:969]  Handler crashed with error can't find templatefile in the path:views/admincontroller/edit.tpl
2020/08/05 16:01:41.214 [C] [panic.go:969]  E:/Go/src/runtime/panic.go:969
2020/08/05 16:01:41.214 [C] [panic.go:969]  E:/go_www/pkg/mod/github.com/astaxie/beego@v1.12.2/template.go:75
2020/08/05 16:01:41.214 [C] [panic.go:969]  E:/go_www/pkg/mod/github.com/astaxie/beego@v1.12.2/controller.go:306
2020/08/05 16:01:41.214 [C] [panic.go:969]  E:/go_www/pkg/mod/github.com/astaxie/beego@v1.12.2/controller.go:257
2020/08/05 16:01:41.214 [C] [panic.go:969]  E:/go_www/pkg/mod/github.com/astaxie/beego@v1.12.2/controller.go:237
2020/08/05 16:01:41.214 [C] [panic.go:969]  E:/go_www/pkg/mod/github.com/astaxie/beego@v1.12.2/router.go:903
2020/08/05 16:01:41.214 [C] [panic.go:969]  E:/Go/src/net/http/server.go:2836
2020/08/05 16:01:41.214 [C] [panic.go:969]  E:/Go/src/net/http/server.go:1924
2020/08/05 16:01:41.214 [C] [panic.go:969]  E:/Go/src/runtime/asm_amd64.s:1373
2020/08/05 16:23:41.657 [C] [panic.go:969]  the request url is  /admin/sys/admin/edit/12
2020/08/05 16:23:41.657 [C] [panic.go:969]  Handler crashed with error runtime error: invalid memory address or nil pointer dereference
2020/08/05 16:23:41.657 [C] [panic.go:969]  E:/Go/src/runtime/panic.go:969
2020/08/05 16:23:41.657 [C] [panic.go:969]  E:/Go/src/runtime/panic.go:212
2020/08/05 16:23:41.657 [C] [panic.go:969]  E:/Go/src/runtime/signal_windows.go:246
2020/08/05 16:23:41.657 [C] [panic.go:969]  E:/Go/src/fmt/print.go:265
2020/08/05 16:23:41.657 [C] [panic.go:969]  E:/go_www/src/world/controllers/Admin/AdminController.go:110
2020/08/05 16:23:41.657 [C] [panic.go:969]  E:/Go/src/reflect/value.go:460
2020/08/05 16:23:41.657 [C] [panic.go:969]  E:/Go/src/reflect/value.go:321
2020/08/05 16:23:41.657 [C] [panic.go:969]  E:/go_www/pkg/mod/github.com/astaxie/beego@v1.12.2/router.go:891
2020/08/05 16:23:41.657 [C] [panic.go:969]  E:/Go/src/net/http/server.go:2836
2020/08/05 16:23:41.657 [C] [panic.go:969]  E:/Go/src/net/http/server.go:1924
2020/08/05 16:23:41.657 [C] [panic.go:969]  E:/Go/src/runtime/asm_amd64.s:1373
2020/08/05 16:24:21.340 [C] [panic.go:969]  the request url is  /admin/sys/admin/edit/12
2020/08/05 16:24:21.340 [C] [panic.go:969]  Handler crashed with error runtime error: invalid memory address or nil pointer dereference
2020/08/05 16:24:21.340 [C] [panic.go:969]  E:/Go/src/runtime/panic.go:969
2020/08/05 16:24:21.340 [C] [panic.go:969]  E:/Go/src/runtime/panic.go:212
2020/08/05 16:24:21.340 [C] [panic.go:969]  E:/Go/src/runtime/signal_windows.go:246
2020/08/05 16:24:21.340 [C] [panic.go:969]  E:/Go/src/fmt/print.go:265
2020/08/05 16:24:21.340 [C] [panic.go:969]  E:/go_www/src/world/controllers/Admin/AdminController.go:110
2020/08/05 16:24:21.340 [C] [panic.go:969]  E:/Go/src/reflect/value.go:460
2020/08/05 16:24:21.340 [C] [panic.go:969]  E:/Go/src/reflect/value.go:321
2020/08/05 16:24:21.340 [C] [panic.go:969]  E:/go_www/pkg/mod/github.com/astaxie/beego@v1.12.2/router.go:891
2020/08/05 16:24:21.340 [C] [panic.go:969]  E:/Go/src/net/http/server.go:2836
2020/08/05 16:24:21.340 [C] [panic.go:969]  E:/Go/src/net/http/server.go:1924
2020/08/05 16:24:21.340 [C] [panic.go:969]  E:/Go/src/runtime/asm_amd64.s:1373
2020/08/05 16:24:22.129 [C] [panic.go:969]  the request url is  /admin/sys/admin/edit/12
2020/08/05 16:24:22.129 [C] [panic.go:969]  Handler crashed with error runtime error: invalid memory address or nil pointer dereference
2020/08/05 16:24:22.129 [C] [panic.go:969]  E:/Go/src/runtime/panic.go:969
2020/08/05 16:24:22.129 [C] [panic.go:969]  E:/Go/src/runtime/panic.go:212
2020/08/05 16:24:22.129 [C] [panic.go:969]  E:/Go/src/runtime/signal_windows.go:246
2020/08/05 16:24:22.129 [C] [panic.go:969]  E:/Go/src/fmt/print.go:265
2020/08/05 16:24:22.129 [C] [panic.go:969]  E:/go_www/src/world/controllers/Admin/AdminController.go:110
2020/08/05 16:24:22.129 [C] [panic.go:969]  E:/Go/src/reflect/value.go:460
2020/08/05 16:24:22.129 [C] [panic.go:969]  E:/Go/src/reflect/value.go:321
2020/08/05 16:24:22.129 [C] [panic.go:969]  E:/go_www/pkg/mod/github.com/astaxie/beego@v1.12.2/router.go:891
2020/08/05 16:24:22.129 [C] [panic.go:969]  E:/Go/src/net/http/server.go:2836
2020/08/05 16:24:22.129 [C] [panic.go:969]  E:/Go/src/net/http/server.go:1924
2020/08/05 16:24:22.129 [C] [panic.go:969]  E:/Go/src/runtime/asm_amd64.s:1373
2020/08/05 16:24:22.387 [C] [panic.go:969]  the request url is  /admin/sys/admin/edit/12
2020/08/05 16:24:22.387 [C] [panic.go:969]  Handler crashed with error runtime error: invalid memory address or nil pointer dereference
2020/08/05 16:24:22.387 [C] [panic.go:969]  E:/Go/src/runtime/panic.go:969
2020/08/05 16:24:22.387 [C] [panic.go:969]  E:/Go/src/runtime/panic.go:212
2020/08/05 16:24:22.387 [C] [panic.go:969]  E:/Go/src/runtime/signal_windows.go:246
2020/08/05 16:24:22.387 [C] [panic.go:969]  E:/Go/src/fmt/print.go:265
2020/08/05 16:24:22.387 [C] [panic.go:969]  E:/go_www/src/world/controllers/Admin/AdminController.go:110
2020/08/05 16:24:22.387 [C] [panic.go:969]  E:/Go/src/reflect/value.go:460
2020/08/05 16:24:22.387 [C] [panic.go:969]  E:/Go/src/reflect/value.go:321
2020/08/05 16:24:22.387 [C] [panic.go:969]  E:/go_www/pkg/mod/github.com/astaxie/beego@v1.12.2/router.go:891
2020/08/05 16:24:22.387 [C] [panic.go:969]  E:/Go/src/net/http/server.go:2836
2020/08/05 16:24:22.387 [C] [panic.go:969]  E:/Go/src/net/http/server.go:1924
2020/08/05 16:24:22.387 [C] [panic.go:969]  E:/Go/src/runtime/asm_amd64.s:1373
2020/08/05 16:25:33.731 [C] [panic.go:969]  the request url is  /admin/sys/admin/edit/12
2020/08/05 16:25:33.732 [C] [panic.go:969]  Handler crashed with error runtime error: invalid memory address or nil pointer dereference
2020/08/05 16:25:33.732 [C] [panic.go:969]  E:/Go/src/runtime/panic.go:969
2020/08/05 16:25:33.732 [C] [panic.go:969]  E:/Go/src/runtime/panic.go:212
2020/08/05 16:25:33.732 [C] [panic.go:969]  E:/Go/src/runtime/signal_windows.go:246
2020/08/05 16:25:33.732 [C] [panic.go:969]  E:/Go/src/fmt/print.go:233
2020/08/05 16:25:33.732 [C] [panic.go:969]  E:/go_www/src/world/controllers/Admin/AdminController.go:110
2020/08/05 16:25:33.732 [C] [panic.go:969]  E:/Go/src/reflect/value.go:460
2020/08/05 16:25:33.732 [C] [panic.go:969]  E:/Go/src/reflect/value.go:321
2020/08/05 16:25:33.732 [C] [panic.go:969]  E:/go_www/pkg/mod/github.com/astaxie/beego@v1.12.2/router.go:891
2020/08/05 16:25:33.732 [C] [panic.go:969]  E:/Go/src/net/http/server.go:2836
2020/08/05 16:25:33.732 [C] [panic.go:969]  E:/Go/src/net/http/server.go:1924
2020/08/05 16:25:33.732 [C] [panic.go:969]  E:/Go/src/runtime/asm_amd64.s:1373
2020/08/05 16:25:34.333 [C] [panic.go:969]  the request url is  /admin/sys/admin/edit/12
2020/08/05 16:25:34.333 [C] [panic.go:969]  Handler crashed with error runtime error: invalid memory address or nil pointer dereference
2020/08/05 16:25:34.333 [C] [panic.go:969]  E:/Go/src/runtime/panic.go:969
2020/08/05 16:25:34.333 [C] [panic.go:969]  E:/Go/src/runtime/panic.go:212
2020/08/05 16:25:34.333 [C] [panic.go:969]  E:/Go/src/runtime/signal_windows.go:246
2020/08/05 16:25:34.333 [C] [panic.go:969]  E:/Go/src/fmt/print.go:233
2020/08/05 16:25:34.333 [C] [panic.go:969]  E:/go_www/src/world/controllers/Admin/AdminController.go:110
2020/08/05 16:25:34.334 [C] [panic.go:969]  E:/Go/src/reflect/value.go:460
2020/08/05 16:25:34.334 [C] [panic.go:969]  E:/Go/src/reflect/value.go:321
2020/08/05 16:25:34.334 [C] [panic.go:969]  E:/go_www/pkg/mod/github.com/astaxie/beego@v1.12.2/router.go:891
2020/08/05 16:25:34.334 [C] [panic.go:969]  E:/Go/src/net/http/server.go:2836
2020/08/05 16:25:34.334 [C] [panic.go:969]  E:/Go/src/net/http/server.go:1924
2020/08/05 16:25:34.334 [C] [panic.go:969]  E:/Go/src/runtime/asm_amd64.s:1373
2020/08/05 16:25:34.533 [C] [panic.go:969]  the request url is  /admin/sys/admin/edit/12
2020/08/05 16:25:34.533 [C] [panic.go:969]  Handler crashed with error runtime error: invalid memory address or nil pointer dereference
2020/08/05 16:25:34.533 [C] [panic.go:969]  E:/Go/src/runtime/panic.go:969
2020/08/05 16:25:34.533 [C] [panic.go:969]  E:/Go/src/runtime/panic.go:212
2020/08/05 16:25:34.533 [C] [panic.go:969]  E:/Go/src/runtime/signal_windows.go:246
2020/08/05 16:25:34.533 [C] [panic.go:969]  E:/Go/src/fmt/print.go:233
2020/08/05 16:25:34.533 [C] [panic.go:969]  E:/go_www/src/world/controllers/Admin/AdminController.go:110
2020/08/05 16:25:34.533 [C] [panic.go:969]  E:/Go/src/reflect/value.go:460
2020/08/05 16:25:34.533 [C] [panic.go:969]  E:/Go/src/reflect/value.go:321
2020/08/05 16:25:34.533 [C] [panic.go:969]  E:/go_www/pkg/mod/github.com/astaxie/beego@v1.12.2/router.go:891
2020/08/05 16:25:34.533 [C] [panic.go:969]  E:/Go/src/net/http/server.go:2836
2020/08/05 16:25:34.533 [C] [panic.go:969]  E:/Go/src/net/http/server.go:1924
2020/08/05 16:25:34.533 [C] [panic.go:969]  E:/Go/src/runtime/asm_amd64.s:1373
2020/08/05 17:39:42.195 [C] [panic.go:969]  the request url is  /admin/sys/admin/edit/12
2020/08/05 17:39:42.195 [C] [panic.go:969]  Handler crashed with error interface conversion: error is *validator.InvalidValidationError, not validator.ValidationErrors
2020/08/05 17:39:42.195 [C] [panic.go:969]  E:/Go/src/runtime/panic.go:969
2020/08/05 17:39:42.195 [C] [panic.go:969]  E:/Go/src/runtime/iface.go:260
2020/08/05 17:39:42.195 [C] [panic.go:969]  E:/Go/src/runtime/iface.go:270
2020/08/05 17:39:42.195 [C] [panic.go:969]  E:/go_www/src/world/controllers/Admin/AdminController.go:122
2020/08/05 17:39:42.195 [C] [panic.go:969]  E:/Go/src/reflect/value.go:460
2020/08/05 17:39:42.195 [C] [panic.go:969]  E:/Go/src/reflect/value.go:321
2020/08/05 17:39:42.195 [C] [panic.go:969]  E:/go_www/pkg/mod/github.com/astaxie/beego@v1.12.2/router.go:891
2020/08/05 17:39:42.195 [C] [panic.go:969]  E:/Go/src/net/http/server.go:2836
2020/08/05 17:39:42.195 [C] [panic.go:969]  E:/Go/src/net/http/server.go:1924
2020/08/05 17:39:42.195 [C] [panic.go:969]  E:/Go/src/runtime/asm_amd64.s:1373
2020/08/05 17:44:35.171 [C] [panic.go:969]  the request url is  /admin/sys/admin/edit/12
2020/08/05 17:44:35.171 [C] [panic.go:969]  Handler crashed with error interface conversion: error is *validator.InvalidValidationError, not validator.ValidationErrors
2020/08/05 17:44:35.171 [C] [panic.go:969]  E:/Go/src/runtime/panic.go:969
2020/08/05 17:44:35.171 [C] [panic.go:969]  E:/Go/src/runtime/iface.go:260
2020/08/05 17:44:35.171 [C] [panic.go:969]  E:/Go/src/runtime/iface.go:270
2020/08/05 17:44:35.171 [C] [panic.go:969]  E:/go_www/src/world/controllers/Admin/AdminController.go:122
2020/08/05 17:44:35.171 [C] [panic.go:969]  E:/Go/src/reflect/value.go:460
2020/08/05 17:44:35.171 [C] [panic.go:969]  E:/Go/src/reflect/value.go:321
2020/08/05 17:44:35.171 [C] [panic.go:969]  E:/go_www/pkg/mod/github.com/astaxie/beego@v1.12.2/router.go:891
2020/08/05 17:44:35.171 [C] [panic.go:969]  E:/Go/src/net/http/server.go:2836
2020/08/05 17:44:35.171 [C] [panic.go:969]  E:/Go/src/net/http/server.go:1924
2020/08/05 17:44:35.171 [C] [panic.go:969]  E:/Go/src/runtime/asm_amd64.s:1373
2020/08/05 17:45:57.930 [C] [panic.go:969]  the request url is  /admin/sys/admin/edit/12
2020/08/05 17:45:57.930 [C] [panic.go:969]  Handler crashed with error interface conversion: error is *validator.InvalidValidationError, not validator.ValidationErrors
2020/08/05 17:45:57.930 [C] [panic.go:969]  E:/Go/src/runtime/panic.go:969
2020/08/05 17:45:57.930 [C] [panic.go:969]  E:/Go/src/runtime/iface.go:260
2020/08/05 17:45:57.930 [C] [panic.go:969]  E:/Go/src/runtime/iface.go:270
2020/08/05 17:45:57.930 [C] [panic.go:969]  E:/go_www/src/world/controllers/Admin/AdminController.go:123
2020/08/05 17:45:57.930 [C] [panic.go:969]  E:/Go/src/reflect/value.go:460
2020/08/05 17:45:57.930 [C] [panic.go:969]  E:/Go/src/reflect/value.go:321
2020/08/05 17:45:57.930 [C] [panic.go:969]  E:/go_www/pkg/mod/github.com/astaxie/beego@v1.12.2/router.go:891
2020/08/05 17:45:57.930 [C] [panic.go:969]  E:/Go/src/net/http/server.go:2836
2020/08/05 17:45:57.930 [C] [panic.go:969]  E:/Go/src/net/http/server.go:1924
2020/08/05 17:45:57.930 [C] [panic.go:969]  E:/Go/src/runtime/asm_amd64.s:1373
2020/08/05 17:47:09.413 [C] [panic.go:969]  the request url is  /admin/sys/admin/edit/12
2020/08/05 17:47:09.413 [C] [panic.go:969]  Handler crashed with error assignment to entry in nil map
2020/08/05 17:47:09.413 [C] [panic.go:969]  E:/Go/src/runtime/panic.go:969
2020/08/05 17:47:09.413 [C] [panic.go:969]  E:/Go/src/runtime/map_faststr.go:204
2020/08/05 17:47:09.413 [C] [panic.go:969]  E:/go_www/src/world/controllers/Admin/AdminController.go:140
2020/08/05 17:47:09.413 [C] [panic.go:969]  E:/Go/src/reflect/value.go:460
2020/08/05 17:47:09.413 [C] [panic.go:969]  E:/Go/src/reflect/value.go:321
2020/08/05 17:47:09.413 [C] [panic.go:969]  E:/go_www/pkg/mod/github.com/astaxie/beego@v1.12.2/router.go:891
2020/08/05 17:47:09.413 [C] [panic.go:969]  E:/Go/src/net/http/server.go:2836
2020/08/05 17:47:09.413 [C] [panic.go:969]  E:/Go/src/net/http/server.go:1924
2020/08/05 17:47:09.413 [C] [panic.go:969]  E:/Go/src/runtime/asm_amd64.s:1373
